<?xml version="1.0" encoding="UTF-8"?>
<testsuites name="Run all test cases" time="274.621" tests="20" failures="6" errors="0">
   <testsuite name="Run all test cases" tests="20" failures="6" errors="0" time="274.621" timestamp="2020-06-05 15:21:58" hostname="phat - Acer" id="Test Suites/Run all test cases">
      <properties>
         <property name="deviceName" value=""/>
         <property name="devicePlatform" value=""/>
         <property name="logFolder" value="/home/phat/Downloads/katalon/mattermost-webapp/Reports/20200605_152157/Run all test cases/20200605_152157"/>
         <property name="logFiles" value="/home/phat/Downloads/katalon/mattermost-webapp/Reports/20200605_152157/Run all test cases/20200605_152157/execution0.log"/>
         <property name="attachments" value="/home/phat/Downloads/katalon/mattermost-webapp/Reports/20200605_152157/Run all test cases/20200605_152157/1591345349877.png, /home/phat/Downloads/katalon/mattermost-webapp/Reports/20200605_152157/Run all test cases/20200605_152157/1591345400555.png, /home/phat/Downloads/katalon/mattermost-webapp/Reports/20200605_152157/Run all test cases/20200605_152157/1591345413716.png, /home/phat/Downloads/katalon/mattermost-webapp/Reports/20200605_152157/Run all test cases/20200605_152157/1591345472944.png, /home/phat/Downloads/katalon/mattermost-webapp/Reports/20200605_152157/Run all test cases/20200605_152157/1591345521391.png, /home/phat/Downloads/katalon/mattermost-webapp/Reports/20200605_152157/Run all test cases/20200605_152157/1591345577651.png"/>
         <property name="hostName" value="phat - Acer"/>
         <property name="os" value="Linux 64bit"/>
         <property name="katalonVersion" value="7.5.5.1"/>
         <property name="browser" value="Chrome 83.0.4103.97"/>
         <property name="hostAddress" value="127.0.1.1"/>
         <property name="sessionId" value="af4921edf6dd4503343d0b1ea8d9a81e"/>
         <property name="seleniumVersion" value="3.141.59"/>
         <property name="proxyInformation" value="ProxyInformation { proxyOption=NO_PROXY, proxyServerType=HTTP, username=, password=********, proxyServerAddress=, proxyServerPort=0, executionList=\&quot;\&quot;, isApplyToDesiredCapabilities=true }"/>
         <property name="platform" value="Linux"/>
      </properties>
      <testcase name="Test Cases/csv test case/private-channel" time="16.544" classname="Test Cases/csv test case/private-channel" status="PASSED">
         <system-out><![CDATA[2020-06-05 15:21:58 - [TEST_CASE][PASSED] - Test Cases/csv test case/private-channel: Test Cases/csv test case/private-channel

2020-06-05 15:21:59 - [TEST_STEP][PASSED] - openBrowser(""): Browser is opened with url: ''

2020-06-05 15:21:59 - [MESSAGE][INFO] - Starting 'Chrome' driver

2020-06-05 15:21:59 - [MESSAGE][INFO] - Action delay is set to 0 milliseconds

2020-06-05 15:22:00 - [MESSAGE][PASSED] - Browser is opened with url: ''

2020-06-05 15:22:00 - [TEST_STEP][PASSED] - navigateToUrl("https://mattermost-aut.herokuapp.com/login"): Navigate to 'https://mattermost-aut.herokuapp.com/login' successfully

2020-06-05 15:22:04 - [MESSAGE][PASSED] - Navigate to 'https://mattermost-aut.herokuapp.com/login' successfully

2020-06-05 15:22:04 - [TEST_STEP][PASSED] - setText(findTestObject("Data Driven/login/Page_Mattermost/input_All team communication in one place searchable and accessible anywhere_loginId"), "phong1998"): Text 'phong1998' is set on object 'Object Repository/Data Driven/login/Page_Mattermost/input_All team communication in one place searchable and accessible anywhere_loginId'

2020-06-05 15:22:08 - [MESSAGE][PASSED] - Text 'phong1998' is set on object 'Object Repository/Data Driven/login/Page_Mattermost/input_All team communication in one place searchable and accessible anywhere_loginId'

2020-06-05 15:22:08 - [TEST_STEP][PASSED] - setEncryptedText(findTestObject("Data Driven/login/Page_Mattermost/input_All team communication in one place searchable and accessible anywhere_password"), "X6RAMBNCYDQ8H8PMJNlsmQ=="): Text ****** has been set on object 'Object Repository/Data Driven/login/Page_Mattermost/input_All team communication in one place searchable and accessible anywhere_password'

2020-06-05 15:22:09 - [MESSAGE][PASSED] - Text ****** has been set on object 'Object Repository/Data Driven/login/Page_Mattermost/input_All team communication in one place searchable and accessible anywhere_password'

2020-06-05 15:22:09 - [TEST_STEP][PASSED] - click(findTestObject("Data Driven/login/Page_Mattermost/button_Sign in")): Object: 'Object Repository/Data Driven/login/Page_Mattermost/button_Sign in' is clicked on

2020-06-05 15:22:09 - [MESSAGE][PASSED] - Object: 'Object Repository/Data Driven/login/Page_Mattermost/button_Sign in' is clicked on

2020-06-05 15:22:09 - [TEST_STEP][PASSED] - click(findTestObject("Data Driven/private-channel/Page_Town Square - team1612499 Mattermost/span_")): Object: 'Object Repository/Data Driven/private-channel/Page_Town Square - team1612499 Mattermost/span_' is clicked on

2020-06-05 15:22:12 - [MESSAGE][PASSED] - Object: 'Object Repository/Data Driven/private-channel/Page_Town Square - team1612499 Mattermost/span_' is clicked on

2020-06-05 15:22:12 - [TEST_STEP][PASSED] - setText(findTestObject("Data Driven/private-channel/Page_Town Square - team1612499 Mattermost/input_Name_newChannelName"), name): Text '' is set on object 'Object Repository/Data Driven/private-channel/Page_Town Square - team1612499 Mattermost/input_Name_newChannelName'

2020-06-05 15:22:13 - [MESSAGE][PASSED] - Text '' is set on object 'Object Repository/Data Driven/private-channel/Page_Town Square - team1612499 Mattermost/input_Name_newChannelName'

2020-06-05 15:22:13 - [TEST_STEP][PASSED] - setText(findTestObject("Data Driven/private-channel/Page_Town Square - team1612499 Mattermost/textarea_(optional)_newChannelPurpose"), purpose): Text '' is set on object 'Object Repository/Data Driven/private-channel/Page_Town Square - team1612499 Mattermost/textarea_(optional)_newChannelPurpose'

2020-06-05 15:22:14 - [MESSAGE][PASSED] - Text '' is set on object 'Object Repository/Data Driven/private-channel/Page_Town Square - team1612499 Mattermost/textarea_(optional)_newChannelPurpose'

2020-06-05 15:22:14 - [TEST_STEP][PASSED] - setText(findTestObject("Data Driven/private-channel/Page_Town Square - team1612499 Mattermost/textarea_(optional)_newChannelHeader"), header): Text '' is set on object 'Object Repository/Data Driven/private-channel/Page_Town Square - team1612499 Mattermost/textarea_(optional)_newChannelHeader'

2020-06-05 15:22:14 - [MESSAGE][PASSED] - Text '' is set on object 'Object Repository/Data Driven/private-channel/Page_Town Square - team1612499 Mattermost/textarea_(optional)_newChannelHeader'

2020-06-05 15:22:14 - [TEST_STEP][PASSED] - click(findTestObject("Data Driven/private-channel/Page_Town Square - team1612499 Mattermost/span_Create Channel")): Object: 'Object Repository/Data Driven/private-channel/Page_Town Square - team1612499 Mattermost/span_Create Channel' is clicked on

2020-06-05 15:22:15 - [MESSAGE][PASSED] - Object: 'Object Repository/Data Driven/private-channel/Page_Town Square - team1612499 Mattermost/span_Create Channel' is clicked on

2020-06-05 15:22:15 - [TEST_STEP][PASSED] - closeBrowser(): Browser is closed

2020-06-05 15:22:15 - [MESSAGE][PASSED] - Browser is closed]]></system-out>
         <system-err><![CDATA[]]></system-err>
      </testcase>
      <testcase name="Test Cases/csv test case/public-channel" time="14.809" classname="Test Cases/csv test case/public-channel" status="FAILED">
         <failure type="FAILED" message="Test Cases/csv test case/public-channel FAILED.
Reason:
com.kms.katalon.core.exception.StepFailedException: Unable to click on object
	at com.kms.katalon.core.webui.keyword.internal.WebUIKeywordMain.stepFailed(WebUIKeywordMain.groovy:64)
	at com.kms.katalon.core.webui.keyword.internal.WebUIKeywordMain.runKeyword(WebUIKeywordMain.groovy:26)
	at com.kms.katalon.core.webui.keyword.builtin.ClickKeyword.click(ClickKeyword.groovy:76)
	at com.kms.katalon.core.webui.keyword.builtin.ClickKeyword.execute(ClickKeyword.groovy:43)
	at com.kms.katalon.core.keyword.internal.KeywordExecutor.executeKeywordForPlatform(KeywordExecutor.groovy:72)
	at com.kms.katalon.core.webui.keyword.WebUiBuiltInKeywords.click(WebUiBuiltInKeywords.groovy:616)
	at com.kms.katalon.core.webui.keyword.WebUiBuiltInKeywords$click$3.call(Unknown Source)
	at public-channel.run(public-channel:42)
	at com.kms.katalon.core.main.ScriptEngine.run(ScriptEngine.java:194)
	at com.kms.katalon.core.main.ScriptEngine.runScriptAsRawText(ScriptEngine.java:119)
	at com.kms.katalon.core.main.TestCaseExecutor.runScript(TestCaseExecutor.java:337)
	at com.kms.katalon.core.main.TestCaseExecutor.doExecute(TestCaseExecutor.java:328)
	at com.kms.katalon.core.main.TestCaseExecutor.processExecutionPhase(TestCaseExecutor.java:307)
	at com.kms.katalon.core.main.TestCaseExecutor.accessMainPhase(TestCaseExecutor.java:299)
	at com.kms.katalon.core.main.TestCaseExecutor.execute(TestCaseExecutor.java:233)
	at com.kms.katalon.core.main.TestSuiteExecutor.accessTestCaseMainPhase(TestSuiteExecutor.java:169)
	at com.kms.katalon.core.main.TestSuiteExecutor.accessTestSuiteMainPhase(TestSuiteExecutor.java:142)
	at com.kms.katalon.core.main.TestSuiteExecutor.execute(TestSuiteExecutor.java:91)
	at com.kms.katalon.core.main.TestCaseMain.startTestSuite(TestCaseMain.java:157)
	at com.kms.katalon.core.main.TestCaseMain$startTestSuite$0.call(Unknown Source)
	at TempTestSuite1591345317087.run(TempTestSuite1591345317087.groovy:37)
Caused by: java.lang.IllegalArgumentException: Object is null
	at com.kms.katalon.core.helper.KeywordHelper.checkTestObjectParameter(KeywordHelper.java:33)
	at com.kms.katalon.core.webui.keyword.builtin.ClickKeyword$_click_closure1.doCall(ClickKeyword.groovy:65)
	at com.kms.katalon.core.webui.keyword.builtin.ClickKeyword$_click_closure1.call(ClickKeyword.groovy)
	at com.kms.katalon.core.webui.keyword.internal.WebUIKeywordMain.runKeyword(WebUIKeywordMain.groovy:20)
	... 19 more
"/>
         <system-out><![CDATA[2020-06-05 15:22:15 - [TEST_CASE][FAILED] - Test Cases/csv test case/public-channel: Test Cases/csv test case/public-channel FAILED.
Reason:
com.kms.katalon.core.exception.StepFailedException: Unable to click on object
	at com.kms.katalon.core.webui.keyword.internal.WebUIKeywordMain.stepFailed(WebUIKeywordMain.groovy:64)
	at com.kms.katalon.core.webui.keyword.internal.WebUIKeywordMain.runKeyword(WebUIKeywordMain.groovy:26)
	at com.kms.katalon.core.webui.keyword.builtin.ClickKeyword.click(ClickKeyword.groovy:76)
	at com.kms.katalon.core.webui.keyword.builtin.ClickKeyword.execute(ClickKeyword.groovy:43)
	at com.kms.katalon.core.keyword.internal.KeywordExecutor.executeKeywordForPlatform(KeywordExecutor.groovy:72)
	at com.kms.katalon.core.webui.keyword.WebUiBuiltInKeywords.click(WebUiBuiltInKeywords.groovy:616)
	at com.kms.katalon.core.webui.keyword.WebUiBuiltInKeywords$click$3.call(Unknown Source)
	at public-channel.run(public-channel:42)
	at com.kms.katalon.core.main.ScriptEngine.run(ScriptEngine.java:194)
	at com.kms.katalon.core.main.ScriptEngine.runScriptAsRawText(ScriptEngine.java:119)
	at com.kms.katalon.core.main.TestCaseExecutor.runScript(TestCaseExecutor.java:337)
	at com.kms.katalon.core.main.TestCaseExecutor.doExecute(TestCaseExecutor.java:328)
	at com.kms.katalon.core.main.TestCaseExecutor.processExecutionPhase(TestCaseExecutor.java:307)
	at com.kms.katalon.core.main.TestCaseExecutor.accessMainPhase(TestCaseExecutor.java:299)
	at com.kms.katalon.core.main.TestCaseExecutor.execute(TestCaseExecutor.java:233)
	at com.kms.katalon.core.main.TestSuiteExecutor.accessTestCaseMainPhase(TestSuiteExecutor.java:169)
	at com.kms.katalon.core.main.TestSuiteExecutor.accessTestSuiteMainPhase(TestSuiteExecutor.java:142)
	at com.kms.katalon.core.main.TestSuiteExecutor.execute(TestSuiteExecutor.java:91)
	at com.kms.katalon.core.main.TestCaseMain.startTestSuite(TestCaseMain.java:157)
	at com.kms.katalon.core.main.TestCaseMain$startTestSuite$0.call(Unknown Source)
	at TempTestSuite1591345317087.run(TempTestSuite1591345317087.groovy:37)
Caused by: java.lang.IllegalArgumentException: Object is null
	at com.kms.katalon.core.helper.KeywordHelper.checkTestObjectParameter(KeywordHelper.java:33)
	at com.kms.katalon.core.webui.keyword.builtin.ClickKeyword$_click_closure1.doCall(ClickKeyword.groovy:65)
	at com.kms.katalon.core.webui.keyword.builtin.ClickKeyword$_click_closure1.call(ClickKeyword.groovy)
	at com.kms.katalon.core.webui.keyword.internal.WebUIKeywordMain.runKeyword(WebUIKeywordMain.groovy:20)
	... 19 more


2020-06-05 15:22:15 - [TEST_STEP][PASSED] - openBrowser(""): Browser is opened with url: ''

2020-06-05 15:22:15 - [MESSAGE][INFO] - Starting 'Chrome' driver

2020-06-05 15:22:15 - [MESSAGE][INFO] - Action delay is set to 0 milliseconds

2020-06-05 15:22:15 - [MESSAGE][PASSED] - Browser is opened with url: ''

2020-06-05 15:22:15 - [TEST_STEP][PASSED] - navigateToUrl("https://mattermost-aut.herokuapp.com/login"): Navigate to 'https://mattermost-aut.herokuapp.com/login' successfully

2020-06-05 15:22:18 - [MESSAGE][PASSED] - Navigate to 'https://mattermost-aut.herokuapp.com/login' successfully

2020-06-05 15:22:18 - [TEST_STEP][PASSED] - setText(findTestObject("Data Driven/login/Page_Mattermost/input_All team communication in one place searchable and accessible anywhere_loginId"), "phong1998"): Text 'phong1998' is set on object 'Object Repository/Data Driven/login/Page_Mattermost/input_All team communication in one place searchable and accessible anywhere_loginId'

2020-06-05 15:22:22 - [MESSAGE][PASSED] - Text 'phong1998' is set on object 'Object Repository/Data Driven/login/Page_Mattermost/input_All team communication in one place searchable and accessible anywhere_loginId'

2020-06-05 15:22:22 - [TEST_STEP][PASSED] - setEncryptedText(findTestObject("Data Driven/login/Page_Mattermost/input_All team communication in one place searchable and accessible anywhere_password"), "X6RAMBNCYDQ8H8PMJNlsmQ=="): Text ****** has been set on object 'Object Repository/Data Driven/login/Page_Mattermost/input_All team communication in one place searchable and accessible anywhere_password'

2020-06-05 15:22:23 - [MESSAGE][PASSED] - Text ****** has been set on object 'Object Repository/Data Driven/login/Page_Mattermost/input_All team communication in one place searchable and accessible anywhere_password'

2020-06-05 15:22:23 - [TEST_STEP][PASSED] - click(findTestObject("Data Driven/login/Page_Mattermost/button_Sign in")): Object: 'Object Repository/Data Driven/login/Page_Mattermost/button_Sign in' is clicked on

2020-06-05 15:22:24 - [MESSAGE][PASSED] - Object: 'Object Repository/Data Driven/login/Page_Mattermost/button_Sign in' is clicked on

2020-06-05 15:22:24 - [TEST_STEP][PASSED] - click(findTestObject("Data Driven/public-channel/Page_Town Square - team1612499 Mattermost/span_")): Object: 'Object Repository/Data Driven/public-channel/Page_Town Square - team1612499 Mattermost/span_' is clicked on

2020-06-05 15:22:27 - [MESSAGE][PASSED] - Object: 'Object Repository/Data Driven/public-channel/Page_Town Square - team1612499 Mattermost/span_' is clicked on

2020-06-05 15:22:27 - [TEST_STEP][PASSED] - setText(findTestObject("Data Driven/public-channel/Page_Town Square - team1612499 Mattermost/input_Name_newChannelName"), name): Text '' is set on object 'Object Repository/Data Driven/public-channel/Page_Town Square - team1612499 Mattermost/input_Name_newChannelName'

2020-06-05 15:22:28 - [MESSAGE][PASSED] - Text '' is set on object 'Object Repository/Data Driven/public-channel/Page_Town Square - team1612499 Mattermost/input_Name_newChannelName'

2020-06-05 15:22:28 - [TEST_STEP][PASSED] - setText(findTestObject("Data Driven/public-channel/Page_Town Square - team1612499 Mattermost/textarea_(optional)_newChannelPurpose"), purpose): Text '' is set on object 'Object Repository/Data Driven/public-channel/Page_Town Square - team1612499 Mattermost/textarea_(optional)_newChannelPurpose'

2020-06-05 15:22:29 - [MESSAGE][PASSED] - Text '' is set on object 'Object Repository/Data Driven/public-channel/Page_Town Square - team1612499 Mattermost/textarea_(optional)_newChannelPurpose'

2020-06-05 15:22:29 - [TEST_STEP][PASSED] - setText(findTestObject("Data Driven/public-channel/Page_Town Square - team1612499 Mattermost/textarea_(optional)_newChannelHeader"), header): Text '' is set on object 'Object Repository/Data Driven/public-channel/Page_Town Square - team1612499 Mattermost/textarea_(optional)_newChannelHeader'

2020-06-05 15:22:29 - [MESSAGE][PASSED] - Text '' is set on object 'Object Repository/Data Driven/public-channel/Page_Town Square - team1612499 Mattermost/textarea_(optional)_newChannelHeader'

2020-06-05 15:22:29 - [TEST_STEP][FAILED] - click(findTestObject("Page_Town Square - team1612499 Mattermost/span_Create Channel")): Unable to click on object (Root cause: com.kms.katalon.core.exception.StepFailedException: Unable to click on object
	at com.kms.katalon.core.webui.keyword.internal.WebUIKeywordMain.stepFailed(WebUIKeywordMain.groovy:64)
	at com.kms.katalon.core.webui.keyword.internal.WebUIKeywordMain.runKeyword(WebUIKeywordMain.groovy:26)
	at com.kms.katalon.core.webui.keyword.builtin.ClickKeyword.click(ClickKeyword.groovy:76)
	at com.kms.katalon.core.webui.keyword.builtin.ClickKeyword.execute(ClickKeyword.groovy:43)
	at com.kms.katalon.core.keyword.internal.KeywordExecutor.executeKeywordForPlatform(KeywordExecutor.groovy:72)
	at com.kms.katalon.core.webui.keyword.WebUiBuiltInKeywords.click(WebUiBuiltInKeywords.groovy:616)
	at com.kms.katalon.core.webui.keyword.WebUiBuiltInKeywords$click$3.call(Unknown Source)
	at public-channel.run(public-channel:42)
	at com.kms.katalon.core.main.ScriptEngine.run(ScriptEngine.java:194)
	at com.kms.katalon.core.main.ScriptEngine.runScriptAsRawText(ScriptEngine.java:119)
	at com.kms.katalon.core.main.TestCaseExecutor.runScript(TestCaseExecutor.java:337)
	at com.kms.katalon.core.main.TestCaseExecutor.doExecute(TestCaseExecutor.java:328)
	at com.kms.katalon.core.main.TestCaseExecutor.processExecutionPhase(TestCaseExecutor.java:307)
	at com.kms.katalon.core.main.TestCaseExecutor.accessMainPhase(TestCaseExecutor.java:299)
	at com.kms.katalon.core.main.TestCaseExecutor.execute(TestCaseExecutor.java:233)
	at com.kms.katalon.core.main.TestSuiteExecutor.accessTestCaseMainPhase(TestSuiteExecutor.java:169)
	at com.kms.katalon.core.main.TestSuiteExecutor.accessTestSuiteMainPhase(TestSuiteExecutor.java:142)
	at com.kms.katalon.core.main.TestSuiteExecutor.execute(TestSuiteExecutor.java:91)
	at com.kms.katalon.core.main.TestCaseMain.startTestSuite(TestCaseMain.java:157)
	at com.kms.katalon.core.main.TestCaseMain$startTestSuite$0.call(Unknown Source)
	at TempTestSuite1591345317087.run(TempTestSuite1591345317087.groovy:37)
Caused by: java.lang.IllegalArgumentException: Object is null
	at com.kms.katalon.core.helper.KeywordHelper.checkTestObjectParameter(KeywordHelper.java:33)
	at com.kms.katalon.core.webui.keyword.builtin.ClickKeyword$_click_closure1.doCall(ClickKeyword.groovy:65)
	at com.kms.katalon.core.webui.keyword.builtin.ClickKeyword$_click_closure1.call(ClickKeyword.groovy)
	at com.kms.katalon.core.webui.keyword.internal.WebUIKeywordMain.runKeyword(WebUIKeywordMain.groovy:20)
	at com.kms.katalon.core.webui.keyword.builtin.ClickKeyword.click(ClickKeyword.groovy:76)
	at com.kms.katalon.core.webui.keyword.builtin.ClickKeyword.execute(ClickKeyword.groovy:43)
	at com.kms.katalon.core.keyword.internal.KeywordExecutor.executeKeywordForPlatform(KeywordExecutor.groovy:72)
	at com.kms.katalon.core.webui.keyword.WebUiBuiltInKeywords.click(WebUiBuiltInKeywords.groovy:616)
	at com.kms.katalon.core.webui.keyword.WebUiBuiltInKeywords$click$3.call(Unknown Source)
	at Script1591278352537.run(Script1591278352537.groovy:42)
	... 13 more
)

2020-06-05 15:22:29 - [MESSAGE][WARNING] - Test object with id 'Object Repository/Page_Town Square - team1612499 Mattermost/span_Create Channel' does not exist

2020-06-05 15:22:29 - [MESSAGE][WARNING] - Test object with id 'Object Repository/' does not exist

2020-06-05 15:22:30 - [MESSAGE][FAILED] - Unable to click on object (Root cause: com.kms.katalon.core.exception.StepFailedException: Unable to click on object
	at com.kms.katalon.core.webui.keyword.internal.WebUIKeywordMain.stepFailed(WebUIKeywordMain.groovy:64)
	at com.kms.katalon.core.webui.keyword.internal.WebUIKeywordMain.runKeyword(WebUIKeywordMain.groovy:26)
	at com.kms.katalon.core.webui.keyword.builtin.ClickKeyword.click(ClickKeyword.groovy:76)
	at com.kms.katalon.core.webui.keyword.builtin.ClickKeyword.execute(ClickKeyword.groovy:43)
	at com.kms.katalon.core.keyword.internal.KeywordExecutor.executeKeywordForPlatform(KeywordExecutor.groovy:72)
	at com.kms.katalon.core.webui.keyword.WebUiBuiltInKeywords.click(WebUiBuiltInKeywords.groovy:616)
	at com.kms.katalon.core.webui.keyword.WebUiBuiltInKeywords$click$3.call(Unknown Source)
	at public-channel.run(public-channel:42)
	at com.kms.katalon.core.main.ScriptEngine.run(ScriptEngine.java:194)
	at com.kms.katalon.core.main.ScriptEngine.runScriptAsRawText(ScriptEngine.java:119)
	at com.kms.katalon.core.main.TestCaseExecutor.runScript(TestCaseExecutor.java:337)
	at com.kms.katalon.core.main.TestCaseExecutor.doExecute(TestCaseExecutor.java:328)
	at com.kms.katalon.core.main.TestCaseExecutor.processExecutionPhase(TestCaseExecutor.java:307)
	at com.kms.katalon.core.main.TestCaseExecutor.accessMainPhase(TestCaseExecutor.java:299)
	at com.kms.katalon.core.main.TestCaseExecutor.execute(TestCaseExecutor.java:233)
	at com.kms.katalon.core.main.TestSuiteExecutor.accessTestCaseMainPhase(TestSuiteExecutor.java:169)
	at com.kms.katalon.core.main.TestSuiteExecutor.accessTestSuiteMainPhase(TestSuiteExecutor.java:142)
	at com.kms.katalon.core.main.TestSuiteExecutor.execute(TestSuiteExecutor.java:91)
	at com.kms.katalon.core.main.TestCaseMain.startTestSuite(TestCaseMain.java:157)
	at com.kms.katalon.core.main.TestCaseMain$startTestSuite$0.call(Unknown Source)
	at TempTestSuite1591345317087.run(TempTestSuite1591345317087.groovy:37)
Caused by: java.lang.IllegalArgumentException: Object is null
	at com.kms.katalon.core.helper.KeywordHelper.checkTestObjectParameter(KeywordHelper.java:33)
	at com.kms.katalon.core.webui.keyword.builtin.ClickKeyword$_click_closure1.doCall(ClickKeyword.groovy:65)
	at com.kms.katalon.core.webui.keyword.builtin.ClickKeyword$_click_closure1.call(ClickKeyword.groovy)
	at com.kms.katalon.core.webui.keyword.internal.WebUIKeywordMain.runKeyword(WebUIKeywordMain.groovy:20)
	at com.kms.katalon.core.webui.keyword.builtin.ClickKeyword.click(ClickKeyword.groovy:76)
	at com.kms.katalon.core.webui.keyword.builtin.ClickKeyword.execute(ClickKeyword.groovy:43)
	at com.kms.katalon.core.keyword.internal.KeywordExecutor.executeKeywordForPlatform(KeywordExecutor.groovy:72)
	at com.kms.katalon.core.webui.keyword.WebUiBuiltInKeywords.click(WebUiBuiltInKeywords.groovy:616)
	at com.kms.katalon.core.webui.keyword.WebUiBuiltInKeywords$click$3.call(Unknown Source)
	at Script1591278352537.run(Script1591278352537.groovy:42)
	... 13 more
)
[[ATTACHMENT|/home/phat/Downloads/katalon/mattermost-webapp/Reports/20200605_152157/Run all test cases/20200605_152157/1591345349877.png]]]]></system-out>
         <system-err><![CDATA[2020-06-05 15:22:15 - [TEST_CASE][FAILED] - Test Cases/csv test case/public-channel: Test Cases/csv test case/public-channel FAILED.
Reason:
com.kms.katalon.core.exception.StepFailedException: Unable to click on object
	at com.kms.katalon.core.webui.keyword.internal.WebUIKeywordMain.stepFailed(WebUIKeywordMain.groovy:64)
	at com.kms.katalon.core.webui.keyword.internal.WebUIKeywordMain.runKeyword(WebUIKeywordMain.groovy:26)
	at com.kms.katalon.core.webui.keyword.builtin.ClickKeyword.click(ClickKeyword.groovy:76)
	at com.kms.katalon.core.webui.keyword.builtin.ClickKeyword.execute(ClickKeyword.groovy:43)
	at com.kms.katalon.core.keyword.internal.KeywordExecutor.executeKeywordForPlatform(KeywordExecutor.groovy:72)
	at com.kms.katalon.core.webui.keyword.WebUiBuiltInKeywords.click(WebUiBuiltInKeywords.groovy:616)
	at com.kms.katalon.core.webui.keyword.WebUiBuiltInKeywords$click$3.call(Unknown Source)
	at public-channel.run(public-channel:42)
	at com.kms.katalon.core.main.ScriptEngine.run(ScriptEngine.java:194)
	at com.kms.katalon.core.main.ScriptEngine.runScriptAsRawText(ScriptEngine.java:119)
	at com.kms.katalon.core.main.TestCaseExecutor.runScript(TestCaseExecutor.java:337)
	at com.kms.katalon.core.main.TestCaseExecutor.doExecute(TestCaseExecutor.java:328)
	at com.kms.katalon.core.main.TestCaseExecutor.processExecutionPhase(TestCaseExecutor.java:307)
	at com.kms.katalon.core.main.TestCaseExecutor.accessMainPhase(TestCaseExecutor.java:299)
	at com.kms.katalon.core.main.TestCaseExecutor.execute(TestCaseExecutor.java:233)
	at com.kms.katalon.core.main.TestSuiteExecutor.accessTestCaseMainPhase(TestSuiteExecutor.java:169)
	at com.kms.katalon.core.main.TestSuiteExecutor.accessTestSuiteMainPhase(TestSuiteExecutor.java:142)
	at com.kms.katalon.core.main.TestSuiteExecutor.execute(TestSuiteExecutor.java:91)
	at com.kms.katalon.core.main.TestCaseMain.startTestSuite(TestCaseMain.java:157)
	at com.kms.katalon.core.main.TestCaseMain$startTestSuite$0.call(Unknown Source)
	at TempTestSuite1591345317087.run(TempTestSuite1591345317087.groovy:37)
Caused by: java.lang.IllegalArgumentException: Object is null
	at com.kms.katalon.core.helper.KeywordHelper.checkTestObjectParameter(KeywordHelper.java:33)
	at com.kms.katalon.core.webui.keyword.builtin.ClickKeyword$_click_closure1.doCall(ClickKeyword.groovy:65)
	at com.kms.katalon.core.webui.keyword.builtin.ClickKeyword$_click_closure1.call(ClickKeyword.groovy)
	at com.kms.katalon.core.webui.keyword.internal.WebUIKeywordMain.runKeyword(WebUIKeywordMain.groovy:20)
	... 19 more]]></system-err>
      </testcase>
      <testcase name="Test Cases/csv test case/login" time="7.768" classname="Test Cases/csv test case/login" status="PASSED">
         <system-out><![CDATA[2020-06-05 15:22:30 - [TEST_CASE][PASSED] - Test Cases/csv test case/login: Test Cases/csv test case/login

2020-06-05 15:22:30 - [TEST_STEP][PASSED] - openBrowser(""): Browser is opened with url: ''

2020-06-05 15:22:30 - [MESSAGE][WARNING] - A browser is already opened. Closing browser and opening a new one

2020-06-05 15:22:30 - [MESSAGE][INFO] - Starting 'Chrome' driver

2020-06-05 15:22:30 - [MESSAGE][INFO] - Action delay is set to 0 milliseconds

2020-06-05 15:22:30 - [MESSAGE][PASSED] - Browser is opened with url: ''

2020-06-05 15:22:30 - [TEST_STEP][PASSED] - navigateToUrl("https://mattermost-aut.herokuapp.com/login"): Navigate to 'https://mattermost-aut.herokuapp.com/login' successfully

2020-06-05 15:22:33 - [MESSAGE][PASSED] - Navigate to 'https://mattermost-aut.herokuapp.com/login' successfully

2020-06-05 15:22:33 - [TEST_STEP][PASSED] - setText(findTestObject("Data Driven/login/Page_Mattermost/input_All team communication in one place searchable and accessible anywhere_loginId"), username): Text '' is set on object 'Object Repository/Data Driven/login/Page_Mattermost/input_All team communication in one place searchable and accessible anywhere_loginId'

2020-06-05 15:22:37 - [MESSAGE][PASSED] - Text '' is set on object 'Object Repository/Data Driven/login/Page_Mattermost/input_All team communication in one place searchable and accessible anywhere_loginId'

2020-06-05 15:22:37 - [TEST_STEP][PASSED] - setEncryptedText(findTestObject("Data Driven/login/Page_Mattermost/input_All team communication in one place searchable and accessible anywhere_password"), password): Text ****** has been set on object 'Object Repository/Data Driven/login/Page_Mattermost/input_All team communication in one place searchable and accessible anywhere_password'

2020-06-05 15:22:37 - [MESSAGE][PASSED] - Text ****** has been set on object 'Object Repository/Data Driven/login/Page_Mattermost/input_All team communication in one place searchable and accessible anywhere_password'

2020-06-05 15:22:37 - [TEST_STEP][PASSED] - click(findTestObject("Data Driven/login/Page_Mattermost/button_Sign in")): Object: 'Object Repository/Data Driven/login/Page_Mattermost/button_Sign in' is clicked on

2020-06-05 15:22:37 - [MESSAGE][PASSED] - Object: 'Object Repository/Data Driven/login/Page_Mattermost/button_Sign in' is clicked on

2020-06-05 15:22:37 - [TEST_STEP][PASSED] - closeBrowser(): Browser is closed

2020-06-05 15:22:37 - [MESSAGE][PASSED] - Browser is closed]]></system-out>
         <system-err><![CDATA[]]></system-err>
      </testcase>
      <testcase name="Test Cases/csv test case/direct-message" time="15.657" classname="Test Cases/csv test case/direct-message" status="PASSED">
         <system-out><![CDATA[2020-06-05 15:22:37 - [TEST_CASE][PASSED] - Test Cases/csv test case/direct-message: Test Cases/csv test case/direct-message

2020-06-05 15:22:38 - [TEST_STEP][PASSED] - openBrowser(""): Browser is opened with url: ''

2020-06-05 15:22:38 - [MESSAGE][INFO] - Starting 'Chrome' driver

2020-06-05 15:22:38 - [MESSAGE][INFO] - Action delay is set to 0 milliseconds

2020-06-05 15:22:38 - [MESSAGE][PASSED] - Browser is opened with url: ''

2020-06-05 15:22:38 - [TEST_STEP][PASSED] - navigateToUrl("https://mattermost-aut.herokuapp.com/login"): Navigate to 'https://mattermost-aut.herokuapp.com/login' successfully

2020-06-05 15:22:41 - [MESSAGE][PASSED] - Navigate to 'https://mattermost-aut.herokuapp.com/login' successfully

2020-06-05 15:22:41 - [TEST_STEP][PASSED] - setText(findTestObject("Data Driven/login/Page_Mattermost/input_All team communication in one place searchable and accessible anywhere_loginId"), "phong1998"): Text 'phong1998' is set on object 'Object Repository/Data Driven/login/Page_Mattermost/input_All team communication in one place searchable and accessible anywhere_loginId'

2020-06-05 15:22:45 - [MESSAGE][PASSED] - Text 'phong1998' is set on object 'Object Repository/Data Driven/login/Page_Mattermost/input_All team communication in one place searchable and accessible anywhere_loginId'

2020-06-05 15:22:45 - [TEST_STEP][PASSED] - setEncryptedText(findTestObject("Data Driven/login/Page_Mattermost/input_All team communication in one place searchable and accessible anywhere_password"), "X6RAMBNCYDQ8H8PMJNlsmQ=="): Text ****** has been set on object 'Object Repository/Data Driven/login/Page_Mattermost/input_All team communication in one place searchable and accessible anywhere_password'

2020-06-05 15:22:46 - [MESSAGE][PASSED] - Text ****** has been set on object 'Object Repository/Data Driven/login/Page_Mattermost/input_All team communication in one place searchable and accessible anywhere_password'

2020-06-05 15:22:46 - [TEST_STEP][PASSED] - click(findTestObject("Data Driven/login/Page_Mattermost/button_Sign in")): Object: 'Object Repository/Data Driven/login/Page_Mattermost/button_Sign in' is clicked on

2020-06-05 15:22:47 - [MESSAGE][PASSED] - Object: 'Object Repository/Data Driven/login/Page_Mattermost/button_Sign in' is clicked on

2020-06-05 15:22:47 - [TEST_STEP][PASSED] - click(findTestObject("Data Driven/direct-message/Page_Town Square - team1612499 Mattermost/span_")): Object: 'Object Repository/Data Driven/direct-message/Page_Town Square - team1612499 Mattermost/span_' is clicked on

2020-06-05 15:22:50 - [MESSAGE][PASSED] - Object: 'Object Repository/Data Driven/direct-message/Page_Town Square - team1612499 Mattermost/span_' is clicked on

2020-06-05 15:22:50 - [TEST_STEP][PASSED] - click(findTestObject("Data Driven/direct-message/Page_Town Square - team1612499 Mattermost/div_huydoan198gmailcom_more-modal__actions--round")): Object: 'Object Repository/Data Driven/direct-message/Page_Town Square - team1612499 Mattermost/div_huydoan198gmailcom_more-modal__actions--round' is clicked on

2020-06-05 15:22:51 - [MESSAGE][PASSED] - Object: 'Object Repository/Data Driven/direct-message/Page_Town Square - team1612499 Mattermost/div_huydoan198gmailcom_more-modal__actions--round' is clicked on

2020-06-05 15:22:51 - [TEST_STEP][PASSED] - click(findTestObject("Data Driven/direct-message/Page_Town Square - team1612499 Mattermost/span_Go")): Object: 'Object Repository/Data Driven/direct-message/Page_Town Square - team1612499 Mattermost/span_Go' is clicked on

2020-06-05 15:22:51 - [MESSAGE][PASSED] - Object: 'Object Repository/Data Driven/direct-message/Page_Town Square - team1612499 Mattermost/span_Go' is clicked on

2020-06-05 15:22:51 - [TEST_STEP][PASSED] - setText(findTestObject("Data Driven/direct-message/Page_huydoan - team1612499 Mattermost/textarea_Write to huydoan_post_textbox"), message): Text '' is set on object 'Object Repository/Data Driven/direct-message/Page_huydoan - team1612499 Mattermost/textarea_Write to huydoan_post_textbox'

2020-06-05 15:22:53 - [MESSAGE][PASSED] - Text '' is set on object 'Object Repository/Data Driven/direct-message/Page_huydoan - team1612499 Mattermost/textarea_Write to huydoan_post_textbox'

2020-06-05 15:22:53 - [TEST_STEP][PASSED] - closeBrowser(): Browser is closed

2020-06-05 15:22:53 - [MESSAGE][PASSED] - Browser is closed]]></system-out>
         <system-err><![CDATA[]]></system-err>
      </testcase>
      <testcase name="Test Cases/csv test case/full-name" time="15.049" classname="Test Cases/csv test case/full-name" status="PASSED">
         <system-out><![CDATA[2020-06-05 15:22:53 - [TEST_CASE][PASSED] - Test Cases/csv test case/full-name: Test Cases/csv test case/full-name

2020-06-05 15:22:53 - [TEST_STEP][PASSED] - openBrowser(""): Browser is opened with url: ''

2020-06-05 15:22:53 - [MESSAGE][INFO] - Starting 'Chrome' driver

2020-06-05 15:22:53 - [MESSAGE][INFO] - Action delay is set to 0 milliseconds

2020-06-05 15:22:54 - [MESSAGE][PASSED] - Browser is opened with url: ''

2020-06-05 15:22:54 - [TEST_STEP][PASSED] - navigateToUrl("https://mattermost-aut.herokuapp.com/login"): Navigate to 'https://mattermost-aut.herokuapp.com/login' successfully

2020-06-05 15:22:57 - [MESSAGE][PASSED] - Navigate to 'https://mattermost-aut.herokuapp.com/login' successfully

2020-06-05 15:22:57 - [TEST_STEP][PASSED] - setText(findTestObject("Data Driven/login/Page_Mattermost/input_All team communication in one place searchable and accessible anywhere_loginId"), "phong1998"): Text 'phong1998' is set on object 'Object Repository/Data Driven/login/Page_Mattermost/input_All team communication in one place searchable and accessible anywhere_loginId'

2020-06-05 15:23:01 - [MESSAGE][PASSED] - Text 'phong1998' is set on object 'Object Repository/Data Driven/login/Page_Mattermost/input_All team communication in one place searchable and accessible anywhere_loginId'

2020-06-05 15:23:01 - [TEST_STEP][PASSED] - setEncryptedText(findTestObject("Data Driven/login/Page_Mattermost/input_All team communication in one place searchable and accessible anywhere_password"), "X6RAMBNCYDQ8H8PMJNlsmQ=="): Text ****** has been set on object 'Object Repository/Data Driven/login/Page_Mattermost/input_All team communication in one place searchable and accessible anywhere_password'

2020-06-05 15:23:01 - [MESSAGE][PASSED] - Text ****** has been set on object 'Object Repository/Data Driven/login/Page_Mattermost/input_All team communication in one place searchable and accessible anywhere_password'

2020-06-05 15:23:01 - [TEST_STEP][PASSED] - click(findTestObject("Data Driven/login/Page_Mattermost/button_Sign in")): Object: 'Object Repository/Data Driven/login/Page_Mattermost/button_Sign in' is clicked on

2020-06-05 15:23:02 - [MESSAGE][PASSED] - Object: 'Object Repository/Data Driven/login/Page_Mattermost/button_Sign in' is clicked on

2020-06-05 15:23:02 - [TEST_STEP][PASSED] - click(findTestObject("Data Driven/full-name/Page_Town Square - team1612499 Mattermost/span")): Object: 'Object Repository/Data Driven/full-name/Page_Town Square - team1612499 Mattermost/span' is clicked on

2020-06-05 15:23:05 - [MESSAGE][PASSED] - Object: 'Object Repository/Data Driven/full-name/Page_Town Square - team1612499 Mattermost/span' is clicked on

2020-06-05 15:23:05 - [TEST_STEP][PASSED] - click(findTestObject("Data Driven/full-name/Page_Town Square - team1612499 Mattermost/span_Account Settings")): Object: 'Object Repository/Data Driven/full-name/Page_Town Square - team1612499 Mattermost/span_Account Settings' is clicked on

2020-06-05 15:23:06 - [MESSAGE][PASSED] - Object: 'Object Repository/Data Driven/full-name/Page_Town Square - team1612499 Mattermost/span_Account Settings' is clicked on

2020-06-05 15:23:06 - [TEST_STEP][PASSED] - click(findTestObject("Data Driven/full-name/Page_Town Square - team1612499 Mattermost/span_Edit")): Object: 'Object Repository/Data Driven/full-name/Page_Town Square - team1612499 Mattermost/span_Edit' is clicked on

2020-06-05 15:23:06 - [MESSAGE][PASSED] - Object: 'Object Repository/Data Driven/full-name/Page_Town Square - team1612499 Mattermost/span_Edit' is clicked on

2020-06-05 15:23:06 - [TEST_STEP][PASSED] - setText(findTestObject("Data Driven/full-name/Page_Town Square - team1612499 Mattermost/input_First Name_firstName"), first_name): Text '' is set on object 'Object Repository/Data Driven/full-name/Page_Town Square - team1612499 Mattermost/input_First Name_firstName'

2020-06-05 15:23:07 - [MESSAGE][PASSED] - Text '' is set on object 'Object Repository/Data Driven/full-name/Page_Town Square - team1612499 Mattermost/input_First Name_firstName'

2020-06-05 15:23:07 - [TEST_STEP][PASSED] - setText(findTestObject("Data Driven/full-name/Page_Town Square - team1612499 Mattermost/input_Last Name_lastName"), last_name): Text '' is set on object 'Object Repository/Data Driven/full-name/Page_Town Square - team1612499 Mattermost/input_Last Name_lastName'

2020-06-05 15:23:08 - [MESSAGE][PASSED] - Text '' is set on object 'Object Repository/Data Driven/full-name/Page_Town Square - team1612499 Mattermost/input_Last Name_lastName'

2020-06-05 15:23:08 - [TEST_STEP][PASSED] - click(findTestObject("Data Driven/full-name/Page_Town Square - team1612499 Mattermost/span_Save")): Object: 'Object Repository/Data Driven/full-name/Page_Town Square - team1612499 Mattermost/span_Save' is clicked on

2020-06-05 15:23:08 - [MESSAGE][PASSED] - Object: 'Object Repository/Data Driven/full-name/Page_Town Square - team1612499 Mattermost/span_Save' is clicked on

2020-06-05 15:23:08 - [TEST_STEP][PASSED] - closeBrowser(): Browser is closed

2020-06-05 15:23:08 - [MESSAGE][PASSED] - Browser is closed]]></system-out>
         <system-err><![CDATA[]]></system-err>
      </testcase>
      <testcase name="Test Cases/internal data test case/email" time="12.18" classname="Test Cases/internal data test case/email" status="FAILED">
         <failure type="FAILED" message="Test Cases/internal data test case/email FAILED.
Reason:
com.kms.katalon.core.exception.StepFailedException: Unable to click on object
	at com.kms.katalon.core.webui.keyword.internal.WebUIKeywordMain.stepFailed(WebUIKeywordMain.groovy:64)
	at com.kms.katalon.core.webui.keyword.internal.WebUIKeywordMain.runKeyword(WebUIKeywordMain.groovy:26)
	at com.kms.katalon.core.webui.keyword.builtin.ClickKeyword.click(ClickKeyword.groovy:76)
	at com.kms.katalon.core.webui.keyword.builtin.ClickKeyword.execute(ClickKeyword.groovy:43)
	at com.kms.katalon.core.keyword.internal.KeywordExecutor.executeKeywordForPlatform(KeywordExecutor.groovy:72)
	at com.kms.katalon.core.webui.keyword.WebUiBuiltInKeywords.click(WebUiBuiltInKeywords.groovy:616)
	at com.kms.katalon.core.webui.keyword.WebUiBuiltInKeywords$click$3.call(Unknown Source)
	at email.run(email:34)
	at com.kms.katalon.core.main.ScriptEngine.run(ScriptEngine.java:194)
	at com.kms.katalon.core.main.ScriptEngine.runScriptAsRawText(ScriptEngine.java:119)
	at com.kms.katalon.core.main.TestCaseExecutor.runScript(TestCaseExecutor.java:337)
	at com.kms.katalon.core.main.TestCaseExecutor.doExecute(TestCaseExecutor.java:328)
	at com.kms.katalon.core.main.TestCaseExecutor.processExecutionPhase(TestCaseExecutor.java:307)
	at com.kms.katalon.core.main.TestCaseExecutor.accessMainPhase(TestCaseExecutor.java:299)
	at com.kms.katalon.core.main.TestCaseExecutor.execute(TestCaseExecutor.java:233)
	at com.kms.katalon.core.main.TestSuiteExecutor.accessTestCaseMainPhase(TestSuiteExecutor.java:169)
	at com.kms.katalon.core.main.TestSuiteExecutor.accessTestSuiteMainPhase(TestSuiteExecutor.java:142)
	at com.kms.katalon.core.main.TestSuiteExecutor.execute(TestSuiteExecutor.java:91)
	at com.kms.katalon.core.main.TestCaseMain.startTestSuite(TestCaseMain.java:157)
	at com.kms.katalon.core.main.TestCaseMain$startTestSuite$0.call(Unknown Source)
	at TempTestSuite1591345317087.run(TempTestSuite1591345317087.groovy:37)
Caused by: java.lang.IllegalArgumentException: Object is null
	at com.kms.katalon.core.helper.KeywordHelper.checkTestObjectParameter(KeywordHelper.java:33)
	at com.kms.katalon.core.webui.keyword.builtin.ClickKeyword$_click_closure1.doCall(ClickKeyword.groovy:65)
	at com.kms.katalon.core.webui.keyword.builtin.ClickKeyword$_click_closure1.call(ClickKeyword.groovy)
	at com.kms.katalon.core.webui.keyword.internal.WebUIKeywordMain.runKeyword(WebUIKeywordMain.groovy:20)
	... 19 more
"/>
         <system-out><![CDATA[2020-06-05 15:23:08 - [TEST_CASE][FAILED] - Test Cases/internal data test case/email: Test Cases/internal data test case/email FAILED.
Reason:
com.kms.katalon.core.exception.StepFailedException: Unable to click on object
	at com.kms.katalon.core.webui.keyword.internal.WebUIKeywordMain.stepFailed(WebUIKeywordMain.groovy:64)
	at com.kms.katalon.core.webui.keyword.internal.WebUIKeywordMain.runKeyword(WebUIKeywordMain.groovy:26)
	at com.kms.katalon.core.webui.keyword.builtin.ClickKeyword.click(ClickKeyword.groovy:76)
	at com.kms.katalon.core.webui.keyword.builtin.ClickKeyword.execute(ClickKeyword.groovy:43)
	at com.kms.katalon.core.keyword.internal.KeywordExecutor.executeKeywordForPlatform(KeywordExecutor.groovy:72)
	at com.kms.katalon.core.webui.keyword.WebUiBuiltInKeywords.click(WebUiBuiltInKeywords.groovy:616)
	at com.kms.katalon.core.webui.keyword.WebUiBuiltInKeywords$click$3.call(Unknown Source)
	at email.run(email:34)
	at com.kms.katalon.core.main.ScriptEngine.run(ScriptEngine.java:194)
	at com.kms.katalon.core.main.ScriptEngine.runScriptAsRawText(ScriptEngine.java:119)
	at com.kms.katalon.core.main.TestCaseExecutor.runScript(TestCaseExecutor.java:337)
	at com.kms.katalon.core.main.TestCaseExecutor.doExecute(TestCaseExecutor.java:328)
	at com.kms.katalon.core.main.TestCaseExecutor.processExecutionPhase(TestCaseExecutor.java:307)
	at com.kms.katalon.core.main.TestCaseExecutor.accessMainPhase(TestCaseExecutor.java:299)
	at com.kms.katalon.core.main.TestCaseExecutor.execute(TestCaseExecutor.java:233)
	at com.kms.katalon.core.main.TestSuiteExecutor.accessTestCaseMainPhase(TestSuiteExecutor.java:169)
	at com.kms.katalon.core.main.TestSuiteExecutor.accessTestSuiteMainPhase(TestSuiteExecutor.java:142)
	at com.kms.katalon.core.main.TestSuiteExecutor.execute(TestSuiteExecutor.java:91)
	at com.kms.katalon.core.main.TestCaseMain.startTestSuite(TestCaseMain.java:157)
	at com.kms.katalon.core.main.TestCaseMain$startTestSuite$0.call(Unknown Source)
	at TempTestSuite1591345317087.run(TempTestSuite1591345317087.groovy:37)
Caused by: java.lang.IllegalArgumentException: Object is null
	at com.kms.katalon.core.helper.KeywordHelper.checkTestObjectParameter(KeywordHelper.java:33)
	at com.kms.katalon.core.webui.keyword.builtin.ClickKeyword$_click_closure1.doCall(ClickKeyword.groovy:65)
	at com.kms.katalon.core.webui.keyword.builtin.ClickKeyword$_click_closure1.call(ClickKeyword.groovy)
	at com.kms.katalon.core.webui.keyword.internal.WebUIKeywordMain.runKeyword(WebUIKeywordMain.groovy:20)
	... 19 more


2020-06-05 15:23:08 - [TEST_STEP][PASSED] - openBrowser(""): Browser is opened with url: ''

2020-06-05 15:23:08 - [MESSAGE][INFO] - Starting 'Chrome' driver

2020-06-05 15:23:08 - [MESSAGE][INFO] - Action delay is set to 0 milliseconds

2020-06-05 15:23:09 - [MESSAGE][PASSED] - Browser is opened with url: ''

2020-06-05 15:23:09 - [TEST_STEP][PASSED] - navigateToUrl("https://mattermost-aut.herokuapp.com/login"): Navigate to 'https://mattermost-aut.herokuapp.com/login' successfully

2020-06-05 15:23:12 - [MESSAGE][PASSED] - Navigate to 'https://mattermost-aut.herokuapp.com/login' successfully

2020-06-05 15:23:12 - [TEST_STEP][PASSED] - setText(findTestObject("Data Driven/nickname/Page_Mattermost/input_All team communication in one place searchable and accessible anywhere_loginId"), "phong1998"): Text 'phong1998' is set on object 'Object Repository/Data Driven/nickname/Page_Mattermost/input_All team communication in one place searchable and accessible anywhere_loginId'

2020-06-05 15:23:16 - [MESSAGE][PASSED] - Text 'phong1998' is set on object 'Object Repository/Data Driven/nickname/Page_Mattermost/input_All team communication in one place searchable and accessible anywhere_loginId'

2020-06-05 15:23:16 - [TEST_STEP][PASSED] - setEncryptedText(findTestObject("Data Driven/nickname/Page_Mattermost/input_All team communication in one place searchable and accessible anywhere_password"), "X6RAMBNCYDQ8H8PMJNlsmQ=="): Text ****** has been set on object 'Object Repository/Data Driven/nickname/Page_Mattermost/input_All team communication in one place searchable and accessible anywhere_password'

2020-06-05 15:23:16 - [MESSAGE][PASSED] - Text ****** has been set on object 'Object Repository/Data Driven/nickname/Page_Mattermost/input_All team communication in one place searchable and accessible anywhere_password'

2020-06-05 15:23:16 - [TEST_STEP][PASSED] - click(findTestObject("Data Driven/nickname/Page_Mattermost/span_Sign in")): Object: 'Object Repository/Data Driven/nickname/Page_Mattermost/span_Sign in' is clicked on

2020-06-05 15:23:17 - [MESSAGE][PASSED] - Object: 'Object Repository/Data Driven/nickname/Page_Mattermost/span_Sign in' is clicked on

2020-06-05 15:23:17 - [TEST_STEP][PASSED] - click(findTestObject("Data Driven/position/Page_Town Square - team1612499 Mattermost/span")): Object: 'Object Repository/Data Driven/position/Page_Town Square - team1612499 Mattermost/span' is clicked on

2020-06-05 15:23:20 - [MESSAGE][PASSED] - Object: 'Object Repository/Data Driven/position/Page_Town Square - team1612499 Mattermost/span' is clicked on

2020-06-05 15:23:20 - [TEST_STEP][FAILED] - click(findTestObject("Page_Town Square - team1612499 Mattermost/span_Account Settings")): Unable to click on object (Root cause: com.kms.katalon.core.exception.StepFailedException: Unable to click on object
	at com.kms.katalon.core.webui.keyword.internal.WebUIKeywordMain.stepFailed(WebUIKeywordMain.groovy:64)
	at com.kms.katalon.core.webui.keyword.internal.WebUIKeywordMain.runKeyword(WebUIKeywordMain.groovy:26)
	at com.kms.katalon.core.webui.keyword.builtin.ClickKeyword.click(ClickKeyword.groovy:76)
	at com.kms.katalon.core.webui.keyword.builtin.ClickKeyword.execute(ClickKeyword.groovy:43)
	at com.kms.katalon.core.keyword.internal.KeywordExecutor.executeKeywordForPlatform(KeywordExecutor.groovy:72)
	at com.kms.katalon.core.webui.keyword.WebUiBuiltInKeywords.click(WebUiBuiltInKeywords.groovy:616)
	at com.kms.katalon.core.webui.keyword.WebUiBuiltInKeywords$click$3.call(Unknown Source)
	at email.run(email:34)
	at com.kms.katalon.core.main.ScriptEngine.run(ScriptEngine.java:194)
	at com.kms.katalon.core.main.ScriptEngine.runScriptAsRawText(ScriptEngine.java:119)
	at com.kms.katalon.core.main.TestCaseExecutor.runScript(TestCaseExecutor.java:337)
	at com.kms.katalon.core.main.TestCaseExecutor.doExecute(TestCaseExecutor.java:328)
	at com.kms.katalon.core.main.TestCaseExecutor.processExecutionPhase(TestCaseExecutor.java:307)
	at com.kms.katalon.core.main.TestCaseExecutor.accessMainPhase(TestCaseExecutor.java:299)
	at com.kms.katalon.core.main.TestCaseExecutor.execute(TestCaseExecutor.java:233)
	at com.kms.katalon.core.main.TestSuiteExecutor.accessTestCaseMainPhase(TestSuiteExecutor.java:169)
	at com.kms.katalon.core.main.TestSuiteExecutor.accessTestSuiteMainPhase(TestSuiteExecutor.java:142)
	at com.kms.katalon.core.main.TestSuiteExecutor.execute(TestSuiteExecutor.java:91)
	at com.kms.katalon.core.main.TestCaseMain.startTestSuite(TestCaseMain.java:157)
	at com.kms.katalon.core.main.TestCaseMain$startTestSuite$0.call(Unknown Source)
	at TempTestSuite1591345317087.run(TempTestSuite1591345317087.groovy:37)
Caused by: java.lang.IllegalArgumentException: Object is null
	at com.kms.katalon.core.helper.KeywordHelper.checkTestObjectParameter(KeywordHelper.java:33)
	at com.kms.katalon.core.webui.keyword.builtin.ClickKeyword$_click_closure1.doCall(ClickKeyword.groovy:65)
	at com.kms.katalon.core.webui.keyword.builtin.ClickKeyword$_click_closure1.call(ClickKeyword.groovy)
	at com.kms.katalon.core.webui.keyword.internal.WebUIKeywordMain.runKeyword(WebUIKeywordMain.groovy:20)
	at com.kms.katalon.core.webui.keyword.builtin.ClickKeyword.click(ClickKeyword.groovy:76)
	at com.kms.katalon.core.webui.keyword.builtin.ClickKeyword.execute(ClickKeyword.groovy:43)
	at com.kms.katalon.core.keyword.internal.KeywordExecutor.executeKeywordForPlatform(KeywordExecutor.groovy:72)
	at com.kms.katalon.core.webui.keyword.WebUiBuiltInKeywords.click(WebUiBuiltInKeywords.groovy:616)
	at com.kms.katalon.core.webui.keyword.WebUiBuiltInKeywords$click$3.call(Unknown Source)
	at Script1591296506249.run(Script1591296506249.groovy:34)
	... 13 more
)

2020-06-05 15:23:20 - [MESSAGE][WARNING] - Test object with id 'Object Repository/Page_Town Square - team1612499 Mattermost/span_Account Settings' does not exist

2020-06-05 15:23:20 - [MESSAGE][WARNING] - Test object with id 'Object Repository/' does not exist

2020-06-05 15:23:20 - [MESSAGE][FAILED] - Unable to click on object (Root cause: com.kms.katalon.core.exception.StepFailedException: Unable to click on object
	at com.kms.katalon.core.webui.keyword.internal.WebUIKeywordMain.stepFailed(WebUIKeywordMain.groovy:64)
	at com.kms.katalon.core.webui.keyword.internal.WebUIKeywordMain.runKeyword(WebUIKeywordMain.groovy:26)
	at com.kms.katalon.core.webui.keyword.builtin.ClickKeyword.click(ClickKeyword.groovy:76)
	at com.kms.katalon.core.webui.keyword.builtin.ClickKeyword.execute(ClickKeyword.groovy:43)
	at com.kms.katalon.core.keyword.internal.KeywordExecutor.executeKeywordForPlatform(KeywordExecutor.groovy:72)
	at com.kms.katalon.core.webui.keyword.WebUiBuiltInKeywords.click(WebUiBuiltInKeywords.groovy:616)
	at com.kms.katalon.core.webui.keyword.WebUiBuiltInKeywords$click$3.call(Unknown Source)
	at email.run(email:34)
	at com.kms.katalon.core.main.ScriptEngine.run(ScriptEngine.java:194)
	at com.kms.katalon.core.main.ScriptEngine.runScriptAsRawText(ScriptEngine.java:119)
	at com.kms.katalon.core.main.TestCaseExecutor.runScript(TestCaseExecutor.java:337)
	at com.kms.katalon.core.main.TestCaseExecutor.doExecute(TestCaseExecutor.java:328)
	at com.kms.katalon.core.main.TestCaseExecutor.processExecutionPhase(TestCaseExecutor.java:307)
	at com.kms.katalon.core.main.TestCaseExecutor.accessMainPhase(TestCaseExecutor.java:299)
	at com.kms.katalon.core.main.TestCaseExecutor.execute(TestCaseExecutor.java:233)
	at com.kms.katalon.core.main.TestSuiteExecutor.accessTestCaseMainPhase(TestSuiteExecutor.java:169)
	at com.kms.katalon.core.main.TestSuiteExecutor.accessTestSuiteMainPhase(TestSuiteExecutor.java:142)
	at com.kms.katalon.core.main.TestSuiteExecutor.execute(TestSuiteExecutor.java:91)
	at com.kms.katalon.core.main.TestCaseMain.startTestSuite(TestCaseMain.java:157)
	at com.kms.katalon.core.main.TestCaseMain$startTestSuite$0.call(Unknown Source)
	at TempTestSuite1591345317087.run(TempTestSuite1591345317087.groovy:37)
Caused by: java.lang.IllegalArgumentException: Object is null
	at com.kms.katalon.core.helper.KeywordHelper.checkTestObjectParameter(KeywordHelper.java:33)
	at com.kms.katalon.core.webui.keyword.builtin.ClickKeyword$_click_closure1.doCall(ClickKeyword.groovy:65)
	at com.kms.katalon.core.webui.keyword.builtin.ClickKeyword$_click_closure1.call(ClickKeyword.groovy)
	at com.kms.katalon.core.webui.keyword.internal.WebUIKeywordMain.runKeyword(WebUIKeywordMain.groovy:20)
	at com.kms.katalon.core.webui.keyword.builtin.ClickKeyword.click(ClickKeyword.groovy:76)
	at com.kms.katalon.core.webui.keyword.builtin.ClickKeyword.execute(ClickKeyword.groovy:43)
	at com.kms.katalon.core.keyword.internal.KeywordExecutor.executeKeywordForPlatform(KeywordExecutor.groovy:72)
	at com.kms.katalon.core.webui.keyword.WebUiBuiltInKeywords.click(WebUiBuiltInKeywords.groovy:616)
	at com.kms.katalon.core.webui.keyword.WebUiBuiltInKeywords$click$3.call(Unknown Source)
	at Script1591296506249.run(Script1591296506249.groovy:34)
	... 13 more
)
[[ATTACHMENT|/home/phat/Downloads/katalon/mattermost-webapp/Reports/20200605_152157/Run all test cases/20200605_152157/1591345400555.png]]]]></system-out>
         <system-err><![CDATA[2020-06-05 15:23:08 - [TEST_CASE][FAILED] - Test Cases/internal data test case/email: Test Cases/internal data test case/email FAILED.
Reason:
com.kms.katalon.core.exception.StepFailedException: Unable to click on object
	at com.kms.katalon.core.webui.keyword.internal.WebUIKeywordMain.stepFailed(WebUIKeywordMain.groovy:64)
	at com.kms.katalon.core.webui.keyword.internal.WebUIKeywordMain.runKeyword(WebUIKeywordMain.groovy:26)
	at com.kms.katalon.core.webui.keyword.builtin.ClickKeyword.click(ClickKeyword.groovy:76)
	at com.kms.katalon.core.webui.keyword.builtin.ClickKeyword.execute(ClickKeyword.groovy:43)
	at com.kms.katalon.core.keyword.internal.KeywordExecutor.executeKeywordForPlatform(KeywordExecutor.groovy:72)
	at com.kms.katalon.core.webui.keyword.WebUiBuiltInKeywords.click(WebUiBuiltInKeywords.groovy:616)
	at com.kms.katalon.core.webui.keyword.WebUiBuiltInKeywords$click$3.call(Unknown Source)
	at email.run(email:34)
	at com.kms.katalon.core.main.ScriptEngine.run(ScriptEngine.java:194)
	at com.kms.katalon.core.main.ScriptEngine.runScriptAsRawText(ScriptEngine.java:119)
	at com.kms.katalon.core.main.TestCaseExecutor.runScript(TestCaseExecutor.java:337)
	at com.kms.katalon.core.main.TestCaseExecutor.doExecute(TestCaseExecutor.java:328)
	at com.kms.katalon.core.main.TestCaseExecutor.processExecutionPhase(TestCaseExecutor.java:307)
	at com.kms.katalon.core.main.TestCaseExecutor.accessMainPhase(TestCaseExecutor.java:299)
	at com.kms.katalon.core.main.TestCaseExecutor.execute(TestCaseExecutor.java:233)
	at com.kms.katalon.core.main.TestSuiteExecutor.accessTestCaseMainPhase(TestSuiteExecutor.java:169)
	at com.kms.katalon.core.main.TestSuiteExecutor.accessTestSuiteMainPhase(TestSuiteExecutor.java:142)
	at com.kms.katalon.core.main.TestSuiteExecutor.execute(TestSuiteExecutor.java:91)
	at com.kms.katalon.core.main.TestCaseMain.startTestSuite(TestCaseMain.java:157)
	at com.kms.katalon.core.main.TestCaseMain$startTestSuite$0.call(Unknown Source)
	at TempTestSuite1591345317087.run(TempTestSuite1591345317087.groovy:37)
Caused by: java.lang.IllegalArgumentException: Object is null
	at com.kms.katalon.core.helper.KeywordHelper.checkTestObjectParameter(KeywordHelper.java:33)
	at com.kms.katalon.core.webui.keyword.builtin.ClickKeyword$_click_closure1.doCall(ClickKeyword.groovy:65)
	at com.kms.katalon.core.webui.keyword.builtin.ClickKeyword$_click_closure1.call(ClickKeyword.groovy)
	at com.kms.katalon.core.webui.keyword.internal.WebUIKeywordMain.runKeyword(WebUIKeywordMain.groovy:20)
	... 19 more]]></system-err>
      </testcase>
      <testcase name="Test Cases/internal data test case/word-trigger" time="13.154" classname="Test Cases/internal data test case/word-trigger" status="FAILED">
         <failure type="FAILED" message="Test Cases/internal data test case/word-trigger FAILED.
Reason:
com.kms.katalon.core.exception.StepFailedException: Unable to click on object
	at com.kms.katalon.core.webui.keyword.internal.WebUIKeywordMain.stepFailed(WebUIKeywordMain.groovy:64)
	at com.kms.katalon.core.webui.keyword.internal.WebUIKeywordMain.runKeyword(WebUIKeywordMain.groovy:26)
	at com.kms.katalon.core.webui.keyword.builtin.ClickKeyword.click(ClickKeyword.groovy:76)
	at com.kms.katalon.core.webui.keyword.builtin.ClickKeyword.execute(ClickKeyword.groovy:43)
	at com.kms.katalon.core.keyword.internal.KeywordExecutor.executeKeywordForPlatform(KeywordExecutor.groovy:72)
	at com.kms.katalon.core.webui.keyword.WebUiBuiltInKeywords.click(WebUiBuiltInKeywords.groovy:616)
	at com.kms.katalon.core.webui.keyword.WebUiBuiltInKeywords$click$3.call(Unknown Source)
	at word-trigger.run(word-trigger:34)
	at com.kms.katalon.core.main.ScriptEngine.run(ScriptEngine.java:194)
	at com.kms.katalon.core.main.ScriptEngine.runScriptAsRawText(ScriptEngine.java:119)
	at com.kms.katalon.core.main.TestCaseExecutor.runScript(TestCaseExecutor.java:337)
	at com.kms.katalon.core.main.TestCaseExecutor.doExecute(TestCaseExecutor.java:328)
	at com.kms.katalon.core.main.TestCaseExecutor.processExecutionPhase(TestCaseExecutor.java:307)
	at com.kms.katalon.core.main.TestCaseExecutor.accessMainPhase(TestCaseExecutor.java:299)
	at com.kms.katalon.core.main.TestCaseExecutor.execute(TestCaseExecutor.java:233)
	at com.kms.katalon.core.main.TestSuiteExecutor.accessTestCaseMainPhase(TestSuiteExecutor.java:169)
	at com.kms.katalon.core.main.TestSuiteExecutor.accessTestSuiteMainPhase(TestSuiteExecutor.java:142)
	at com.kms.katalon.core.main.TestSuiteExecutor.execute(TestSuiteExecutor.java:91)
	at com.kms.katalon.core.main.TestCaseMain.startTestSuite(TestCaseMain.java:157)
	at com.kms.katalon.core.main.TestCaseMain$startTestSuite$0.call(Unknown Source)
	at TempTestSuite1591345317087.run(TempTestSuite1591345317087.groovy:37)
Caused by: java.lang.IllegalArgumentException: Object is null
	at com.kms.katalon.core.helper.KeywordHelper.checkTestObjectParameter(KeywordHelper.java:33)
	at com.kms.katalon.core.webui.keyword.builtin.ClickKeyword$_click_closure1.doCall(ClickKeyword.groovy:65)
	at com.kms.katalon.core.webui.keyword.builtin.ClickKeyword$_click_closure1.call(ClickKeyword.groovy)
	at com.kms.katalon.core.webui.keyword.internal.WebUIKeywordMain.runKeyword(WebUIKeywordMain.groovy:20)
	... 19 more
"/>
         <system-out><![CDATA[2020-06-05 15:23:20 - [TEST_CASE][FAILED] - Test Cases/internal data test case/word-trigger: Test Cases/internal data test case/word-trigger FAILED.
Reason:
com.kms.katalon.core.exception.StepFailedException: Unable to click on object
	at com.kms.katalon.core.webui.keyword.internal.WebUIKeywordMain.stepFailed(WebUIKeywordMain.groovy:64)
	at com.kms.katalon.core.webui.keyword.internal.WebUIKeywordMain.runKeyword(WebUIKeywordMain.groovy:26)
	at com.kms.katalon.core.webui.keyword.builtin.ClickKeyword.click(ClickKeyword.groovy:76)
	at com.kms.katalon.core.webui.keyword.builtin.ClickKeyword.execute(ClickKeyword.groovy:43)
	at com.kms.katalon.core.keyword.internal.KeywordExecutor.executeKeywordForPlatform(KeywordExecutor.groovy:72)
	at com.kms.katalon.core.webui.keyword.WebUiBuiltInKeywords.click(WebUiBuiltInKeywords.groovy:616)
	at com.kms.katalon.core.webui.keyword.WebUiBuiltInKeywords$click$3.call(Unknown Source)
	at word-trigger.run(word-trigger:34)
	at com.kms.katalon.core.main.ScriptEngine.run(ScriptEngine.java:194)
	at com.kms.katalon.core.main.ScriptEngine.runScriptAsRawText(ScriptEngine.java:119)
	at com.kms.katalon.core.main.TestCaseExecutor.runScript(TestCaseExecutor.java:337)
	at com.kms.katalon.core.main.TestCaseExecutor.doExecute(TestCaseExecutor.java:328)
	at com.kms.katalon.core.main.TestCaseExecutor.processExecutionPhase(TestCaseExecutor.java:307)
	at com.kms.katalon.core.main.TestCaseExecutor.accessMainPhase(TestCaseExecutor.java:299)
	at com.kms.katalon.core.main.TestCaseExecutor.execute(TestCaseExecutor.java:233)
	at com.kms.katalon.core.main.TestSuiteExecutor.accessTestCaseMainPhase(TestSuiteExecutor.java:169)
	at com.kms.katalon.core.main.TestSuiteExecutor.accessTestSuiteMainPhase(TestSuiteExecutor.java:142)
	at com.kms.katalon.core.main.TestSuiteExecutor.execute(TestSuiteExecutor.java:91)
	at com.kms.katalon.core.main.TestCaseMain.startTestSuite(TestCaseMain.java:157)
	at com.kms.katalon.core.main.TestCaseMain$startTestSuite$0.call(Unknown Source)
	at TempTestSuite1591345317087.run(TempTestSuite1591345317087.groovy:37)
Caused by: java.lang.IllegalArgumentException: Object is null
	at com.kms.katalon.core.helper.KeywordHelper.checkTestObjectParameter(KeywordHelper.java:33)
	at com.kms.katalon.core.webui.keyword.builtin.ClickKeyword$_click_closure1.doCall(ClickKeyword.groovy:65)
	at com.kms.katalon.core.webui.keyword.builtin.ClickKeyword$_click_closure1.call(ClickKeyword.groovy)
	at com.kms.katalon.core.webui.keyword.internal.WebUIKeywordMain.runKeyword(WebUIKeywordMain.groovy:20)
	... 19 more


2020-06-05 15:23:20 - [TEST_STEP][PASSED] - openBrowser(""): Browser is opened with url: ''

2020-06-05 15:23:20 - [MESSAGE][WARNING] - A browser is already opened. Closing browser and opening a new one

2020-06-05 15:23:20 - [MESSAGE][INFO] - Starting 'Chrome' driver

2020-06-05 15:23:20 - [MESSAGE][INFO] - Action delay is set to 0 milliseconds

2020-06-05 15:23:21 - [MESSAGE][PASSED] - Browser is opened with url: ''

2020-06-05 15:23:21 - [TEST_STEP][PASSED] - navigateToUrl("https://mattermost-aut.herokuapp.com/login"): Navigate to 'https://mattermost-aut.herokuapp.com/login' successfully

2020-06-05 15:23:24 - [MESSAGE][PASSED] - Navigate to 'https://mattermost-aut.herokuapp.com/login' successfully

2020-06-05 15:23:24 - [TEST_STEP][PASSED] - setText(findTestObject("Data Driven/login/Page_Mattermost/input_All team communication in one place searchable and accessible anywhere_loginId"), "phong1998"): Text 'phong1998' is set on object 'Object Repository/Data Driven/login/Page_Mattermost/input_All team communication in one place searchable and accessible anywhere_loginId'

2020-06-05 15:23:29 - [MESSAGE][PASSED] - Text 'phong1998' is set on object 'Object Repository/Data Driven/login/Page_Mattermost/input_All team communication in one place searchable and accessible anywhere_loginId'

2020-06-05 15:23:29 - [TEST_STEP][PASSED] - setEncryptedText(findTestObject("Data Driven/login/Page_Mattermost/input_All team communication in one place searchable and accessible anywhere_password"), "X6RAMBNCYDQ8H8PMJNlsmQ=="): Text ****** has been set on object 'Object Repository/Data Driven/login/Page_Mattermost/input_All team communication in one place searchable and accessible anywhere_password'

2020-06-05 15:23:30 - [MESSAGE][PASSED] - Text ****** has been set on object 'Object Repository/Data Driven/login/Page_Mattermost/input_All team communication in one place searchable and accessible anywhere_password'

2020-06-05 15:23:30 - [TEST_STEP][PASSED] - click(findTestObject("Data Driven/direct-message/Page_Mattermost/button_Sign in")): Object: 'Object Repository/Data Driven/direct-message/Page_Mattermost/button_Sign in' is clicked on

2020-06-05 15:23:30 - [MESSAGE][PASSED] - Object: 'Object Repository/Data Driven/direct-message/Page_Mattermost/button_Sign in' is clicked on

2020-06-05 15:23:30 - [TEST_STEP][PASSED] - click(findTestObject("Data Driven/password/Page_Town Square - team1612499 Mattermost/button_phong1998_style--none sidebar-header_cd5638")): Object: 'Object Repository/Data Driven/password/Page_Town Square - team1612499 Mattermost/button_phong1998_style--none sidebar-header_cd5638' is clicked on

2020-06-05 15:23:33 - [MESSAGE][PASSED] - Object: 'Object Repository/Data Driven/password/Page_Town Square - team1612499 Mattermost/button_phong1998_style--none sidebar-header_cd5638' is clicked on

2020-06-05 15:23:33 - [TEST_STEP][FAILED] - click(findTestObject("Page_Town Square - team1612499 Mattermost/span_Account Settings")): Unable to click on object (Root cause: com.kms.katalon.core.exception.StepFailedException: Unable to click on object
	at com.kms.katalon.core.webui.keyword.internal.WebUIKeywordMain.stepFailed(WebUIKeywordMain.groovy:64)
	at com.kms.katalon.core.webui.keyword.internal.WebUIKeywordMain.runKeyword(WebUIKeywordMain.groovy:26)
	at com.kms.katalon.core.webui.keyword.builtin.ClickKeyword.click(ClickKeyword.groovy:76)
	at com.kms.katalon.core.webui.keyword.builtin.ClickKeyword.execute(ClickKeyword.groovy:43)
	at com.kms.katalon.core.keyword.internal.KeywordExecutor.executeKeywordForPlatform(KeywordExecutor.groovy:72)
	at com.kms.katalon.core.webui.keyword.WebUiBuiltInKeywords.click(WebUiBuiltInKeywords.groovy:616)
	at com.kms.katalon.core.webui.keyword.WebUiBuiltInKeywords$click$3.call(Unknown Source)
	at word-trigger.run(word-trigger:34)
	at com.kms.katalon.core.main.ScriptEngine.run(ScriptEngine.java:194)
	at com.kms.katalon.core.main.ScriptEngine.runScriptAsRawText(ScriptEngine.java:119)
	at com.kms.katalon.core.main.TestCaseExecutor.runScript(TestCaseExecutor.java:337)
	at com.kms.katalon.core.main.TestCaseExecutor.doExecute(TestCaseExecutor.java:328)
	at com.kms.katalon.core.main.TestCaseExecutor.processExecutionPhase(TestCaseExecutor.java:307)
	at com.kms.katalon.core.main.TestCaseExecutor.accessMainPhase(TestCaseExecutor.java:299)
	at com.kms.katalon.core.main.TestCaseExecutor.execute(TestCaseExecutor.java:233)
	at com.kms.katalon.core.main.TestSuiteExecutor.accessTestCaseMainPhase(TestSuiteExecutor.java:169)
	at com.kms.katalon.core.main.TestSuiteExecutor.accessTestSuiteMainPhase(TestSuiteExecutor.java:142)
	at com.kms.katalon.core.main.TestSuiteExecutor.execute(TestSuiteExecutor.java:91)
	at com.kms.katalon.core.main.TestCaseMain.startTestSuite(TestCaseMain.java:157)
	at com.kms.katalon.core.main.TestCaseMain$startTestSuite$0.call(Unknown Source)
	at TempTestSuite1591345317087.run(TempTestSuite1591345317087.groovy:37)
Caused by: java.lang.IllegalArgumentException: Object is null
	at com.kms.katalon.core.helper.KeywordHelper.checkTestObjectParameter(KeywordHelper.java:33)
	at com.kms.katalon.core.webui.keyword.builtin.ClickKeyword$_click_closure1.doCall(ClickKeyword.groovy:65)
	at com.kms.katalon.core.webui.keyword.builtin.ClickKeyword$_click_closure1.call(ClickKeyword.groovy)
	at com.kms.katalon.core.webui.keyword.internal.WebUIKeywordMain.runKeyword(WebUIKeywordMain.groovy:20)
	at com.kms.katalon.core.webui.keyword.builtin.ClickKeyword.click(ClickKeyword.groovy:76)
	at com.kms.katalon.core.webui.keyword.builtin.ClickKeyword.execute(ClickKeyword.groovy:43)
	at com.kms.katalon.core.keyword.internal.KeywordExecutor.executeKeywordForPlatform(KeywordExecutor.groovy:72)
	at com.kms.katalon.core.webui.keyword.WebUiBuiltInKeywords.click(WebUiBuiltInKeywords.groovy:616)
	at com.kms.katalon.core.webui.keyword.WebUiBuiltInKeywords$click$3.call(Unknown Source)
	at Script1591296532982.run(Script1591296532982.groovy:34)
	... 13 more
)

2020-06-05 15:23:33 - [MESSAGE][WARNING] - Test object with id 'Object Repository/Page_Town Square - team1612499 Mattermost/span_Account Settings' does not exist

2020-06-05 15:23:33 - [MESSAGE][WARNING] - Test object with id 'Object Repository/' does not exist

2020-06-05 15:23:33 - [MESSAGE][FAILED] - Unable to click on object (Root cause: com.kms.katalon.core.exception.StepFailedException: Unable to click on object
	at com.kms.katalon.core.webui.keyword.internal.WebUIKeywordMain.stepFailed(WebUIKeywordMain.groovy:64)
	at com.kms.katalon.core.webui.keyword.internal.WebUIKeywordMain.runKeyword(WebUIKeywordMain.groovy:26)
	at com.kms.katalon.core.webui.keyword.builtin.ClickKeyword.click(ClickKeyword.groovy:76)
	at com.kms.katalon.core.webui.keyword.builtin.ClickKeyword.execute(ClickKeyword.groovy:43)
	at com.kms.katalon.core.keyword.internal.KeywordExecutor.executeKeywordForPlatform(KeywordExecutor.groovy:72)
	at com.kms.katalon.core.webui.keyword.WebUiBuiltInKeywords.click(WebUiBuiltInKeywords.groovy:616)
	at com.kms.katalon.core.webui.keyword.WebUiBuiltInKeywords$click$3.call(Unknown Source)
	at word-trigger.run(word-trigger:34)
	at com.kms.katalon.core.main.ScriptEngine.run(ScriptEngine.java:194)
	at com.kms.katalon.core.main.ScriptEngine.runScriptAsRawText(ScriptEngine.java:119)
	at com.kms.katalon.core.main.TestCaseExecutor.runScript(TestCaseExecutor.java:337)
	at com.kms.katalon.core.main.TestCaseExecutor.doExecute(TestCaseExecutor.java:328)
	at com.kms.katalon.core.main.TestCaseExecutor.processExecutionPhase(TestCaseExecutor.java:307)
	at com.kms.katalon.core.main.TestCaseExecutor.accessMainPhase(TestCaseExecutor.java:299)
	at com.kms.katalon.core.main.TestCaseExecutor.execute(TestCaseExecutor.java:233)
	at com.kms.katalon.core.main.TestSuiteExecutor.accessTestCaseMainPhase(TestSuiteExecutor.java:169)
	at com.kms.katalon.core.main.TestSuiteExecutor.accessTestSuiteMainPhase(TestSuiteExecutor.java:142)
	at com.kms.katalon.core.main.TestSuiteExecutor.execute(TestSuiteExecutor.java:91)
	at com.kms.katalon.core.main.TestCaseMain.startTestSuite(TestCaseMain.java:157)
	at com.kms.katalon.core.main.TestCaseMain$startTestSuite$0.call(Unknown Source)
	at TempTestSuite1591345317087.run(TempTestSuite1591345317087.groovy:37)
Caused by: java.lang.IllegalArgumentException: Object is null
	at com.kms.katalon.core.helper.KeywordHelper.checkTestObjectParameter(KeywordHelper.java:33)
	at com.kms.katalon.core.webui.keyword.builtin.ClickKeyword$_click_closure1.doCall(ClickKeyword.groovy:65)
	at com.kms.katalon.core.webui.keyword.builtin.ClickKeyword$_click_closure1.call(ClickKeyword.groovy)
	at com.kms.katalon.core.webui.keyword.internal.WebUIKeywordMain.runKeyword(WebUIKeywordMain.groovy:20)
	at com.kms.katalon.core.webui.keyword.builtin.ClickKeyword.click(ClickKeyword.groovy:76)
	at com.kms.katalon.core.webui.keyword.builtin.ClickKeyword.execute(ClickKeyword.groovy:43)
	at com.kms.katalon.core.keyword.internal.KeywordExecutor.executeKeywordForPlatform(KeywordExecutor.groovy:72)
	at com.kms.katalon.core.webui.keyword.WebUiBuiltInKeywords.click(WebUiBuiltInKeywords.groovy:616)
	at com.kms.katalon.core.webui.keyword.WebUiBuiltInKeywords$click$3.call(Unknown Source)
	at Script1591296532982.run(Script1591296532982.groovy:34)
	... 13 more
)
[[ATTACHMENT|/home/phat/Downloads/katalon/mattermost-webapp/Reports/20200605_152157/Run all test cases/20200605_152157/1591345413716.png]]]]></system-out>
         <system-err><![CDATA[2020-06-05 15:23:20 - [TEST_CASE][FAILED] - Test Cases/internal data test case/word-trigger: Test Cases/internal data test case/word-trigger FAILED.
Reason:
com.kms.katalon.core.exception.StepFailedException: Unable to click on object
	at com.kms.katalon.core.webui.keyword.internal.WebUIKeywordMain.stepFailed(WebUIKeywordMain.groovy:64)
	at com.kms.katalon.core.webui.keyword.internal.WebUIKeywordMain.runKeyword(WebUIKeywordMain.groovy:26)
	at com.kms.katalon.core.webui.keyword.builtin.ClickKeyword.click(ClickKeyword.groovy:76)
	at com.kms.katalon.core.webui.keyword.builtin.ClickKeyword.execute(ClickKeyword.groovy:43)
	at com.kms.katalon.core.keyword.internal.KeywordExecutor.executeKeywordForPlatform(KeywordExecutor.groovy:72)
	at com.kms.katalon.core.webui.keyword.WebUiBuiltInKeywords.click(WebUiBuiltInKeywords.groovy:616)
	at com.kms.katalon.core.webui.keyword.WebUiBuiltInKeywords$click$3.call(Unknown Source)
	at word-trigger.run(word-trigger:34)
	at com.kms.katalon.core.main.ScriptEngine.run(ScriptEngine.java:194)
	at com.kms.katalon.core.main.ScriptEngine.runScriptAsRawText(ScriptEngine.java:119)
	at com.kms.katalon.core.main.TestCaseExecutor.runScript(TestCaseExecutor.java:337)
	at com.kms.katalon.core.main.TestCaseExecutor.doExecute(TestCaseExecutor.java:328)
	at com.kms.katalon.core.main.TestCaseExecutor.processExecutionPhase(TestCaseExecutor.java:307)
	at com.kms.katalon.core.main.TestCaseExecutor.accessMainPhase(TestCaseExecutor.java:299)
	at com.kms.katalon.core.main.TestCaseExecutor.execute(TestCaseExecutor.java:233)
	at com.kms.katalon.core.main.TestSuiteExecutor.accessTestCaseMainPhase(TestSuiteExecutor.java:169)
	at com.kms.katalon.core.main.TestSuiteExecutor.accessTestSuiteMainPhase(TestSuiteExecutor.java:142)
	at com.kms.katalon.core.main.TestSuiteExecutor.execute(TestSuiteExecutor.java:91)
	at com.kms.katalon.core.main.TestCaseMain.startTestSuite(TestCaseMain.java:157)
	at com.kms.katalon.core.main.TestCaseMain$startTestSuite$0.call(Unknown Source)
	at TempTestSuite1591345317087.run(TempTestSuite1591345317087.groovy:37)
Caused by: java.lang.IllegalArgumentException: Object is null
	at com.kms.katalon.core.helper.KeywordHelper.checkTestObjectParameter(KeywordHelper.java:33)
	at com.kms.katalon.core.webui.keyword.builtin.ClickKeyword$_click_closure1.doCall(ClickKeyword.groovy:65)
	at com.kms.katalon.core.webui.keyword.builtin.ClickKeyword$_click_closure1.call(ClickKeyword.groovy)
	at com.kms.katalon.core.webui.keyword.internal.WebUIKeywordMain.runKeyword(WebUIKeywordMain.groovy:20)
	... 19 more]]></system-err>
      </testcase>
      <testcase name="Test Cases/internal data test case/private-channel" time="15.32" classname="Test Cases/internal data test case/private-channel" status="PASSED">
         <system-out><![CDATA[2020-06-05 15:23:33 - [TEST_CASE][PASSED] - Test Cases/internal data test case/private-channel: Test Cases/internal data test case/private-channel

2020-06-05 15:23:34 - [TEST_STEP][PASSED] - openBrowser(""): Browser is opened with url: ''

2020-06-05 15:23:34 - [MESSAGE][WARNING] - A browser is already opened. Closing browser and opening a new one

2020-06-05 15:23:34 - [MESSAGE][INFO] - Starting 'Chrome' driver

2020-06-05 15:23:34 - [MESSAGE][INFO] - Action delay is set to 0 milliseconds

2020-06-05 15:23:34 - [MESSAGE][PASSED] - Browser is opened with url: ''

2020-06-05 15:23:34 - [TEST_STEP][PASSED] - navigateToUrl("https://mattermost-aut.herokuapp.com/login"): Navigate to 'https://mattermost-aut.herokuapp.com/login' successfully

2020-06-05 15:23:38 - [MESSAGE][PASSED] - Navigate to 'https://mattermost-aut.herokuapp.com/login' successfully

2020-06-05 15:23:38 - [TEST_STEP][PASSED] - setText(findTestObject("Data Driven/login/Page_Mattermost/input_All team communication in one place searchable and accessible anywhere_loginId"), "phong1998"): Text 'phong1998' is set on object 'Object Repository/Data Driven/login/Page_Mattermost/input_All team communication in one place searchable and accessible anywhere_loginId'

2020-06-05 15:23:42 - [MESSAGE][PASSED] - Text 'phong1998' is set on object 'Object Repository/Data Driven/login/Page_Mattermost/input_All team communication in one place searchable and accessible anywhere_loginId'

2020-06-05 15:23:42 - [TEST_STEP][PASSED] - setEncryptedText(findTestObject("Data Driven/login/Page_Mattermost/input_All team communication in one place searchable and accessible anywhere_password"), "X6RAMBNCYDQ8H8PMJNlsmQ=="): Text ****** has been set on object 'Object Repository/Data Driven/login/Page_Mattermost/input_All team communication in one place searchable and accessible anywhere_password'

2020-06-05 15:23:43 - [MESSAGE][PASSED] - Text ****** has been set on object 'Object Repository/Data Driven/login/Page_Mattermost/input_All team communication in one place searchable and accessible anywhere_password'

2020-06-05 15:23:43 - [TEST_STEP][PASSED] - click(findTestObject("Data Driven/login/Page_Mattermost/button_Sign in")): Object: 'Object Repository/Data Driven/login/Page_Mattermost/button_Sign in' is clicked on

2020-06-05 15:23:43 - [MESSAGE][PASSED] - Object: 'Object Repository/Data Driven/login/Page_Mattermost/button_Sign in' is clicked on

2020-06-05 15:23:43 - [TEST_STEP][PASSED] - click(findTestObject("Data Driven/private-channel/Page_Town Square - team1612499 Mattermost/span_")): Object: 'Object Repository/Data Driven/private-channel/Page_Town Square - team1612499 Mattermost/span_' is clicked on

2020-06-05 15:23:46 - [MESSAGE][PASSED] - Object: 'Object Repository/Data Driven/private-channel/Page_Town Square - team1612499 Mattermost/span_' is clicked on

2020-06-05 15:23:46 - [TEST_STEP][PASSED] - setText(findTestObject("Data Driven/private-channel/Page_Town Square - team1612499 Mattermost/input_Name_newChannelName"), name): Text '' is set on object 'Object Repository/Data Driven/private-channel/Page_Town Square - team1612499 Mattermost/input_Name_newChannelName'

2020-06-05 15:23:47 - [MESSAGE][PASSED] - Text '' is set on object 'Object Repository/Data Driven/private-channel/Page_Town Square - team1612499 Mattermost/input_Name_newChannelName'

2020-06-05 15:23:47 - [TEST_STEP][PASSED] - setText(findTestObject("Data Driven/private-channel/Page_Town Square - team1612499 Mattermost/textarea_(optional)_newChannelPurpose"), purpose): Text '' is set on object 'Object Repository/Data Driven/private-channel/Page_Town Square - team1612499 Mattermost/textarea_(optional)_newChannelPurpose'

2020-06-05 15:23:48 - [MESSAGE][PASSED] - Text '' is set on object 'Object Repository/Data Driven/private-channel/Page_Town Square - team1612499 Mattermost/textarea_(optional)_newChannelPurpose'

2020-06-05 15:23:48 - [TEST_STEP][PASSED] - setText(findTestObject("Data Driven/private-channel/Page_Town Square - team1612499 Mattermost/textarea_(optional)_newChannelHeader"), header): Text '' is set on object 'Object Repository/Data Driven/private-channel/Page_Town Square - team1612499 Mattermost/textarea_(optional)_newChannelHeader'

2020-06-05 15:23:48 - [MESSAGE][PASSED] - Text '' is set on object 'Object Repository/Data Driven/private-channel/Page_Town Square - team1612499 Mattermost/textarea_(optional)_newChannelHeader'

2020-06-05 15:23:48 - [TEST_STEP][PASSED] - click(findTestObject("Data Driven/private-channel/Page_Town Square - team1612499 Mattermost/span_Create Channel")): Object: 'Object Repository/Data Driven/private-channel/Page_Town Square - team1612499 Mattermost/span_Create Channel' is clicked on

2020-06-05 15:23:49 - [MESSAGE][PASSED] - Object: 'Object Repository/Data Driven/private-channel/Page_Town Square - team1612499 Mattermost/span_Create Channel' is clicked on

2020-06-05 15:23:49 - [TEST_STEP][PASSED] - closeBrowser(): Browser is closed

2020-06-05 15:23:49 - [MESSAGE][PASSED] - Browser is closed]]></system-out>
         <system-err><![CDATA[]]></system-err>
      </testcase>
      <testcase name="Test Cases/internal data test case/emotion" time="13.856" classname="Test Cases/internal data test case/emotion" status="PASSED">
         <system-out><![CDATA[2020-06-05 15:23:49 - [TEST_CASE][PASSED] - Test Cases/internal data test case/emotion: Test Cases/internal data test case/emotion

2020-06-05 15:23:49 - [TEST_STEP][PASSED] - openBrowser(""): Browser is opened with url: ''

2020-06-05 15:23:49 - [MESSAGE][INFO] - Starting 'Chrome' driver

2020-06-05 15:23:49 - [MESSAGE][INFO] - Action delay is set to 0 milliseconds

2020-06-05 15:23:49 - [MESSAGE][PASSED] - Browser is opened with url: ''

2020-06-05 15:23:49 - [TEST_STEP][PASSED] - navigateToUrl("https://mattermost-aut.herokuapp.com/login"): Navigate to 'https://mattermost-aut.herokuapp.com/login' successfully

2020-06-05 15:23:53 - [MESSAGE][PASSED] - Navigate to 'https://mattermost-aut.herokuapp.com/login' successfully

2020-06-05 15:23:53 - [TEST_STEP][PASSED] - setText(findTestObject("Data Driven/login/Page_Mattermost/input_All team communication in one place searchable and accessible anywhere_loginId"), "phong1998"): Text 'phong1998' is set on object 'Object Repository/Data Driven/login/Page_Mattermost/input_All team communication in one place searchable and accessible anywhere_loginId'

2020-06-05 15:23:57 - [MESSAGE][PASSED] - Text 'phong1998' is set on object 'Object Repository/Data Driven/login/Page_Mattermost/input_All team communication in one place searchable and accessible anywhere_loginId'

2020-06-05 15:23:57 - [TEST_STEP][PASSED] - setEncryptedText(findTestObject("Data Driven/login/Page_Mattermost/input_All team communication in one place searchable and accessible anywhere_password"), "X6RAMBNCYDQ8H8PMJNlsmQ=="): Text ****** has been set on object 'Object Repository/Data Driven/login/Page_Mattermost/input_All team communication in one place searchable and accessible anywhere_password'

2020-06-05 15:23:57 - [MESSAGE][PASSED] - Text ****** has been set on object 'Object Repository/Data Driven/login/Page_Mattermost/input_All team communication in one place searchable and accessible anywhere_password'

2020-06-05 15:23:57 - [TEST_STEP][PASSED] - click(findTestObject("Data Driven/direct-message/Page_Mattermost/button_Sign in")): Object: 'Object Repository/Data Driven/direct-message/Page_Mattermost/button_Sign in' is clicked on

2020-06-05 15:23:58 - [MESSAGE][PASSED] - Object: 'Object Repository/Data Driven/direct-message/Page_Mattermost/button_Sign in' is clicked on

2020-06-05 15:23:58 - [TEST_STEP][PASSED] - click(findTestObject("Data Driven/emotion/Page_Town Square - team1612499 Mattermost/svg")): Object: 'Object Repository/Data Driven/emotion/Page_Town Square - team1612499 Mattermost/svg' is clicked on

2020-06-05 15:24:01 - [MESSAGE][PASSED] - Object: 'Object Repository/Data Driven/emotion/Page_Town Square - team1612499 Mattermost/svg' is clicked on

2020-06-05 15:24:01 - [TEST_STEP][PASSED] - setText(findTestObject("Data Driven/emotion/Page_Town Square - team1612499 Mattermost/input_emoji_emojiPickerSearch"), emotion): Text '' is set on object 'Object Repository/Data Driven/emotion/Page_Town Square - team1612499 Mattermost/input_emoji_emojiPickerSearch'

2020-06-05 15:24:03 - [MESSAGE][PASSED] - Text '' is set on object 'Object Repository/Data Driven/emotion/Page_Town Square - team1612499 Mattermost/input_emoji_emojiPickerSearch'

2020-06-05 15:24:03 - [TEST_STEP][PASSED] - closeBrowser(): Browser is closed

2020-06-05 15:24:03 - [MESSAGE][PASSED] - Browser is closed]]></system-out>
         <system-err><![CDATA[]]></system-err>
      </testcase>
      <testcase name="Test Cases/internal data test case/username" time="14.978" classname="Test Cases/internal data test case/username" status="PASSED">
         <system-out><![CDATA[2020-06-05 15:24:03 - [TEST_CASE][PASSED] - Test Cases/internal data test case/username: Test Cases/internal data test case/username

2020-06-05 15:24:03 - [TEST_STEP][PASSED] - openBrowser(""): Browser is opened with url: ''

2020-06-05 15:24:03 - [MESSAGE][INFO] - Starting 'Chrome' driver

2020-06-05 15:24:03 - [MESSAGE][INFO] - Action delay is set to 0 milliseconds

2020-06-05 15:24:03 - [MESSAGE][PASSED] - Browser is opened with url: ''

2020-06-05 15:24:03 - [TEST_STEP][PASSED] - navigateToUrl("https://mattermost-aut.herokuapp.com/login"): Navigate to 'https://mattermost-aut.herokuapp.com/login' successfully

2020-06-05 15:24:06 - [MESSAGE][PASSED] - Navigate to 'https://mattermost-aut.herokuapp.com/login' successfully

2020-06-05 15:24:06 - [TEST_STEP][PASSED] - setText(findTestObject("Data Driven/username/Page_Mattermost/input_All team communication in one place searchable and accessible anywhere_loginId"), "phong1998"): Text 'phong1998' is set on object 'Object Repository/Data Driven/username/Page_Mattermost/input_All team communication in one place searchable and accessible anywhere_loginId'

2020-06-05 15:24:11 - [MESSAGE][PASSED] - Text 'phong1998' is set on object 'Object Repository/Data Driven/username/Page_Mattermost/input_All team communication in one place searchable and accessible anywhere_loginId'

2020-06-05 15:24:11 - [TEST_STEP][PASSED] - setEncryptedText(findTestObject("Data Driven/username/Page_Mattermost/input_All team communication in one place searchable and accessible anywhere_password"), "X6RAMBNCYDQ8H8PMJNlsmQ=="): Text ****** has been set on object 'Object Repository/Data Driven/username/Page_Mattermost/input_All team communication in one place searchable and accessible anywhere_password'

2020-06-05 15:24:11 - [MESSAGE][PASSED] - Text ****** has been set on object 'Object Repository/Data Driven/username/Page_Mattermost/input_All team communication in one place searchable and accessible anywhere_password'

2020-06-05 15:24:11 - [TEST_STEP][PASSED] - sendKeys(findTestObject("Data Driven/username/Page_Mattermost/input_All team communication in one place searchable and accessible anywhere_password"), Keys.chord(ENTER)): Keys 'ENTER + ' sent to object: 'Object Repository/Data Driven/username/Page_Mattermost/input_All team communication in one place searchable and accessible anywhere_password'

2020-06-05 15:24:12 - [MESSAGE][PASSED] - Keys 'ENTER + ' sent to object: 'Object Repository/Data Driven/username/Page_Mattermost/input_All team communication in one place searchable and accessible anywhere_password'

2020-06-05 15:24:12 - [TEST_STEP][PASSED] - click(findTestObject("Data Driven/username/Page_Town Square - team1612499 Mattermost/button_test_style--none sidebar-header-dropdown__icon")): Object: 'Object Repository/Data Driven/username/Page_Town Square - team1612499 Mattermost/button_test_style--none sidebar-header-dropdown__icon' is clicked on

2020-06-05 15:24:15 - [MESSAGE][PASSED] - Object: 'Object Repository/Data Driven/username/Page_Town Square - team1612499 Mattermost/button_test_style--none sidebar-header-dropdown__icon' is clicked on

2020-06-05 15:24:15 - [TEST_STEP][PASSED] - click(findTestObject("Data Driven/username/Page_Town Square - team1612499 Mattermost/span_Account Settings")): Object: 'Object Repository/Data Driven/username/Page_Town Square - team1612499 Mattermost/span_Account Settings' is clicked on

2020-06-05 15:24:16 - [MESSAGE][PASSED] - Object: 'Object Repository/Data Driven/username/Page_Town Square - team1612499 Mattermost/span_Account Settings' is clicked on

2020-06-05 15:24:16 - [TEST_STEP][PASSED] - click(findTestObject("Data Driven/username/Page_Town Square - team1612499 Mattermost/span_Edit")): Object: 'Object Repository/Data Driven/username/Page_Town Square - team1612499 Mattermost/span_Edit' is clicked on

2020-06-05 15:24:16 - [MESSAGE][PASSED] - Object: 'Object Repository/Data Driven/username/Page_Town Square - team1612499 Mattermost/span_Edit' is clicked on

2020-06-05 15:24:16 - [TEST_STEP][PASSED] - setText(findTestObject("Data Driven/username/Page_Town Square - team1612499 Mattermost/input_Username_username"), username): Text '' is set on object 'Object Repository/Data Driven/username/Page_Town Square - team1612499 Mattermost/input_Username_username'

2020-06-05 15:24:17 - [MESSAGE][PASSED] - Text '' is set on object 'Object Repository/Data Driven/username/Page_Town Square - team1612499 Mattermost/input_Username_username'

2020-06-05 15:24:17 - [TEST_STEP][PASSED] - click(findTestObject("Data Driven/username/Page_Town Square - team1612499 Mattermost/span_Save")): Object: 'Object Repository/Data Driven/username/Page_Town Square - team1612499 Mattermost/span_Save' is clicked on

2020-06-05 15:24:18 - [MESSAGE][PASSED] - Object: 'Object Repository/Data Driven/username/Page_Town Square - team1612499 Mattermost/span_Save' is clicked on]]></system-out>
         <system-err><![CDATA[]]></system-err>
      </testcase>
      <testcase name="Test Cases/internal data test case/public-channel" time="15.004" classname="Test Cases/internal data test case/public-channel" status="FAILED">
         <failure type="FAILED" message="Test Cases/internal data test case/public-channel FAILED.
Reason:
com.kms.katalon.core.exception.StepFailedException: Unable to click on object
	at com.kms.katalon.core.webui.keyword.internal.WebUIKeywordMain.stepFailed(WebUIKeywordMain.groovy:64)
	at com.kms.katalon.core.webui.keyword.internal.WebUIKeywordMain.runKeyword(WebUIKeywordMain.groovy:26)
	at com.kms.katalon.core.webui.keyword.builtin.ClickKeyword.click(ClickKeyword.groovy:76)
	at com.kms.katalon.core.webui.keyword.builtin.ClickKeyword.execute(ClickKeyword.groovy:43)
	at com.kms.katalon.core.keyword.internal.KeywordExecutor.executeKeywordForPlatform(KeywordExecutor.groovy:72)
	at com.kms.katalon.core.webui.keyword.WebUiBuiltInKeywords.click(WebUiBuiltInKeywords.groovy:616)
	at com.kms.katalon.core.webui.keyword.WebUiBuiltInKeywords$click$3.call(Unknown Source)
	at public-channel.run(public-channel:41)
	at com.kms.katalon.core.main.ScriptEngine.run(ScriptEngine.java:194)
	at com.kms.katalon.core.main.ScriptEngine.runScriptAsRawText(ScriptEngine.java:119)
	at com.kms.katalon.core.main.TestCaseExecutor.runScript(TestCaseExecutor.java:337)
	at com.kms.katalon.core.main.TestCaseExecutor.doExecute(TestCaseExecutor.java:328)
	at com.kms.katalon.core.main.TestCaseExecutor.processExecutionPhase(TestCaseExecutor.java:307)
	at com.kms.katalon.core.main.TestCaseExecutor.accessMainPhase(TestCaseExecutor.java:299)
	at com.kms.katalon.core.main.TestCaseExecutor.execute(TestCaseExecutor.java:233)
	at com.kms.katalon.core.main.TestSuiteExecutor.accessTestCaseMainPhase(TestSuiteExecutor.java:169)
	at com.kms.katalon.core.main.TestSuiteExecutor.accessTestSuiteMainPhase(TestSuiteExecutor.java:142)
	at com.kms.katalon.core.main.TestSuiteExecutor.execute(TestSuiteExecutor.java:91)
	at com.kms.katalon.core.main.TestCaseMain.startTestSuite(TestCaseMain.java:157)
	at com.kms.katalon.core.main.TestCaseMain$startTestSuite$0.call(Unknown Source)
	at TempTestSuite1591345317087.run(TempTestSuite1591345317087.groovy:37)
Caused by: java.lang.IllegalArgumentException: Object is null
	at com.kms.katalon.core.helper.KeywordHelper.checkTestObjectParameter(KeywordHelper.java:33)
	at com.kms.katalon.core.webui.keyword.builtin.ClickKeyword$_click_closure1.doCall(ClickKeyword.groovy:65)
	at com.kms.katalon.core.webui.keyword.builtin.ClickKeyword$_click_closure1.call(ClickKeyword.groovy)
	at com.kms.katalon.core.webui.keyword.internal.WebUIKeywordMain.runKeyword(WebUIKeywordMain.groovy:20)
	... 19 more
"/>
         <system-out><![CDATA[2020-06-05 15:24:18 - [TEST_CASE][FAILED] - Test Cases/internal data test case/public-channel: Test Cases/internal data test case/public-channel FAILED.
Reason:
com.kms.katalon.core.exception.StepFailedException: Unable to click on object
	at com.kms.katalon.core.webui.keyword.internal.WebUIKeywordMain.stepFailed(WebUIKeywordMain.groovy:64)
	at com.kms.katalon.core.webui.keyword.internal.WebUIKeywordMain.runKeyword(WebUIKeywordMain.groovy:26)
	at com.kms.katalon.core.webui.keyword.builtin.ClickKeyword.click(ClickKeyword.groovy:76)
	at com.kms.katalon.core.webui.keyword.builtin.ClickKeyword.execute(ClickKeyword.groovy:43)
	at com.kms.katalon.core.keyword.internal.KeywordExecutor.executeKeywordForPlatform(KeywordExecutor.groovy:72)
	at com.kms.katalon.core.webui.keyword.WebUiBuiltInKeywords.click(WebUiBuiltInKeywords.groovy:616)
	at com.kms.katalon.core.webui.keyword.WebUiBuiltInKeywords$click$3.call(Unknown Source)
	at public-channel.run(public-channel:41)
	at com.kms.katalon.core.main.ScriptEngine.run(ScriptEngine.java:194)
	at com.kms.katalon.core.main.ScriptEngine.runScriptAsRawText(ScriptEngine.java:119)
	at com.kms.katalon.core.main.TestCaseExecutor.runScript(TestCaseExecutor.java:337)
	at com.kms.katalon.core.main.TestCaseExecutor.doExecute(TestCaseExecutor.java:328)
	at com.kms.katalon.core.main.TestCaseExecutor.processExecutionPhase(TestCaseExecutor.java:307)
	at com.kms.katalon.core.main.TestCaseExecutor.accessMainPhase(TestCaseExecutor.java:299)
	at com.kms.katalon.core.main.TestCaseExecutor.execute(TestCaseExecutor.java:233)
	at com.kms.katalon.core.main.TestSuiteExecutor.accessTestCaseMainPhase(TestSuiteExecutor.java:169)
	at com.kms.katalon.core.main.TestSuiteExecutor.accessTestSuiteMainPhase(TestSuiteExecutor.java:142)
	at com.kms.katalon.core.main.TestSuiteExecutor.execute(TestSuiteExecutor.java:91)
	at com.kms.katalon.core.main.TestCaseMain.startTestSuite(TestCaseMain.java:157)
	at com.kms.katalon.core.main.TestCaseMain$startTestSuite$0.call(Unknown Source)
	at TempTestSuite1591345317087.run(TempTestSuite1591345317087.groovy:37)
Caused by: java.lang.IllegalArgumentException: Object is null
	at com.kms.katalon.core.helper.KeywordHelper.checkTestObjectParameter(KeywordHelper.java:33)
	at com.kms.katalon.core.webui.keyword.builtin.ClickKeyword$_click_closure1.doCall(ClickKeyword.groovy:65)
	at com.kms.katalon.core.webui.keyword.builtin.ClickKeyword$_click_closure1.call(ClickKeyword.groovy)
	at com.kms.katalon.core.webui.keyword.internal.WebUIKeywordMain.runKeyword(WebUIKeywordMain.groovy:20)
	... 19 more


2020-06-05 15:24:18 - [TEST_STEP][PASSED] - openBrowser(""): Browser is opened with url: ''

2020-06-05 15:24:18 - [MESSAGE][WARNING] - A browser is already opened. Closing browser and opening a new one

2020-06-05 15:24:18 - [MESSAGE][INFO] - Starting 'Chrome' driver

2020-06-05 15:24:18 - [MESSAGE][INFO] - Action delay is set to 0 milliseconds

2020-06-05 15:24:18 - [MESSAGE][PASSED] - Browser is opened with url: ''

2020-06-05 15:24:18 - [TEST_STEP][PASSED] - navigateToUrl("https://mattermost-aut.herokuapp.com/login"): Navigate to 'https://mattermost-aut.herokuapp.com/login' successfully

2020-06-05 15:24:22 - [MESSAGE][PASSED] - Navigate to 'https://mattermost-aut.herokuapp.com/login' successfully

2020-06-05 15:24:22 - [TEST_STEP][PASSED] - setText(findTestObject("Data Driven/login/Page_Mattermost/input_All team communication in one place searchable and accessible anywhere_loginId"), "phong1998"): Text 'phong1998' is set on object 'Object Repository/Data Driven/login/Page_Mattermost/input_All team communication in one place searchable and accessible anywhere_loginId'

2020-06-05 15:24:26 - [MESSAGE][PASSED] - Text 'phong1998' is set on object 'Object Repository/Data Driven/login/Page_Mattermost/input_All team communication in one place searchable and accessible anywhere_loginId'

2020-06-05 15:24:26 - [TEST_STEP][PASSED] - setEncryptedText(findTestObject("Data Driven/login/Page_Mattermost/input_All team communication in one place searchable and accessible anywhere_password"), "X6RAMBNCYDQ8H8PMJNlsmQ=="): Text ****** has been set on object 'Object Repository/Data Driven/login/Page_Mattermost/input_All team communication in one place searchable and accessible anywhere_password'

2020-06-05 15:24:27 - [MESSAGE][PASSED] - Text ****** has been set on object 'Object Repository/Data Driven/login/Page_Mattermost/input_All team communication in one place searchable and accessible anywhere_password'

2020-06-05 15:24:27 - [TEST_STEP][PASSED] - click(findTestObject("Data Driven/login/Page_Mattermost/button_Sign in")): Object: 'Object Repository/Data Driven/login/Page_Mattermost/button_Sign in' is clicked on

2020-06-05 15:24:28 - [MESSAGE][PASSED] - Object: 'Object Repository/Data Driven/login/Page_Mattermost/button_Sign in' is clicked on

2020-06-05 15:24:28 - [TEST_STEP][PASSED] - click(findTestObject("Data Driven/public-channel/Page_Town Square - team1612499 Mattermost/span_")): Object: 'Object Repository/Data Driven/public-channel/Page_Town Square - team1612499 Mattermost/span_' is clicked on

2020-06-05 15:24:31 - [MESSAGE][PASSED] - Object: 'Object Repository/Data Driven/public-channel/Page_Town Square - team1612499 Mattermost/span_' is clicked on

2020-06-05 15:24:31 - [TEST_STEP][PASSED] - setText(findTestObject("Data Driven/public-channel/Page_Town Square - team1612499 Mattermost/input_Name_newChannelName"), name): Text '' is set on object 'Object Repository/Data Driven/public-channel/Page_Town Square - team1612499 Mattermost/input_Name_newChannelName'

2020-06-05 15:24:31 - [MESSAGE][PASSED] - Text '' is set on object 'Object Repository/Data Driven/public-channel/Page_Town Square - team1612499 Mattermost/input_Name_newChannelName'

2020-06-05 15:24:31 - [TEST_STEP][PASSED] - setText(findTestObject("Data Driven/public-channel/Page_Town Square - team1612499 Mattermost/textarea_(optional)_newChannelPurpose"), purpose): Text '' is set on object 'Object Repository/Data Driven/public-channel/Page_Town Square - team1612499 Mattermost/textarea_(optional)_newChannelPurpose'

2020-06-05 15:24:32 - [MESSAGE][PASSED] - Text '' is set on object 'Object Repository/Data Driven/public-channel/Page_Town Square - team1612499 Mattermost/textarea_(optional)_newChannelPurpose'

2020-06-05 15:24:32 - [TEST_STEP][PASSED] - setText(findTestObject("Data Driven/public-channel/Page_Town Square - team1612499 Mattermost/textarea_(optional)_newChannelHeader"), header): Text '' is set on object 'Object Repository/Data Driven/public-channel/Page_Town Square - team1612499 Mattermost/textarea_(optional)_newChannelHeader'

2020-06-05 15:24:32 - [MESSAGE][PASSED] - Text '' is set on object 'Object Repository/Data Driven/public-channel/Page_Town Square - team1612499 Mattermost/textarea_(optional)_newChannelHeader'

2020-06-05 15:24:32 - [TEST_STEP][FAILED] - click(findTestObject("Page_Town Square - team1612499 Mattermost/span_Create Channel")): Unable to click on object (Root cause: com.kms.katalon.core.exception.StepFailedException: Unable to click on object
	at com.kms.katalon.core.webui.keyword.internal.WebUIKeywordMain.stepFailed(WebUIKeywordMain.groovy:64)
	at com.kms.katalon.core.webui.keyword.internal.WebUIKeywordMain.runKeyword(WebUIKeywordMain.groovy:26)
	at com.kms.katalon.core.webui.keyword.builtin.ClickKeyword.click(ClickKeyword.groovy:76)
	at com.kms.katalon.core.webui.keyword.builtin.ClickKeyword.execute(ClickKeyword.groovy:43)
	at com.kms.katalon.core.keyword.internal.KeywordExecutor.executeKeywordForPlatform(KeywordExecutor.groovy:72)
	at com.kms.katalon.core.webui.keyword.WebUiBuiltInKeywords.click(WebUiBuiltInKeywords.groovy:616)
	at com.kms.katalon.core.webui.keyword.WebUiBuiltInKeywords$click$3.call(Unknown Source)
	at public-channel.run(public-channel:41)
	at com.kms.katalon.core.main.ScriptEngine.run(ScriptEngine.java:194)
	at com.kms.katalon.core.main.ScriptEngine.runScriptAsRawText(ScriptEngine.java:119)
	at com.kms.katalon.core.main.TestCaseExecutor.runScript(TestCaseExecutor.java:337)
	at com.kms.katalon.core.main.TestCaseExecutor.doExecute(TestCaseExecutor.java:328)
	at com.kms.katalon.core.main.TestCaseExecutor.processExecutionPhase(TestCaseExecutor.java:307)
	at com.kms.katalon.core.main.TestCaseExecutor.accessMainPhase(TestCaseExecutor.java:299)
	at com.kms.katalon.core.main.TestCaseExecutor.execute(TestCaseExecutor.java:233)
	at com.kms.katalon.core.main.TestSuiteExecutor.accessTestCaseMainPhase(TestSuiteExecutor.java:169)
	at com.kms.katalon.core.main.TestSuiteExecutor.accessTestSuiteMainPhase(TestSuiteExecutor.java:142)
	at com.kms.katalon.core.main.TestSuiteExecutor.execute(TestSuiteExecutor.java:91)
	at com.kms.katalon.core.main.TestCaseMain.startTestSuite(TestCaseMain.java:157)
	at com.kms.katalon.core.main.TestCaseMain$startTestSuite$0.call(Unknown Source)
	at TempTestSuite1591345317087.run(TempTestSuite1591345317087.groovy:37)
Caused by: java.lang.IllegalArgumentException: Object is null
	at com.kms.katalon.core.helper.KeywordHelper.checkTestObjectParameter(KeywordHelper.java:33)
	at com.kms.katalon.core.webui.keyword.builtin.ClickKeyword$_click_closure1.doCall(ClickKeyword.groovy:65)
	at com.kms.katalon.core.webui.keyword.builtin.ClickKeyword$_click_closure1.call(ClickKeyword.groovy)
	at com.kms.katalon.core.webui.keyword.internal.WebUIKeywordMain.runKeyword(WebUIKeywordMain.groovy:20)
	at com.kms.katalon.core.webui.keyword.builtin.ClickKeyword.click(ClickKeyword.groovy:76)
	at com.kms.katalon.core.webui.keyword.builtin.ClickKeyword.execute(ClickKeyword.groovy:43)
	at com.kms.katalon.core.keyword.internal.KeywordExecutor.executeKeywordForPlatform(KeywordExecutor.groovy:72)
	at com.kms.katalon.core.webui.keyword.WebUiBuiltInKeywords.click(WebUiBuiltInKeywords.groovy:616)
	at com.kms.katalon.core.webui.keyword.WebUiBuiltInKeywords$click$3.call(Unknown Source)
	at Script1591293134604.run(Script1591293134604.groovy:41)
	... 13 more
)

2020-06-05 15:24:32 - [MESSAGE][WARNING] - Test object with id 'Object Repository/Page_Town Square - team1612499 Mattermost/span_Create Channel' does not exist

2020-06-05 15:24:32 - [MESSAGE][WARNING] - Test object with id 'Object Repository/' does not exist

2020-06-05 15:24:33 - [MESSAGE][FAILED] - Unable to click on object (Root cause: com.kms.katalon.core.exception.StepFailedException: Unable to click on object
	at com.kms.katalon.core.webui.keyword.internal.WebUIKeywordMain.stepFailed(WebUIKeywordMain.groovy:64)
	at com.kms.katalon.core.webui.keyword.internal.WebUIKeywordMain.runKeyword(WebUIKeywordMain.groovy:26)
	at com.kms.katalon.core.webui.keyword.builtin.ClickKeyword.click(ClickKeyword.groovy:76)
	at com.kms.katalon.core.webui.keyword.builtin.ClickKeyword.execute(ClickKeyword.groovy:43)
	at com.kms.katalon.core.keyword.internal.KeywordExecutor.executeKeywordForPlatform(KeywordExecutor.groovy:72)
	at com.kms.katalon.core.webui.keyword.WebUiBuiltInKeywords.click(WebUiBuiltInKeywords.groovy:616)
	at com.kms.katalon.core.webui.keyword.WebUiBuiltInKeywords$click$3.call(Unknown Source)
	at public-channel.run(public-channel:41)
	at com.kms.katalon.core.main.ScriptEngine.run(ScriptEngine.java:194)
	at com.kms.katalon.core.main.ScriptEngine.runScriptAsRawText(ScriptEngine.java:119)
	at com.kms.katalon.core.main.TestCaseExecutor.runScript(TestCaseExecutor.java:337)
	at com.kms.katalon.core.main.TestCaseExecutor.doExecute(TestCaseExecutor.java:328)
	at com.kms.katalon.core.main.TestCaseExecutor.processExecutionPhase(TestCaseExecutor.java:307)
	at com.kms.katalon.core.main.TestCaseExecutor.accessMainPhase(TestCaseExecutor.java:299)
	at com.kms.katalon.core.main.TestCaseExecutor.execute(TestCaseExecutor.java:233)
	at com.kms.katalon.core.main.TestSuiteExecutor.accessTestCaseMainPhase(TestSuiteExecutor.java:169)
	at com.kms.katalon.core.main.TestSuiteExecutor.accessTestSuiteMainPhase(TestSuiteExecutor.java:142)
	at com.kms.katalon.core.main.TestSuiteExecutor.execute(TestSuiteExecutor.java:91)
	at com.kms.katalon.core.main.TestCaseMain.startTestSuite(TestCaseMain.java:157)
	at com.kms.katalon.core.main.TestCaseMain$startTestSuite$0.call(Unknown Source)
	at TempTestSuite1591345317087.run(TempTestSuite1591345317087.groovy:37)
Caused by: java.lang.IllegalArgumentException: Object is null
	at com.kms.katalon.core.helper.KeywordHelper.checkTestObjectParameter(KeywordHelper.java:33)
	at com.kms.katalon.core.webui.keyword.builtin.ClickKeyword$_click_closure1.doCall(ClickKeyword.groovy:65)
	at com.kms.katalon.core.webui.keyword.builtin.ClickKeyword$_click_closure1.call(ClickKeyword.groovy)
	at com.kms.katalon.core.webui.keyword.internal.WebUIKeywordMain.runKeyword(WebUIKeywordMain.groovy:20)
	at com.kms.katalon.core.webui.keyword.builtin.ClickKeyword.click(ClickKeyword.groovy:76)
	at com.kms.katalon.core.webui.keyword.builtin.ClickKeyword.execute(ClickKeyword.groovy:43)
	at com.kms.katalon.core.keyword.internal.KeywordExecutor.executeKeywordForPlatform(KeywordExecutor.groovy:72)
	at com.kms.katalon.core.webui.keyword.WebUiBuiltInKeywords.click(WebUiBuiltInKeywords.groovy:616)
	at com.kms.katalon.core.webui.keyword.WebUiBuiltInKeywords$click$3.call(Unknown Source)
	at Script1591293134604.run(Script1591293134604.groovy:41)
	... 13 more
)
[[ATTACHMENT|/home/phat/Downloads/katalon/mattermost-webapp/Reports/20200605_152157/Run all test cases/20200605_152157/1591345472944.png]]]]></system-out>
         <system-err><![CDATA[2020-06-05 15:24:18 - [TEST_CASE][FAILED] - Test Cases/internal data test case/public-channel: Test Cases/internal data test case/public-channel FAILED.
Reason:
com.kms.katalon.core.exception.StepFailedException: Unable to click on object
	at com.kms.katalon.core.webui.keyword.internal.WebUIKeywordMain.stepFailed(WebUIKeywordMain.groovy:64)
	at com.kms.katalon.core.webui.keyword.internal.WebUIKeywordMain.runKeyword(WebUIKeywordMain.groovy:26)
	at com.kms.katalon.core.webui.keyword.builtin.ClickKeyword.click(ClickKeyword.groovy:76)
	at com.kms.katalon.core.webui.keyword.builtin.ClickKeyword.execute(ClickKeyword.groovy:43)
	at com.kms.katalon.core.keyword.internal.KeywordExecutor.executeKeywordForPlatform(KeywordExecutor.groovy:72)
	at com.kms.katalon.core.webui.keyword.WebUiBuiltInKeywords.click(WebUiBuiltInKeywords.groovy:616)
	at com.kms.katalon.core.webui.keyword.WebUiBuiltInKeywords$click$3.call(Unknown Source)
	at public-channel.run(public-channel:41)
	at com.kms.katalon.core.main.ScriptEngine.run(ScriptEngine.java:194)
	at com.kms.katalon.core.main.ScriptEngine.runScriptAsRawText(ScriptEngine.java:119)
	at com.kms.katalon.core.main.TestCaseExecutor.runScript(TestCaseExecutor.java:337)
	at com.kms.katalon.core.main.TestCaseExecutor.doExecute(TestCaseExecutor.java:328)
	at com.kms.katalon.core.main.TestCaseExecutor.processExecutionPhase(TestCaseExecutor.java:307)
	at com.kms.katalon.core.main.TestCaseExecutor.accessMainPhase(TestCaseExecutor.java:299)
	at com.kms.katalon.core.main.TestCaseExecutor.execute(TestCaseExecutor.java:233)
	at com.kms.katalon.core.main.TestSuiteExecutor.accessTestCaseMainPhase(TestSuiteExecutor.java:169)
	at com.kms.katalon.core.main.TestSuiteExecutor.accessTestSuiteMainPhase(TestSuiteExecutor.java:142)
	at com.kms.katalon.core.main.TestSuiteExecutor.execute(TestSuiteExecutor.java:91)
	at com.kms.katalon.core.main.TestCaseMain.startTestSuite(TestCaseMain.java:157)
	at com.kms.katalon.core.main.TestCaseMain$startTestSuite$0.call(Unknown Source)
	at TempTestSuite1591345317087.run(TempTestSuite1591345317087.groovy:37)
Caused by: java.lang.IllegalArgumentException: Object is null
	at com.kms.katalon.core.helper.KeywordHelper.checkTestObjectParameter(KeywordHelper.java:33)
	at com.kms.katalon.core.webui.keyword.builtin.ClickKeyword$_click_closure1.doCall(ClickKeyword.groovy:65)
	at com.kms.katalon.core.webui.keyword.builtin.ClickKeyword$_click_closure1.call(ClickKeyword.groovy)
	at com.kms.katalon.core.webui.keyword.internal.WebUIKeywordMain.runKeyword(WebUIKeywordMain.groovy:20)
	... 19 more]]></system-err>
      </testcase>
      <testcase name="Test Cases/internal data test case/login" time="8.993" classname="Test Cases/internal data test case/login" status="PASSED">
         <system-out><![CDATA[2020-06-05 15:24:33 - [TEST_CASE][PASSED] - Test Cases/internal data test case/login: Test Cases/internal data test case/login

2020-06-05 15:24:33 - [TEST_STEP][PASSED] - openBrowser(""): Browser is opened with url: ''

2020-06-05 15:24:33 - [MESSAGE][WARNING] - A browser is already opened. Closing browser and opening a new one

2020-06-05 15:24:33 - [MESSAGE][INFO] - Starting 'Chrome' driver

2020-06-05 15:24:33 - [MESSAGE][INFO] - Action delay is set to 0 milliseconds

2020-06-05 15:24:33 - [MESSAGE][PASSED] - Browser is opened with url: ''

2020-06-05 15:24:33 - [TEST_STEP][PASSED] - navigateToUrl("https://mattermost-aut.herokuapp.com/login"): Navigate to 'https://mattermost-aut.herokuapp.com/login' successfully

2020-06-05 15:24:36 - [MESSAGE][PASSED] - Navigate to 'https://mattermost-aut.herokuapp.com/login' successfully

2020-06-05 15:24:36 - [TEST_STEP][PASSED] - setText(findTestObject("Data Driven/login/Page_Mattermost/input_All team communication in one place searchable and accessible anywhere_loginId"), username): Text '' is set on object 'Object Repository/Data Driven/login/Page_Mattermost/input_All team communication in one place searchable and accessible anywhere_loginId'

2020-06-05 15:24:41 - [MESSAGE][PASSED] - Text '' is set on object 'Object Repository/Data Driven/login/Page_Mattermost/input_All team communication in one place searchable and accessible anywhere_loginId'

2020-06-05 15:24:41 - [TEST_STEP][PASSED] - setEncryptedText(findTestObject("Data Driven/login/Page_Mattermost/input_All team communication in one place searchable and accessible anywhere_password"), password): Text ****** has been set on object 'Object Repository/Data Driven/login/Page_Mattermost/input_All team communication in one place searchable and accessible anywhere_password'

2020-06-05 15:24:41 - [MESSAGE][PASSED] - Text ****** has been set on object 'Object Repository/Data Driven/login/Page_Mattermost/input_All team communication in one place searchable and accessible anywhere_password'

2020-06-05 15:24:41 - [TEST_STEP][PASSED] - click(findTestObject("Data Driven/login/Page_Mattermost/button_Sign in")): Object: 'Object Repository/Data Driven/login/Page_Mattermost/button_Sign in' is clicked on

2020-06-05 15:24:42 - [MESSAGE][PASSED] - Object: 'Object Repository/Data Driven/login/Page_Mattermost/button_Sign in' is clicked on

2020-06-05 15:24:42 - [TEST_STEP][PASSED] - closeBrowser(): Browser is closed

2020-06-05 15:24:42 - [MESSAGE][PASSED] - Browser is closed]]></system-out>
         <system-err><![CDATA[]]></system-err>
      </testcase>
      <testcase name="Test Cases/internal data test case/direct-message" time="15.002" classname="Test Cases/internal data test case/direct-message" status="PASSED">
         <system-out><![CDATA[2020-06-05 15:24:42 - [TEST_CASE][PASSED] - Test Cases/internal data test case/direct-message: Test Cases/internal data test case/direct-message

2020-06-05 15:24:42 - [TEST_STEP][PASSED] - openBrowser(""): Browser is opened with url: ''

2020-06-05 15:24:42 - [MESSAGE][INFO] - Starting 'Chrome' driver

2020-06-05 15:24:42 - [MESSAGE][INFO] - Action delay is set to 0 milliseconds

2020-06-05 15:24:42 - [MESSAGE][PASSED] - Browser is opened with url: ''

2020-06-05 15:24:42 - [TEST_STEP][PASSED] - navigateToUrl("https://mattermost-aut.herokuapp.com/login"): Navigate to 'https://mattermost-aut.herokuapp.com/login' successfully

2020-06-05 15:24:45 - [MESSAGE][PASSED] - Navigate to 'https://mattermost-aut.herokuapp.com/login' successfully

2020-06-05 15:24:45 - [TEST_STEP][PASSED] - setText(findTestObject("Data Driven/login/Page_Mattermost/input_All team communication in one place searchable and accessible anywhere_loginId"), "phong1998"): Text 'phong1998' is set on object 'Object Repository/Data Driven/login/Page_Mattermost/input_All team communication in one place searchable and accessible anywhere_loginId'

2020-06-05 15:24:48 - [MESSAGE][PASSED] - Text 'phong1998' is set on object 'Object Repository/Data Driven/login/Page_Mattermost/input_All team communication in one place searchable and accessible anywhere_loginId'

2020-06-05 15:24:48 - [TEST_STEP][PASSED] - setEncryptedText(findTestObject("Data Driven/login/Page_Mattermost/input_All team communication in one place searchable and accessible anywhere_password"), "X6RAMBNCYDQ8H8PMJNlsmQ=="): Text ****** has been set on object 'Object Repository/Data Driven/login/Page_Mattermost/input_All team communication in one place searchable and accessible anywhere_password'

2020-06-05 15:24:49 - [MESSAGE][PASSED] - Text ****** has been set on object 'Object Repository/Data Driven/login/Page_Mattermost/input_All team communication in one place searchable and accessible anywhere_password'

2020-06-05 15:24:49 - [TEST_STEP][PASSED] - click(findTestObject("Data Driven/login/Page_Mattermost/button_Sign in")): Object: 'Object Repository/Data Driven/login/Page_Mattermost/button_Sign in' is clicked on

2020-06-05 15:24:50 - [MESSAGE][PASSED] - Object: 'Object Repository/Data Driven/login/Page_Mattermost/button_Sign in' is clicked on

2020-06-05 15:24:50 - [TEST_STEP][PASSED] - click(findTestObject("Data Driven/direct-message/Page_Town Square - team1612499 Mattermost/span_")): Object: 'Object Repository/Data Driven/direct-message/Page_Town Square - team1612499 Mattermost/span_' is clicked on

2020-06-05 15:24:53 - [MESSAGE][PASSED] - Object: 'Object Repository/Data Driven/direct-message/Page_Town Square - team1612499 Mattermost/span_' is clicked on

2020-06-05 15:24:53 - [TEST_STEP][PASSED] - click(findTestObject("Data Driven/direct-message/Page_Town Square - team1612499 Mattermost/div_huydoan198gmailcom_more-modal__actions--round")): Object: 'Object Repository/Data Driven/direct-message/Page_Town Square - team1612499 Mattermost/div_huydoan198gmailcom_more-modal__actions--round' is clicked on

2020-06-05 15:24:54 - [MESSAGE][PASSED] - Object: 'Object Repository/Data Driven/direct-message/Page_Town Square - team1612499 Mattermost/div_huydoan198gmailcom_more-modal__actions--round' is clicked on

2020-06-05 15:24:54 - [TEST_STEP][PASSED] - click(findTestObject("Data Driven/direct-message/Page_Town Square - team1612499 Mattermost/span_Go")): Object: 'Object Repository/Data Driven/direct-message/Page_Town Square - team1612499 Mattermost/span_Go' is clicked on

2020-06-05 15:24:54 - [MESSAGE][PASSED] - Object: 'Object Repository/Data Driven/direct-message/Page_Town Square - team1612499 Mattermost/span_Go' is clicked on

2020-06-05 15:24:54 - [TEST_STEP][PASSED] - setText(findTestObject("Data Driven/direct-message/Page_huydoan - team1612499 Mattermost/textarea_Write to huydoan_post_textbox"), message): Text '' is set on object 'Object Repository/Data Driven/direct-message/Page_huydoan - team1612499 Mattermost/textarea_Write to huydoan_post_textbox'

2020-06-05 15:24:57 - [MESSAGE][PASSED] - Text '' is set on object 'Object Repository/Data Driven/direct-message/Page_huydoan - team1612499 Mattermost/textarea_Write to huydoan_post_textbox'

2020-06-05 15:24:57 - [TEST_STEP][PASSED] - closeBrowser(): Browser is closed

2020-06-05 15:24:57 - [MESSAGE][PASSED] - Browser is closed]]></system-out>
         <system-err><![CDATA[]]></system-err>
      </testcase>
      <testcase name="Test Cases/internal data test case/header" time="12.57" classname="Test Cases/internal data test case/header" status="PASSED">
         <system-out><![CDATA[2020-06-05 15:24:57 - [TEST_CASE][PASSED] - Test Cases/internal data test case/header: Test Cases/internal data test case/header

2020-06-05 15:24:57 - [TEST_STEP][PASSED] - openBrowser(""): Browser is opened with url: ''

2020-06-05 15:24:57 - [MESSAGE][INFO] - Starting 'Chrome' driver

2020-06-05 15:24:57 - [MESSAGE][INFO] - Action delay is set to 0 milliseconds

2020-06-05 15:24:57 - [MESSAGE][PASSED] - Browser is opened with url: ''

2020-06-05 15:24:57 - [TEST_STEP][PASSED] - navigateToUrl("https://mattermost-aut.herokuapp.com/login"): Navigate to 'https://mattermost-aut.herokuapp.com/login' successfully

2020-06-05 15:25:00 - [MESSAGE][PASSED] - Navigate to 'https://mattermost-aut.herokuapp.com/login' successfully

2020-06-05 15:25:00 - [TEST_STEP][PASSED] - setText(findTestObject("Data Driven/login/Page_Mattermost/input_All team communication in one place searchable and accessible anywhere_loginId"), "phong1998"): Text 'phong1998' is set on object 'Object Repository/Data Driven/login/Page_Mattermost/input_All team communication in one place searchable and accessible anywhere_loginId'

2020-06-05 15:25:04 - [MESSAGE][PASSED] - Text 'phong1998' is set on object 'Object Repository/Data Driven/login/Page_Mattermost/input_All team communication in one place searchable and accessible anywhere_loginId'

2020-06-05 15:25:04 - [TEST_STEP][PASSED] - setEncryptedText(findTestObject("Data Driven/login/Page_Mattermost/input_All team communication in one place searchable and accessible anywhere_password"), "X6RAMBNCYDQ8H8PMJNlsmQ=="): Text ****** has been set on object 'Object Repository/Data Driven/login/Page_Mattermost/input_All team communication in one place searchable and accessible anywhere_password'

2020-06-05 15:25:05 - [MESSAGE][PASSED] - Text ****** has been set on object 'Object Repository/Data Driven/login/Page_Mattermost/input_All team communication in one place searchable and accessible anywhere_password'

2020-06-05 15:25:05 - [TEST_STEP][PASSED] - click(findTestObject("Data Driven/direct-message/Page_Mattermost/button_Sign in")): Object: 'Object Repository/Data Driven/direct-message/Page_Mattermost/button_Sign in' is clicked on

2020-06-05 15:25:05 - [MESSAGE][PASSED] - Object: 'Object Repository/Data Driven/direct-message/Page_Mattermost/button_Sign in' is clicked on

2020-06-05 15:25:05 - [TEST_STEP][PASSED] - click(findTestObject("Data Driven/header/Page_Town Square - team1612499 Mattermost/button_Set a Header")): Object: 'Object Repository/Data Driven/header/Page_Town Square - team1612499 Mattermost/button_Set a Header' is clicked on

2020-06-05 15:25:08 - [MESSAGE][PASSED] - Object: 'Object Repository/Data Driven/header/Page_Town Square - team1612499 Mattermost/button_Set a Header' is clicked on

2020-06-05 15:25:08 - [TEST_STEP][PASSED] - setText(findTestObject("Data Driven/header/Page_Town Square - team1612499 Mattermost/textarea_tes"), header): Text '' is set on object 'Object Repository/Data Driven/header/Page_Town Square - team1612499 Mattermost/textarea_tes'

2020-06-05 15:25:09 - [MESSAGE][PASSED] - Text '' is set on object 'Object Repository/Data Driven/header/Page_Town Square - team1612499 Mattermost/textarea_tes'

2020-06-05 15:25:09 - [TEST_STEP][PASSED] - click(findTestObject("Data Driven/header/Page_Town Square - team1612499 Mattermost/span_Save")): Object: 'Object Repository/Data Driven/header/Page_Town Square - team1612499 Mattermost/span_Save' is clicked on

2020-06-05 15:25:09 - [MESSAGE][PASSED] - Object: 'Object Repository/Data Driven/header/Page_Town Square - team1612499 Mattermost/span_Save' is clicked on

2020-06-05 15:25:09 - [TEST_STEP][PASSED] - closeBrowser(): Browser is closed

2020-06-05 15:25:09 - [MESSAGE][PASSED] - Browser is closed]]></system-out>
         <system-err><![CDATA[]]></system-err>
      </testcase>
      <testcase name="Test Cases/internal data test case/nickname" time="11.896" classname="Test Cases/internal data test case/nickname" status="FAILED">
         <failure type="FAILED" message="Test Cases/internal data test case/nickname FAILED.
Reason:
com.kms.katalon.core.exception.StepFailedException: Unable to click on object
	at com.kms.katalon.core.webui.keyword.internal.WebUIKeywordMain.stepFailed(WebUIKeywordMain.groovy:64)
	at com.kms.katalon.core.webui.keyword.internal.WebUIKeywordMain.runKeyword(WebUIKeywordMain.groovy:26)
	at com.kms.katalon.core.webui.keyword.builtin.ClickKeyword.click(ClickKeyword.groovy:76)
	at com.kms.katalon.core.webui.keyword.builtin.ClickKeyword.execute(ClickKeyword.groovy:43)
	at com.kms.katalon.core.keyword.internal.KeywordExecutor.executeKeywordForPlatform(KeywordExecutor.groovy:72)
	at com.kms.katalon.core.webui.keyword.WebUiBuiltInKeywords.click(WebUiBuiltInKeywords.groovy:616)
	at com.kms.katalon.core.webui.keyword.WebUiBuiltInKeywords$click$3.call(Unknown Source)
	at nickname.run(nickname:34)
	at com.kms.katalon.core.main.ScriptEngine.run(ScriptEngine.java:194)
	at com.kms.katalon.core.main.ScriptEngine.runScriptAsRawText(ScriptEngine.java:119)
	at com.kms.katalon.core.main.TestCaseExecutor.runScript(TestCaseExecutor.java:337)
	at com.kms.katalon.core.main.TestCaseExecutor.doExecute(TestCaseExecutor.java:328)
	at com.kms.katalon.core.main.TestCaseExecutor.processExecutionPhase(TestCaseExecutor.java:307)
	at com.kms.katalon.core.main.TestCaseExecutor.accessMainPhase(TestCaseExecutor.java:299)
	at com.kms.katalon.core.main.TestCaseExecutor.execute(TestCaseExecutor.java:233)
	at com.kms.katalon.core.main.TestSuiteExecutor.accessTestCaseMainPhase(TestSuiteExecutor.java:169)
	at com.kms.katalon.core.main.TestSuiteExecutor.accessTestSuiteMainPhase(TestSuiteExecutor.java:142)
	at com.kms.katalon.core.main.TestSuiteExecutor.execute(TestSuiteExecutor.java:91)
	at com.kms.katalon.core.main.TestCaseMain.startTestSuite(TestCaseMain.java:157)
	at com.kms.katalon.core.main.TestCaseMain$startTestSuite$0.call(Unknown Source)
	at TempTestSuite1591345317087.run(TempTestSuite1591345317087.groovy:37)
Caused by: java.lang.IllegalArgumentException: Object is null
	at com.kms.katalon.core.helper.KeywordHelper.checkTestObjectParameter(KeywordHelper.java:33)
	at com.kms.katalon.core.webui.keyword.builtin.ClickKeyword$_click_closure1.doCall(ClickKeyword.groovy:65)
	at com.kms.katalon.core.webui.keyword.builtin.ClickKeyword$_click_closure1.call(ClickKeyword.groovy)
	at com.kms.katalon.core.webui.keyword.internal.WebUIKeywordMain.runKeyword(WebUIKeywordMain.groovy:20)
	... 19 more
"/>
         <system-out><![CDATA[2020-06-05 15:25:09 - [TEST_CASE][FAILED] - Test Cases/internal data test case/nickname: Test Cases/internal data test case/nickname FAILED.
Reason:
com.kms.katalon.core.exception.StepFailedException: Unable to click on object
	at com.kms.katalon.core.webui.keyword.internal.WebUIKeywordMain.stepFailed(WebUIKeywordMain.groovy:64)
	at com.kms.katalon.core.webui.keyword.internal.WebUIKeywordMain.runKeyword(WebUIKeywordMain.groovy:26)
	at com.kms.katalon.core.webui.keyword.builtin.ClickKeyword.click(ClickKeyword.groovy:76)
	at com.kms.katalon.core.webui.keyword.builtin.ClickKeyword.execute(ClickKeyword.groovy:43)
	at com.kms.katalon.core.keyword.internal.KeywordExecutor.executeKeywordForPlatform(KeywordExecutor.groovy:72)
	at com.kms.katalon.core.webui.keyword.WebUiBuiltInKeywords.click(WebUiBuiltInKeywords.groovy:616)
	at com.kms.katalon.core.webui.keyword.WebUiBuiltInKeywords$click$3.call(Unknown Source)
	at nickname.run(nickname:34)
	at com.kms.katalon.core.main.ScriptEngine.run(ScriptEngine.java:194)
	at com.kms.katalon.core.main.ScriptEngine.runScriptAsRawText(ScriptEngine.java:119)
	at com.kms.katalon.core.main.TestCaseExecutor.runScript(TestCaseExecutor.java:337)
	at com.kms.katalon.core.main.TestCaseExecutor.doExecute(TestCaseExecutor.java:328)
	at com.kms.katalon.core.main.TestCaseExecutor.processExecutionPhase(TestCaseExecutor.java:307)
	at com.kms.katalon.core.main.TestCaseExecutor.accessMainPhase(TestCaseExecutor.java:299)
	at com.kms.katalon.core.main.TestCaseExecutor.execute(TestCaseExecutor.java:233)
	at com.kms.katalon.core.main.TestSuiteExecutor.accessTestCaseMainPhase(TestSuiteExecutor.java:169)
	at com.kms.katalon.core.main.TestSuiteExecutor.accessTestSuiteMainPhase(TestSuiteExecutor.java:142)
	at com.kms.katalon.core.main.TestSuiteExecutor.execute(TestSuiteExecutor.java:91)
	at com.kms.katalon.core.main.TestCaseMain.startTestSuite(TestCaseMain.java:157)
	at com.kms.katalon.core.main.TestCaseMain$startTestSuite$0.call(Unknown Source)
	at TempTestSuite1591345317087.run(TempTestSuite1591345317087.groovy:37)
Caused by: java.lang.IllegalArgumentException: Object is null
	at com.kms.katalon.core.helper.KeywordHelper.checkTestObjectParameter(KeywordHelper.java:33)
	at com.kms.katalon.core.webui.keyword.builtin.ClickKeyword$_click_closure1.doCall(ClickKeyword.groovy:65)
	at com.kms.katalon.core.webui.keyword.builtin.ClickKeyword$_click_closure1.call(ClickKeyword.groovy)
	at com.kms.katalon.core.webui.keyword.internal.WebUIKeywordMain.runKeyword(WebUIKeywordMain.groovy:20)
	... 19 more


2020-06-05 15:25:09 - [TEST_STEP][PASSED] - openBrowser(""): Browser is opened with url: ''

2020-06-05 15:25:09 - [MESSAGE][INFO] - Starting 'Chrome' driver

2020-06-05 15:25:09 - [MESSAGE][INFO] - Action delay is set to 0 milliseconds

2020-06-05 15:25:10 - [MESSAGE][PASSED] - Browser is opened with url: ''

2020-06-05 15:25:10 - [TEST_STEP][PASSED] - navigateToUrl("https://mattermost-aut.herokuapp.com/login"): Navigate to 'https://mattermost-aut.herokuapp.com/login' successfully

2020-06-05 15:25:13 - [MESSAGE][PASSED] - Navigate to 'https://mattermost-aut.herokuapp.com/login' successfully

2020-06-05 15:25:13 - [TEST_STEP][PASSED] - setText(findTestObject("Data Driven/nickname/Page_Mattermost/input_All team communication in one place searchable and accessible anywhere_loginId"), "phong1998"): Text 'phong1998' is set on object 'Object Repository/Data Driven/nickname/Page_Mattermost/input_All team communication in one place searchable and accessible anywhere_loginId'

2020-06-05 15:25:17 - [MESSAGE][PASSED] - Text 'phong1998' is set on object 'Object Repository/Data Driven/nickname/Page_Mattermost/input_All team communication in one place searchable and accessible anywhere_loginId'

2020-06-05 15:25:17 - [TEST_STEP][PASSED] - setEncryptedText(findTestObject("Data Driven/nickname/Page_Mattermost/input_All team communication in one place searchable and accessible anywhere_password"), "X6RAMBNCYDQ8H8PMJNlsmQ=="): Text ****** has been set on object 'Object Repository/Data Driven/nickname/Page_Mattermost/input_All team communication in one place searchable and accessible anywhere_password'

2020-06-05 15:25:17 - [MESSAGE][PASSED] - Text ****** has been set on object 'Object Repository/Data Driven/nickname/Page_Mattermost/input_All team communication in one place searchable and accessible anywhere_password'

2020-06-05 15:25:17 - [TEST_STEP][PASSED] - click(findTestObject("Data Driven/nickname/Page_Mattermost/span_Sign in")): Object: 'Object Repository/Data Driven/nickname/Page_Mattermost/span_Sign in' is clicked on

2020-06-05 15:25:18 - [MESSAGE][PASSED] - Object: 'Object Repository/Data Driven/nickname/Page_Mattermost/span_Sign in' is clicked on

2020-06-05 15:25:18 - [TEST_STEP][PASSED] - click(findTestObject("Data Driven/position/Page_Town Square - team1612499 Mattermost/span")): Object: 'Object Repository/Data Driven/position/Page_Town Square - team1612499 Mattermost/span' is clicked on

2020-06-05 15:25:21 - [MESSAGE][PASSED] - Object: 'Object Repository/Data Driven/position/Page_Town Square - team1612499 Mattermost/span' is clicked on

2020-06-05 15:25:21 - [TEST_STEP][FAILED] - click(findTestObject("Page_Town Square - team1612499 Mattermost/span_Account Settings")): Unable to click on object (Root cause: com.kms.katalon.core.exception.StepFailedException: Unable to click on object
	at com.kms.katalon.core.webui.keyword.internal.WebUIKeywordMain.stepFailed(WebUIKeywordMain.groovy:64)
	at com.kms.katalon.core.webui.keyword.internal.WebUIKeywordMain.runKeyword(WebUIKeywordMain.groovy:26)
	at com.kms.katalon.core.webui.keyword.builtin.ClickKeyword.click(ClickKeyword.groovy:76)
	at com.kms.katalon.core.webui.keyword.builtin.ClickKeyword.execute(ClickKeyword.groovy:43)
	at com.kms.katalon.core.keyword.internal.KeywordExecutor.executeKeywordForPlatform(KeywordExecutor.groovy:72)
	at com.kms.katalon.core.webui.keyword.WebUiBuiltInKeywords.click(WebUiBuiltInKeywords.groovy:616)
	at com.kms.katalon.core.webui.keyword.WebUiBuiltInKeywords$click$3.call(Unknown Source)
	at nickname.run(nickname:34)
	at com.kms.katalon.core.main.ScriptEngine.run(ScriptEngine.java:194)
	at com.kms.katalon.core.main.ScriptEngine.runScriptAsRawText(ScriptEngine.java:119)
	at com.kms.katalon.core.main.TestCaseExecutor.runScript(TestCaseExecutor.java:337)
	at com.kms.katalon.core.main.TestCaseExecutor.doExecute(TestCaseExecutor.java:328)
	at com.kms.katalon.core.main.TestCaseExecutor.processExecutionPhase(TestCaseExecutor.java:307)
	at com.kms.katalon.core.main.TestCaseExecutor.accessMainPhase(TestCaseExecutor.java:299)
	at com.kms.katalon.core.main.TestCaseExecutor.execute(TestCaseExecutor.java:233)
	at com.kms.katalon.core.main.TestSuiteExecutor.accessTestCaseMainPhase(TestSuiteExecutor.java:169)
	at com.kms.katalon.core.main.TestSuiteExecutor.accessTestSuiteMainPhase(TestSuiteExecutor.java:142)
	at com.kms.katalon.core.main.TestSuiteExecutor.execute(TestSuiteExecutor.java:91)
	at com.kms.katalon.core.main.TestCaseMain.startTestSuite(TestCaseMain.java:157)
	at com.kms.katalon.core.main.TestCaseMain$startTestSuite$0.call(Unknown Source)
	at TempTestSuite1591345317087.run(TempTestSuite1591345317087.groovy:37)
Caused by: java.lang.IllegalArgumentException: Object is null
	at com.kms.katalon.core.helper.KeywordHelper.checkTestObjectParameter(KeywordHelper.java:33)
	at com.kms.katalon.core.webui.keyword.builtin.ClickKeyword$_click_closure1.doCall(ClickKeyword.groovy:65)
	at com.kms.katalon.core.webui.keyword.builtin.ClickKeyword$_click_closure1.call(ClickKeyword.groovy)
	at com.kms.katalon.core.webui.keyword.internal.WebUIKeywordMain.runKeyword(WebUIKeywordMain.groovy:20)
	at com.kms.katalon.core.webui.keyword.builtin.ClickKeyword.click(ClickKeyword.groovy:76)
	at com.kms.katalon.core.webui.keyword.builtin.ClickKeyword.execute(ClickKeyword.groovy:43)
	at com.kms.katalon.core.keyword.internal.KeywordExecutor.executeKeywordForPlatform(KeywordExecutor.groovy:72)
	at com.kms.katalon.core.webui.keyword.WebUiBuiltInKeywords.click(WebUiBuiltInKeywords.groovy:616)
	at com.kms.katalon.core.webui.keyword.WebUiBuiltInKeywords$click$3.call(Unknown Source)
	at Script1591296486685.run(Script1591296486685.groovy:34)
	... 13 more
)

2020-06-05 15:25:21 - [MESSAGE][WARNING] - Test object with id 'Object Repository/Page_Town Square - team1612499 Mattermost/span_Account Settings' does not exist

2020-06-05 15:25:21 - [MESSAGE][WARNING] - Test object with id 'Object Repository/' does not exist

2020-06-05 15:25:21 - [MESSAGE][FAILED] - Unable to click on object (Root cause: com.kms.katalon.core.exception.StepFailedException: Unable to click on object
	at com.kms.katalon.core.webui.keyword.internal.WebUIKeywordMain.stepFailed(WebUIKeywordMain.groovy:64)
	at com.kms.katalon.core.webui.keyword.internal.WebUIKeywordMain.runKeyword(WebUIKeywordMain.groovy:26)
	at com.kms.katalon.core.webui.keyword.builtin.ClickKeyword.click(ClickKeyword.groovy:76)
	at com.kms.katalon.core.webui.keyword.builtin.ClickKeyword.execute(ClickKeyword.groovy:43)
	at com.kms.katalon.core.keyword.internal.KeywordExecutor.executeKeywordForPlatform(KeywordExecutor.groovy:72)
	at com.kms.katalon.core.webui.keyword.WebUiBuiltInKeywords.click(WebUiBuiltInKeywords.groovy:616)
	at com.kms.katalon.core.webui.keyword.WebUiBuiltInKeywords$click$3.call(Unknown Source)
	at nickname.run(nickname:34)
	at com.kms.katalon.core.main.ScriptEngine.run(ScriptEngine.java:194)
	at com.kms.katalon.core.main.ScriptEngine.runScriptAsRawText(ScriptEngine.java:119)
	at com.kms.katalon.core.main.TestCaseExecutor.runScript(TestCaseExecutor.java:337)
	at com.kms.katalon.core.main.TestCaseExecutor.doExecute(TestCaseExecutor.java:328)
	at com.kms.katalon.core.main.TestCaseExecutor.processExecutionPhase(TestCaseExecutor.java:307)
	at com.kms.katalon.core.main.TestCaseExecutor.accessMainPhase(TestCaseExecutor.java:299)
	at com.kms.katalon.core.main.TestCaseExecutor.execute(TestCaseExecutor.java:233)
	at com.kms.katalon.core.main.TestSuiteExecutor.accessTestCaseMainPhase(TestSuiteExecutor.java:169)
	at com.kms.katalon.core.main.TestSuiteExecutor.accessTestSuiteMainPhase(TestSuiteExecutor.java:142)
	at com.kms.katalon.core.main.TestSuiteExecutor.execute(TestSuiteExecutor.java:91)
	at com.kms.katalon.core.main.TestCaseMain.startTestSuite(TestCaseMain.java:157)
	at com.kms.katalon.core.main.TestCaseMain$startTestSuite$0.call(Unknown Source)
	at TempTestSuite1591345317087.run(TempTestSuite1591345317087.groovy:37)
Caused by: java.lang.IllegalArgumentException: Object is null
	at com.kms.katalon.core.helper.KeywordHelper.checkTestObjectParameter(KeywordHelper.java:33)
	at com.kms.katalon.core.webui.keyword.builtin.ClickKeyword$_click_closure1.doCall(ClickKeyword.groovy:65)
	at com.kms.katalon.core.webui.keyword.builtin.ClickKeyword$_click_closure1.call(ClickKeyword.groovy)
	at com.kms.katalon.core.webui.keyword.internal.WebUIKeywordMain.runKeyword(WebUIKeywordMain.groovy:20)
	at com.kms.katalon.core.webui.keyword.builtin.ClickKeyword.click(ClickKeyword.groovy:76)
	at com.kms.katalon.core.webui.keyword.builtin.ClickKeyword.execute(ClickKeyword.groovy:43)
	at com.kms.katalon.core.keyword.internal.KeywordExecutor.executeKeywordForPlatform(KeywordExecutor.groovy:72)
	at com.kms.katalon.core.webui.keyword.WebUiBuiltInKeywords.click(WebUiBuiltInKeywords.groovy:616)
	at com.kms.katalon.core.webui.keyword.WebUiBuiltInKeywords$click$3.call(Unknown Source)
	at Script1591296486685.run(Script1591296486685.groovy:34)
	... 13 more
)
[[ATTACHMENT|/home/phat/Downloads/katalon/mattermost-webapp/Reports/20200605_152157/Run all test cases/20200605_152157/1591345521391.png]]]]></system-out>
         <system-err><![CDATA[2020-06-05 15:25:09 - [TEST_CASE][FAILED] - Test Cases/internal data test case/nickname: Test Cases/internal data test case/nickname FAILED.
Reason:
com.kms.katalon.core.exception.StepFailedException: Unable to click on object
	at com.kms.katalon.core.webui.keyword.internal.WebUIKeywordMain.stepFailed(WebUIKeywordMain.groovy:64)
	at com.kms.katalon.core.webui.keyword.internal.WebUIKeywordMain.runKeyword(WebUIKeywordMain.groovy:26)
	at com.kms.katalon.core.webui.keyword.builtin.ClickKeyword.click(ClickKeyword.groovy:76)
	at com.kms.katalon.core.webui.keyword.builtin.ClickKeyword.execute(ClickKeyword.groovy:43)
	at com.kms.katalon.core.keyword.internal.KeywordExecutor.executeKeywordForPlatform(KeywordExecutor.groovy:72)
	at com.kms.katalon.core.webui.keyword.WebUiBuiltInKeywords.click(WebUiBuiltInKeywords.groovy:616)
	at com.kms.katalon.core.webui.keyword.WebUiBuiltInKeywords$click$3.call(Unknown Source)
	at nickname.run(nickname:34)
	at com.kms.katalon.core.main.ScriptEngine.run(ScriptEngine.java:194)
	at com.kms.katalon.core.main.ScriptEngine.runScriptAsRawText(ScriptEngine.java:119)
	at com.kms.katalon.core.main.TestCaseExecutor.runScript(TestCaseExecutor.java:337)
	at com.kms.katalon.core.main.TestCaseExecutor.doExecute(TestCaseExecutor.java:328)
	at com.kms.katalon.core.main.TestCaseExecutor.processExecutionPhase(TestCaseExecutor.java:307)
	at com.kms.katalon.core.main.TestCaseExecutor.accessMainPhase(TestCaseExecutor.java:299)
	at com.kms.katalon.core.main.TestCaseExecutor.execute(TestCaseExecutor.java:233)
	at com.kms.katalon.core.main.TestSuiteExecutor.accessTestCaseMainPhase(TestSuiteExecutor.java:169)
	at com.kms.katalon.core.main.TestSuiteExecutor.accessTestSuiteMainPhase(TestSuiteExecutor.java:142)
	at com.kms.katalon.core.main.TestSuiteExecutor.execute(TestSuiteExecutor.java:91)
	at com.kms.katalon.core.main.TestCaseMain.startTestSuite(TestCaseMain.java:157)
	at com.kms.katalon.core.main.TestCaseMain$startTestSuite$0.call(Unknown Source)
	at TempTestSuite1591345317087.run(TempTestSuite1591345317087.groovy:37)
Caused by: java.lang.IllegalArgumentException: Object is null
	at com.kms.katalon.core.helper.KeywordHelper.checkTestObjectParameter(KeywordHelper.java:33)
	at com.kms.katalon.core.webui.keyword.builtin.ClickKeyword$_click_closure1.doCall(ClickKeyword.groovy:65)
	at com.kms.katalon.core.webui.keyword.builtin.ClickKeyword$_click_closure1.call(ClickKeyword.groovy)
	at com.kms.katalon.core.webui.keyword.internal.WebUIKeywordMain.runKeyword(WebUIKeywordMain.groovy:20)
	... 19 more]]></system-err>
      </testcase>
      <testcase name="Test Cases/internal data test case/language" time="16.258" classname="Test Cases/internal data test case/language" status="PASSED">
         <system-out><![CDATA[2020-06-05 15:25:21 - [TEST_CASE][PASSED] - Test Cases/internal data test case/language: Test Cases/internal data test case/language

2020-06-05 15:25:21 - [TEST_STEP][PASSED] - openBrowser(""): Browser is opened with url: ''

2020-06-05 15:25:21 - [MESSAGE][WARNING] - A browser is already opened. Closing browser and opening a new one

2020-06-05 15:25:21 - [MESSAGE][INFO] - Starting 'Chrome' driver

2020-06-05 15:25:21 - [MESSAGE][INFO] - Action delay is set to 0 milliseconds

2020-06-05 15:25:22 - [MESSAGE][PASSED] - Browser is opened with url: ''

2020-06-05 15:25:22 - [TEST_STEP][PASSED] - navigateToUrl("https://mattermost-aut.herokuapp.com/login"): Navigate to 'https://mattermost-aut.herokuapp.com/login' successfully

2020-06-05 15:25:25 - [MESSAGE][PASSED] - Navigate to 'https://mattermost-aut.herokuapp.com/login' successfully

2020-06-05 15:25:25 - [TEST_STEP][PASSED] - setText(findTestObject("Data Driven/login/Page_Mattermost/input_All team communication in one place searchable and accessible anywhere_loginId"), "phong1998"): Text 'phong1998' is set on object 'Object Repository/Data Driven/login/Page_Mattermost/input_All team communication in one place searchable and accessible anywhere_loginId'

2020-06-05 15:25:30 - [MESSAGE][PASSED] - Text 'phong1998' is set on object 'Object Repository/Data Driven/login/Page_Mattermost/input_All team communication in one place searchable and accessible anywhere_loginId'

2020-06-05 15:25:30 - [TEST_STEP][PASSED] - setEncryptedText(findTestObject("Data Driven/login/Page_Mattermost/input_All team communication in one place searchable and accessible anywhere_password"), "X6RAMBNCYDQ8H8PMJNlsmQ=="): Text ****** has been set on object 'Object Repository/Data Driven/login/Page_Mattermost/input_All team communication in one place searchable and accessible anywhere_password'

2020-06-05 15:25:30 - [MESSAGE][PASSED] - Text ****** has been set on object 'Object Repository/Data Driven/login/Page_Mattermost/input_All team communication in one place searchable and accessible anywhere_password'

2020-06-05 15:25:30 - [TEST_STEP][PASSED] - click(findTestObject("Data Driven/direct-message/Page_Mattermost/button_Sign in")): Object: 'Object Repository/Data Driven/direct-message/Page_Mattermost/button_Sign in' is clicked on

2020-06-05 15:25:31 - [MESSAGE][PASSED] - Object: 'Object Repository/Data Driven/direct-message/Page_Mattermost/button_Sign in' is clicked on

2020-06-05 15:25:31 - [TEST_STEP][PASSED] - click(findTestObject("Data Driven/language/Page_Town Square - team1612499 Mattermost/button_phong1998_style--none sidebar-header-dropdown__icon")): Object: 'Object Repository/Data Driven/language/Page_Town Square - team1612499 Mattermost/button_phong1998_style--none sidebar-header-dropdown__icon' is clicked on

2020-06-05 15:25:34 - [MESSAGE][PASSED] - Object: 'Object Repository/Data Driven/language/Page_Town Square - team1612499 Mattermost/button_phong1998_style--none sidebar-header-dropdown__icon' is clicked on

2020-06-05 15:25:34 - [TEST_STEP][PASSED] - click(findTestObject("Data Driven/language/Page_Town Square - team1612499 Mattermost/span_Account Settings")): Object: 'Object Repository/Data Driven/language/Page_Town Square - team1612499 Mattermost/span_Account Settings' is clicked on

2020-06-05 15:25:35 - [MESSAGE][PASSED] - Object: 'Object Repository/Data Driven/language/Page_Town Square - team1612499 Mattermost/span_Account Settings' is clicked on

2020-06-05 15:25:35 - [TEST_STEP][PASSED] - click(findTestObject("Data Driven/language/Page_Town Square - team1612499 Mattermost/button_Display")): Object: 'Object Repository/Data Driven/language/Page_Town Square - team1612499 Mattermost/button_Display' is clicked on

2020-06-05 15:25:36 - [MESSAGE][PASSED] - Object: 'Object Repository/Data Driven/language/Page_Town Square - team1612499 Mattermost/button_Display' is clicked on

2020-06-05 15:25:36 - [TEST_STEP][PASSED] - click(findTestObject("Data Driven/language/Page_Town Square - team1612499 Mattermost/div_LanguageEdit")): Object: 'Object Repository/Data Driven/language/Page_Town Square - team1612499 Mattermost/div_LanguageEdit' is clicked on

2020-06-05 15:25:36 - [MESSAGE][PASSED] - Object: 'Object Repository/Data Driven/language/Page_Town Square - team1612499 Mattermost/div_LanguageEdit' is clicked on

2020-06-05 15:25:36 - [TEST_STEP][PASSED] - setText(findTestObject("Data Driven/language/Page_Town Square - team1612499 Mattermost/input_English_react-select-2-input"), language): Text '' is set on object 'Object Repository/Data Driven/language/Page_Town Square - team1612499 Mattermost/input_English_react-select-2-input'

2020-06-05 15:25:37 - [MESSAGE][PASSED] - Text '' is set on object 'Object Repository/Data Driven/language/Page_Town Square - team1612499 Mattermost/input_English_react-select-2-input'

2020-06-05 15:25:37 - [TEST_STEP][PASSED] - click(findTestObject("Data Driven/language/Page_Town Square - team1612499 Mattermost/button_Save")): Object: 'Object Repository/Data Driven/language/Page_Town Square - team1612499 Mattermost/button_Save' is clicked on

2020-06-05 15:25:37 - [MESSAGE][PASSED] - Object: 'Object Repository/Data Driven/language/Page_Town Square - team1612499 Mattermost/button_Save' is clicked on

2020-06-05 15:25:37 - [TEST_STEP][PASSED] - closeBrowser(): Browser is closed

2020-06-05 15:25:37 - [MESSAGE][PASSED] - Browser is closed]]></system-out>
         <system-err><![CDATA[]]></system-err>
      </testcase>
      <testcase name="Test Cases/internal data test case/position" time="14.602" classname="Test Cases/internal data test case/position" status="PASSED">
         <system-out><![CDATA[2020-06-05 15:25:37 - [TEST_CASE][PASSED] - Test Cases/internal data test case/position: Test Cases/internal data test case/position

2020-06-05 15:25:37 - [TEST_STEP][PASSED] - openBrowser(""): Browser is opened with url: ''

2020-06-05 15:25:37 - [MESSAGE][INFO] - Starting 'Chrome' driver

2020-06-05 15:25:37 - [MESSAGE][INFO] - Action delay is set to 0 milliseconds

2020-06-05 15:25:38 - [MESSAGE][PASSED] - Browser is opened with url: ''

2020-06-05 15:25:38 - [TEST_STEP][PASSED] - navigateToUrl("https://mattermost-aut.herokuapp.com/login"): Navigate to 'https://mattermost-aut.herokuapp.com/login' successfully

2020-06-05 15:25:41 - [MESSAGE][PASSED] - Navigate to 'https://mattermost-aut.herokuapp.com/login' successfully

2020-06-05 15:25:41 - [TEST_STEP][PASSED] - setText(findTestObject("Data Driven/nickname/Page_Mattermost/input_All team communication in one place searchable and accessible anywhere_loginId"), "phong1998"): Text 'phong1998' is set on object 'Object Repository/Data Driven/nickname/Page_Mattermost/input_All team communication in one place searchable and accessible anywhere_loginId'

2020-06-05 15:25:45 - [MESSAGE][PASSED] - Text 'phong1998' is set on object 'Object Repository/Data Driven/nickname/Page_Mattermost/input_All team communication in one place searchable and accessible anywhere_loginId'

2020-06-05 15:25:45 - [TEST_STEP][PASSED] - setEncryptedText(findTestObject("Data Driven/nickname/Page_Mattermost/input_All team communication in one place searchable and accessible anywhere_password"), "X6RAMBNCYDQ8H8PMJNlsmQ=="): Text ****** has been set on object 'Object Repository/Data Driven/nickname/Page_Mattermost/input_All team communication in one place searchable and accessible anywhere_password'

2020-06-05 15:25:46 - [MESSAGE][PASSED] - Text ****** has been set on object 'Object Repository/Data Driven/nickname/Page_Mattermost/input_All team communication in one place searchable and accessible anywhere_password'

2020-06-05 15:25:46 - [TEST_STEP][PASSED] - click(findTestObject("Data Driven/nickname/Page_Mattermost/span_Sign in")): Object: 'Object Repository/Data Driven/nickname/Page_Mattermost/span_Sign in' is clicked on

2020-06-05 15:25:46 - [MESSAGE][PASSED] - Object: 'Object Repository/Data Driven/nickname/Page_Mattermost/span_Sign in' is clicked on

2020-06-05 15:25:46 - [TEST_STEP][PASSED] - click(findTestObject("Data Driven/position/Page_Town Square - team1612499 Mattermost/svg")): Object: 'Object Repository/Data Driven/position/Page_Town Square - team1612499 Mattermost/svg' is clicked on

2020-06-05 15:25:49 - [MESSAGE][PASSED] - Object: 'Object Repository/Data Driven/position/Page_Town Square - team1612499 Mattermost/svg' is clicked on

2020-06-05 15:25:49 - [TEST_STEP][PASSED] - click(findTestObject("Data Driven/position/Page_Town Square - team1612499 Mattermost/span_Account Settings")): Object: 'Object Repository/Data Driven/position/Page_Town Square - team1612499 Mattermost/span_Account Settings' is clicked on

2020-06-05 15:25:50 - [MESSAGE][PASSED] - Object: 'Object Repository/Data Driven/position/Page_Town Square - team1612499 Mattermost/span_Account Settings' is clicked on

2020-06-05 15:25:50 - [TEST_STEP][PASSED] - click(findTestObject("Data Driven/position/Page_Town Square - team1612499 Mattermost/span_Edit")): Object: 'Object Repository/Data Driven/position/Page_Town Square - team1612499 Mattermost/span_Edit' is clicked on

2020-06-05 15:25:51 - [MESSAGE][PASSED] - Object: 'Object Repository/Data Driven/position/Page_Town Square - team1612499 Mattermost/span_Edit' is clicked on

2020-06-05 15:25:51 - [TEST_STEP][PASSED] - setText(findTestObject("Data Driven/position/Page_Town Square - team1612499 Mattermost/input_Position_position"), position): Text '' is set on object 'Object Repository/Data Driven/position/Page_Town Square - team1612499 Mattermost/input_Position_position'

2020-06-05 15:25:52 - [MESSAGE][PASSED] - Text '' is set on object 'Object Repository/Data Driven/position/Page_Town Square - team1612499 Mattermost/input_Position_position'

2020-06-05 15:25:52 - [TEST_STEP][PASSED] - click(findTestObject("Data Driven/position/Page_Town Square - team1612499 Mattermost/span_Save")): Object: 'Object Repository/Data Driven/position/Page_Town Square - team1612499 Mattermost/span_Save' is clicked on

2020-06-05 15:25:52 - [MESSAGE][PASSED] - Object: 'Object Repository/Data Driven/position/Page_Town Square - team1612499 Mattermost/span_Save' is clicked on

2020-06-05 15:25:52 - [TEST_STEP][PASSED] - closeBrowser(): Browser is closed

2020-06-05 15:25:52 - [MESSAGE][PASSED] - Browser is closed]]></system-out>
         <system-err><![CDATA[]]></system-err>
      </testcase>
      <testcase name="Test Cases/internal data test case/password" time="15.494" classname="Test Cases/internal data test case/password" status="PASSED">
         <system-out><![CDATA[2020-06-05 15:25:52 - [TEST_CASE][PASSED] - Test Cases/internal data test case/password: Test Cases/internal data test case/password

2020-06-05 15:25:52 - [TEST_STEP][PASSED] - openBrowser(""): Browser is opened with url: ''

2020-06-05 15:25:52 - [MESSAGE][INFO] - Starting 'Chrome' driver

2020-06-05 15:25:52 - [MESSAGE][INFO] - Action delay is set to 0 milliseconds

2020-06-05 15:25:53 - [MESSAGE][PASSED] - Browser is opened with url: ''

2020-06-05 15:25:53 - [TEST_STEP][PASSED] - navigateToUrl("https://mattermost-aut.herokuapp.com/login"): Navigate to 'https://mattermost-aut.herokuapp.com/login' successfully

2020-06-05 15:25:56 - [MESSAGE][PASSED] - Navigate to 'https://mattermost-aut.herokuapp.com/login' successfully

2020-06-05 15:25:56 - [TEST_STEP][PASSED] - setText(findTestObject("Data Driven/login/Page_Mattermost/input_All team communication in one place searchable and accessible anywhere_loginId"), "phong1998"): Text 'phong1998' is set on object 'Object Repository/Data Driven/login/Page_Mattermost/input_All team communication in one place searchable and accessible anywhere_loginId'

2020-06-05 15:26:00 - [MESSAGE][PASSED] - Text 'phong1998' is set on object 'Object Repository/Data Driven/login/Page_Mattermost/input_All team communication in one place searchable and accessible anywhere_loginId'

2020-06-05 15:26:00 - [TEST_STEP][PASSED] - setEncryptedText(findTestObject("Data Driven/login/Page_Mattermost/input_All team communication in one place searchable and accessible anywhere_password"), "X6RAMBNCYDQ8H8PMJNlsmQ=="): Text ****** has been set on object 'Object Repository/Data Driven/login/Page_Mattermost/input_All team communication in one place searchable and accessible anywhere_password'

2020-06-05 15:26:00 - [MESSAGE][PASSED] - Text ****** has been set on object 'Object Repository/Data Driven/login/Page_Mattermost/input_All team communication in one place searchable and accessible anywhere_password'

2020-06-05 15:26:00 - [TEST_STEP][PASSED] - click(findTestObject("Data Driven/login/Page_Mattermost/button_Sign in")): Object: 'Object Repository/Data Driven/login/Page_Mattermost/button_Sign in' is clicked on

2020-06-05 15:26:01 - [MESSAGE][PASSED] - Object: 'Object Repository/Data Driven/login/Page_Mattermost/button_Sign in' is clicked on

2020-06-05 15:26:01 - [TEST_STEP][PASSED] - click(findTestObject("Data Driven/password/Page_Town Square - team1612499 Mattermost/span")): Object: 'Object Repository/Data Driven/password/Page_Town Square - team1612499 Mattermost/span' is clicked on

2020-06-05 15:26:04 - [MESSAGE][PASSED] - Object: 'Object Repository/Data Driven/password/Page_Town Square - team1612499 Mattermost/span' is clicked on

2020-06-05 15:26:04 - [TEST_STEP][PASSED] - click(findTestObject("Data Driven/password/Page_Town Square - team1612499 Mattermost/span_Account Settings")): Object: 'Object Repository/Data Driven/password/Page_Town Square - team1612499 Mattermost/span_Account Settings' is clicked on

2020-06-05 15:26:05 - [MESSAGE][PASSED] - Object: 'Object Repository/Data Driven/password/Page_Town Square - team1612499 Mattermost/span_Account Settings' is clicked on

2020-06-05 15:26:05 - [TEST_STEP][PASSED] - click(findTestObject("Data Driven/password/Page_Town Square - team1612499 Mattermost/button_Security")): Object: 'Object Repository/Data Driven/password/Page_Town Square - team1612499 Mattermost/button_Security' is clicked on

2020-06-05 15:26:05 - [MESSAGE][PASSED] - Object: 'Object Repository/Data Driven/password/Page_Town Square - team1612499 Mattermost/button_Security' is clicked on

2020-06-05 15:26:05 - [TEST_STEP][PASSED] - click(findTestObject("Data Driven/password/Page_Town Square - team1612499 Mattermost/div_PasswordEdit")): Object: 'Object Repository/Data Driven/password/Page_Town Square - team1612499 Mattermost/div_PasswordEdit' is clicked on

2020-06-05 15:26:06 - [MESSAGE][PASSED] - Object: 'Object Repository/Data Driven/password/Page_Town Square - team1612499 Mattermost/div_PasswordEdit' is clicked on

2020-06-05 15:26:06 - [TEST_STEP][PASSED] - setEncryptedText(findTestObject("Data Driven/password/Page_Town Square - team1612499 Mattermost/input_Current Password_currentPassword"), current_password): Text ****** has been set on object 'Object Repository/Data Driven/password/Page_Town Square - team1612499 Mattermost/input_Current Password_currentPassword'

2020-06-05 15:26:06 - [MESSAGE][PASSED] - Text ****** has been set on object 'Object Repository/Data Driven/password/Page_Town Square - team1612499 Mattermost/input_Current Password_currentPassword'

2020-06-05 15:26:06 - [TEST_STEP][PASSED] - setEncryptedText(findTestObject("Data Driven/password/Page_Town Square - team1612499 Mattermost/input_New Password_newPassword"), new_password): Text ****** has been set on object 'Object Repository/Data Driven/password/Page_Town Square - team1612499 Mattermost/input_New Password_newPassword'

2020-06-05 15:26:07 - [MESSAGE][PASSED] - Text ****** has been set on object 'Object Repository/Data Driven/password/Page_Town Square - team1612499 Mattermost/input_New Password_newPassword'

2020-06-05 15:26:07 - [TEST_STEP][PASSED] - setEncryptedText(findTestObject("Data Driven/password/Page_Town Square - team1612499 Mattermost/input_Retype New Password_confirmPassword"), retype): Text ****** has been set on object 'Object Repository/Data Driven/password/Page_Town Square - team1612499 Mattermost/input_Retype New Password_confirmPassword'

2020-06-05 15:26:07 - [MESSAGE][PASSED] - Text ****** has been set on object 'Object Repository/Data Driven/password/Page_Town Square - team1612499 Mattermost/input_Retype New Password_confirmPassword'

2020-06-05 15:26:07 - [TEST_STEP][PASSED] - click(findTestObject("Data Driven/password/Page_Town Square - team1612499 Mattermost/button_Save")): Object: 'Object Repository/Data Driven/password/Page_Town Square - team1612499 Mattermost/button_Save' is clicked on

2020-06-05 15:26:07 - [MESSAGE][PASSED] - Object: 'Object Repository/Data Driven/password/Page_Town Square - team1612499 Mattermost/button_Save' is clicked on

2020-06-05 15:26:07 - [TEST_STEP][PASSED] - closeBrowser(): Browser is closed

2020-06-05 15:26:07 - [MESSAGE][PASSED] - Browser is closed]]></system-out>
         <system-err><![CDATA[]]></system-err>
      </testcase>
      <testcase name="Test Cases/internal data test case/search" time="9.842" classname="Test Cases/internal data test case/search" status="FAILED">
         <failure type="FAILED" message="Test Cases/internal data test case/search FAILED.
Reason:
com.kms.katalon.core.exception.StepFailedException: Unable to click on object 'Object Repository/Data Driven/search/Page_Town Square - team1612499 Mattermost/circle'
	at com.kms.katalon.core.webui.keyword.internal.WebUIKeywordMain.stepFailed(WebUIKeywordMain.groovy:64)
	at com.kms.katalon.core.webui.keyword.internal.WebUIKeywordMain.runKeyword(WebUIKeywordMain.groovy:26)
	at com.kms.katalon.core.webui.keyword.builtin.ClickKeyword.click(ClickKeyword.groovy:76)
	at com.kms.katalon.core.webui.keyword.builtin.ClickKeyword.execute(ClickKeyword.groovy:43)
	at com.kms.katalon.core.keyword.internal.KeywordExecutor.executeKeywordForPlatform(KeywordExecutor.groovy:72)
	at com.kms.katalon.core.webui.keyword.WebUiBuiltInKeywords.click(WebUiBuiltInKeywords.groovy:616)
	at com.kms.katalon.core.webui.keyword.WebUiBuiltInKeywords$click$3.call(Unknown Source)
	at search.run(search:32)
	at com.kms.katalon.core.main.ScriptEngine.run(ScriptEngine.java:194)
	at com.kms.katalon.core.main.ScriptEngine.runScriptAsRawText(ScriptEngine.java:119)
	at com.kms.katalon.core.main.TestCaseExecutor.runScript(TestCaseExecutor.java:337)
	at com.kms.katalon.core.main.TestCaseExecutor.doExecute(TestCaseExecutor.java:328)
	at com.kms.katalon.core.main.TestCaseExecutor.processExecutionPhase(TestCaseExecutor.java:307)
	at com.kms.katalon.core.main.TestCaseExecutor.accessMainPhase(TestCaseExecutor.java:299)
	at com.kms.katalon.core.main.TestCaseExecutor.execute(TestCaseExecutor.java:233)
	at com.kms.katalon.core.main.TestSuiteExecutor.accessTestCaseMainPhase(TestSuiteExecutor.java:169)
	at com.kms.katalon.core.main.TestSuiteExecutor.accessTestSuiteMainPhase(TestSuiteExecutor.java:142)
	at com.kms.katalon.core.main.TestSuiteExecutor.execute(TestSuiteExecutor.java:91)
	at com.kms.katalon.core.main.TestCaseMain.startTestSuite(TestCaseMain.java:157)
	at com.kms.katalon.core.main.TestCaseMain$startTestSuite$0.call(Unknown Source)
	at TempTestSuite1591345317087.run(TempTestSuite1591345317087.groovy:37)
Caused by: java.lang.IndexOutOfBoundsException: Index: 0, Size: 0
	at com.kms.katalon.core.webui.common.WebUiCommonHelper.buildLocator(WebUiCommonHelper.java:517)
	at com.kms.katalon.core.webui.common.WebUiCommonHelper.findWebElements(WebUiCommonHelper.java:767)
	at com.kms.katalon.core.webui.common.WebUiCommonHelper.findWebElement(WebUiCommonHelper.java:1150)
	at com.kms.katalon.core.webui.keyword.internal.WebUIAbstractKeyword.findWebElement(WebUIAbstractKeyword.groovy:27)
	at com.kms.katalon.core.webui.keyword.internal.WebUIAbstractKeyword.findWebElement(WebUIAbstractKeyword.groovy:26)
	at com.kms.katalon.core.webui.keyword.builtin.ClickKeyword$_click_closure1.doCall(ClickKeyword.groovy:67)
	at com.kms.katalon.core.webui.keyword.builtin.ClickKeyword$_click_closure1.call(ClickKeyword.groovy)
	at com.kms.katalon.core.webui.keyword.internal.WebUIKeywordMain.runKeyword(WebUIKeywordMain.groovy:20)
	... 19 more
"/>
         <system-out><![CDATA[2020-06-05 15:26:07 - [TEST_CASE][FAILED] - Test Cases/internal data test case/search: Test Cases/internal data test case/search FAILED.
Reason:
com.kms.katalon.core.exception.StepFailedException: Unable to click on object 'Object Repository/Data Driven/search/Page_Town Square - team1612499 Mattermost/circle'
	at com.kms.katalon.core.webui.keyword.internal.WebUIKeywordMain.stepFailed(WebUIKeywordMain.groovy:64)
	at com.kms.katalon.core.webui.keyword.internal.WebUIKeywordMain.runKeyword(WebUIKeywordMain.groovy:26)
	at com.kms.katalon.core.webui.keyword.builtin.ClickKeyword.click(ClickKeyword.groovy:76)
	at com.kms.katalon.core.webui.keyword.builtin.ClickKeyword.execute(ClickKeyword.groovy:43)
	at com.kms.katalon.core.keyword.internal.KeywordExecutor.executeKeywordForPlatform(KeywordExecutor.groovy:72)
	at com.kms.katalon.core.webui.keyword.WebUiBuiltInKeywords.click(WebUiBuiltInKeywords.groovy:616)
	at com.kms.katalon.core.webui.keyword.WebUiBuiltInKeywords$click$3.call(Unknown Source)
	at search.run(search:32)
	at com.kms.katalon.core.main.ScriptEngine.run(ScriptEngine.java:194)
	at com.kms.katalon.core.main.ScriptEngine.runScriptAsRawText(ScriptEngine.java:119)
	at com.kms.katalon.core.main.TestCaseExecutor.runScript(TestCaseExecutor.java:337)
	at com.kms.katalon.core.main.TestCaseExecutor.doExecute(TestCaseExecutor.java:328)
	at com.kms.katalon.core.main.TestCaseExecutor.processExecutionPhase(TestCaseExecutor.java:307)
	at com.kms.katalon.core.main.TestCaseExecutor.accessMainPhase(TestCaseExecutor.java:299)
	at com.kms.katalon.core.main.TestCaseExecutor.execute(TestCaseExecutor.java:233)
	at com.kms.katalon.core.main.TestSuiteExecutor.accessTestCaseMainPhase(TestSuiteExecutor.java:169)
	at com.kms.katalon.core.main.TestSuiteExecutor.accessTestSuiteMainPhase(TestSuiteExecutor.java:142)
	at com.kms.katalon.core.main.TestSuiteExecutor.execute(TestSuiteExecutor.java:91)
	at com.kms.katalon.core.main.TestCaseMain.startTestSuite(TestCaseMain.java:157)
	at com.kms.katalon.core.main.TestCaseMain$startTestSuite$0.call(Unknown Source)
	at TempTestSuite1591345317087.run(TempTestSuite1591345317087.groovy:37)
Caused by: java.lang.IndexOutOfBoundsException: Index: 0, Size: 0
	at com.kms.katalon.core.webui.common.WebUiCommonHelper.buildLocator(WebUiCommonHelper.java:517)
	at com.kms.katalon.core.webui.common.WebUiCommonHelper.findWebElements(WebUiCommonHelper.java:767)
	at com.kms.katalon.core.webui.common.WebUiCommonHelper.findWebElement(WebUiCommonHelper.java:1150)
	at com.kms.katalon.core.webui.keyword.internal.WebUIAbstractKeyword.findWebElement(WebUIAbstractKeyword.groovy:27)
	at com.kms.katalon.core.webui.keyword.internal.WebUIAbstractKeyword.findWebElement(WebUIAbstractKeyword.groovy:26)
	at com.kms.katalon.core.webui.keyword.builtin.ClickKeyword$_click_closure1.doCall(ClickKeyword.groovy:67)
	at com.kms.katalon.core.webui.keyword.builtin.ClickKeyword$_click_closure1.call(ClickKeyword.groovy)
	at com.kms.katalon.core.webui.keyword.internal.WebUIKeywordMain.runKeyword(WebUIKeywordMain.groovy:20)
	... 19 more


2020-06-05 15:26:08 - [TEST_STEP][PASSED] - openBrowser(""): Browser is opened with url: ''

2020-06-05 15:26:08 - [MESSAGE][INFO] - Starting 'Chrome' driver

2020-06-05 15:26:08 - [MESSAGE][INFO] - Action delay is set to 0 milliseconds

2020-06-05 15:26:08 - [MESSAGE][PASSED] - Browser is opened with url: ''

2020-06-05 15:26:08 - [TEST_STEP][PASSED] - navigateToUrl("https://mattermost-aut.herokuapp.com/login"): Navigate to 'https://mattermost-aut.herokuapp.com/login' successfully

2020-06-05 15:26:11 - [MESSAGE][PASSED] - Navigate to 'https://mattermost-aut.herokuapp.com/login' successfully

2020-06-05 15:26:11 - [TEST_STEP][PASSED] - setText(findTestObject("Data Driven/login/Page_Mattermost/input_All team communication in one place searchable and accessible anywhere_loginId"), "phong1998"): Text 'phong1998' is set on object 'Object Repository/Data Driven/login/Page_Mattermost/input_All team communication in one place searchable and accessible anywhere_loginId'

2020-06-05 15:26:16 - [MESSAGE][PASSED] - Text 'phong1998' is set on object 'Object Repository/Data Driven/login/Page_Mattermost/input_All team communication in one place searchable and accessible anywhere_loginId'

2020-06-05 15:26:16 - [TEST_STEP][PASSED] - setEncryptedText(findTestObject("Data Driven/login/Page_Mattermost/input_All team communication in one place searchable and accessible anywhere_password"), "X6RAMBNCYDQ8H8PMJNlsmQ=="): Text ****** has been set on object 'Object Repository/Data Driven/login/Page_Mattermost/input_All team communication in one place searchable and accessible anywhere_password'

2020-06-05 15:26:17 - [MESSAGE][PASSED] - Text ****** has been set on object 'Object Repository/Data Driven/login/Page_Mattermost/input_All team communication in one place searchable and accessible anywhere_password'

2020-06-05 15:26:17 - [TEST_STEP][PASSED] - click(findTestObject("Data Driven/direct-message/Page_Mattermost/button_Sign in")): Object: 'Object Repository/Data Driven/direct-message/Page_Mattermost/button_Sign in' is clicked on

2020-06-05 15:26:17 - [MESSAGE][PASSED] - Object: 'Object Repository/Data Driven/direct-message/Page_Mattermost/button_Sign in' is clicked on

2020-06-05 15:26:17 - [TEST_STEP][FAILED] - click(findTestObject("Data Driven/search/Page_Town Square - team1612499 Mattermost/circle")): Unable to click on object 'Object Repository/Data Driven/search/Page_Town Square - team1612499 Mattermost/circle' (Root cause: com.kms.katalon.core.exception.StepFailedException: Unable to click on object 'Object Repository/Data Driven/search/Page_Town Square - team1612499 Mattermost/circle'
	at com.kms.katalon.core.webui.keyword.internal.WebUIKeywordMain.stepFailed(WebUIKeywordMain.groovy:64)
	at com.kms.katalon.core.webui.keyword.internal.WebUIKeywordMain.runKeyword(WebUIKeywordMain.groovy:26)
	at com.kms.katalon.core.webui.keyword.builtin.ClickKeyword.click(ClickKeyword.groovy:76)
	at com.kms.katalon.core.webui.keyword.builtin.ClickKeyword.execute(ClickKeyword.groovy:43)
	at com.kms.katalon.core.keyword.internal.KeywordExecutor.executeKeywordForPlatform(KeywordExecutor.groovy:72)
	at com.kms.katalon.core.webui.keyword.WebUiBuiltInKeywords.click(WebUiBuiltInKeywords.groovy:616)
	at com.kms.katalon.core.webui.keyword.WebUiBuiltInKeywords$click$3.call(Unknown Source)
	at search.run(search:32)
	at com.kms.katalon.core.main.ScriptEngine.run(ScriptEngine.java:194)
	at com.kms.katalon.core.main.ScriptEngine.runScriptAsRawText(ScriptEngine.java:119)
	at com.kms.katalon.core.main.TestCaseExecutor.runScript(TestCaseExecutor.java:337)
	at com.kms.katalon.core.main.TestCaseExecutor.doExecute(TestCaseExecutor.java:328)
	at com.kms.katalon.core.main.TestCaseExecutor.processExecutionPhase(TestCaseExecutor.java:307)
	at com.kms.katalon.core.main.TestCaseExecutor.accessMainPhase(TestCaseExecutor.java:299)
	at com.kms.katalon.core.main.TestCaseExecutor.execute(TestCaseExecutor.java:233)
	at com.kms.katalon.core.main.TestSuiteExecutor.accessTestCaseMainPhase(TestSuiteExecutor.java:169)
	at com.kms.katalon.core.main.TestSuiteExecutor.accessTestSuiteMainPhase(TestSuiteExecutor.java:142)
	at com.kms.katalon.core.main.TestSuiteExecutor.execute(TestSuiteExecutor.java:91)
	at com.kms.katalon.core.main.TestCaseMain.startTestSuite(TestCaseMain.java:157)
	at com.kms.katalon.core.main.TestCaseMain$startTestSuite$0.call(Unknown Source)
	at TempTestSuite1591345317087.run(TempTestSuite1591345317087.groovy:37)
Caused by: java.lang.IndexOutOfBoundsException: Index: 0, Size: 0
	at com.kms.katalon.core.webui.common.WebUiCommonHelper.buildLocator(WebUiCommonHelper.java:517)
	at com.kms.katalon.core.webui.common.WebUiCommonHelper.findWebElements(WebUiCommonHelper.java:767)
	at com.kms.katalon.core.webui.common.WebUiCommonHelper.findWebElement(WebUiCommonHelper.java:1150)
	at com.kms.katalon.core.webui.keyword.internal.WebUIAbstractKeyword.findWebElement(WebUIAbstractKeyword.groovy:27)
	at com.kms.katalon.core.webui.keyword.internal.WebUIAbstractKeyword.findWebElement(WebUIAbstractKeyword.groovy:26)
	at com.kms.katalon.core.webui.keyword.builtin.ClickKeyword$_click_closure1.doCall(ClickKeyword.groovy:67)
	at com.kms.katalon.core.webui.keyword.builtin.ClickKeyword$_click_closure1.call(ClickKeyword.groovy)
	at com.kms.katalon.core.webui.keyword.internal.WebUIKeywordMain.runKeyword(WebUIKeywordMain.groovy:20)
	at com.kms.katalon.core.webui.keyword.builtin.ClickKeyword.click(ClickKeyword.groovy:76)
	at com.kms.katalon.core.webui.keyword.builtin.ClickKeyword.execute(ClickKeyword.groovy:43)
	at com.kms.katalon.core.keyword.internal.KeywordExecutor.executeKeywordForPlatform(KeywordExecutor.groovy:72)
	at com.kms.katalon.core.webui.keyword.WebUiBuiltInKeywords.click(WebUiBuiltInKeywords.groovy:616)
	at com.kms.katalon.core.webui.keyword.WebUiBuiltInKeywords$click$3.call(Unknown Source)
	at Script1591296565402.run(Script1591296565402.groovy:32)
	... 13 more
)

2020-06-05 15:26:17 - [MESSAGE][FAILED] - Unable to click on object 'Object Repository/Data Driven/search/Page_Town Square - team1612499 Mattermost/circle' (Root cause: com.kms.katalon.core.exception.StepFailedException: Unable to click on object 'Object Repository/Data Driven/search/Page_Town Square - team1612499 Mattermost/circle'
	at com.kms.katalon.core.webui.keyword.internal.WebUIKeywordMain.stepFailed(WebUIKeywordMain.groovy:64)
	at com.kms.katalon.core.webui.keyword.internal.WebUIKeywordMain.runKeyword(WebUIKeywordMain.groovy:26)
	at com.kms.katalon.core.webui.keyword.builtin.ClickKeyword.click(ClickKeyword.groovy:76)
	at com.kms.katalon.core.webui.keyword.builtin.ClickKeyword.execute(ClickKeyword.groovy:43)
	at com.kms.katalon.core.keyword.internal.KeywordExecutor.executeKeywordForPlatform(KeywordExecutor.groovy:72)
	at com.kms.katalon.core.webui.keyword.WebUiBuiltInKeywords.click(WebUiBuiltInKeywords.groovy:616)
	at com.kms.katalon.core.webui.keyword.WebUiBuiltInKeywords$click$3.call(Unknown Source)
	at search.run(search:32)
	at com.kms.katalon.core.main.ScriptEngine.run(ScriptEngine.java:194)
	at com.kms.katalon.core.main.ScriptEngine.runScriptAsRawText(ScriptEngine.java:119)
	at com.kms.katalon.core.main.TestCaseExecutor.runScript(TestCaseExecutor.java:337)
	at com.kms.katalon.core.main.TestCaseExecutor.doExecute(TestCaseExecutor.java:328)
	at com.kms.katalon.core.main.TestCaseExecutor.processExecutionPhase(TestCaseExecutor.java:307)
	at com.kms.katalon.core.main.TestCaseExecutor.accessMainPhase(TestCaseExecutor.java:299)
	at com.kms.katalon.core.main.TestCaseExecutor.execute(TestCaseExecutor.java:233)
	at com.kms.katalon.core.main.TestSuiteExecutor.accessTestCaseMainPhase(TestSuiteExecutor.java:169)
	at com.kms.katalon.core.main.TestSuiteExecutor.accessTestSuiteMainPhase(TestSuiteExecutor.java:142)
	at com.kms.katalon.core.main.TestSuiteExecutor.execute(TestSuiteExecutor.java:91)
	at com.kms.katalon.core.main.TestCaseMain.startTestSuite(TestCaseMain.java:157)
	at com.kms.katalon.core.main.TestCaseMain$startTestSuite$0.call(Unknown Source)
	at TempTestSuite1591345317087.run(TempTestSuite1591345317087.groovy:37)
Caused by: java.lang.IndexOutOfBoundsException: Index: 0, Size: 0
	at com.kms.katalon.core.webui.common.WebUiCommonHelper.buildLocator(WebUiCommonHelper.java:517)
	at com.kms.katalon.core.webui.common.WebUiCommonHelper.findWebElements(WebUiCommonHelper.java:767)
	at com.kms.katalon.core.webui.common.WebUiCommonHelper.findWebElement(WebUiCommonHelper.java:1150)
	at com.kms.katalon.core.webui.keyword.internal.WebUIAbstractKeyword.findWebElement(WebUIAbstractKeyword.groovy:27)
	at com.kms.katalon.core.webui.keyword.internal.WebUIAbstractKeyword.findWebElement(WebUIAbstractKeyword.groovy:26)
	at com.kms.katalon.core.webui.keyword.builtin.ClickKeyword$_click_closure1.doCall(ClickKeyword.groovy:67)
	at com.kms.katalon.core.webui.keyword.builtin.ClickKeyword$_click_closure1.call(ClickKeyword.groovy)
	at com.kms.katalon.core.webui.keyword.internal.WebUIKeywordMain.runKeyword(WebUIKeywordMain.groovy:20)
	at com.kms.katalon.core.webui.keyword.builtin.ClickKeyword.click(ClickKeyword.groovy:76)
	at com.kms.katalon.core.webui.keyword.builtin.ClickKeyword.execute(ClickKeyword.groovy:43)
	at com.kms.katalon.core.keyword.internal.KeywordExecutor.executeKeywordForPlatform(KeywordExecutor.groovy:72)
	at com.kms.katalon.core.webui.keyword.WebUiBuiltInKeywords.click(WebUiBuiltInKeywords.groovy:616)
	at com.kms.katalon.core.webui.keyword.WebUiBuiltInKeywords$click$3.call(Unknown Source)
	at Script1591296565402.run(Script1591296565402.groovy:32)
	... 13 more
)
[[ATTACHMENT|/home/phat/Downloads/katalon/mattermost-webapp/Reports/20200605_152157/Run all test cases/20200605_152157/1591345577651.png]]]]></system-out>
         <system-err><![CDATA[2020-06-05 15:26:07 - [TEST_CASE][FAILED] - Test Cases/internal data test case/search: Test Cases/internal data test case/search FAILED.
Reason:
com.kms.katalon.core.exception.StepFailedException: Unable to click on object 'Object Repository/Data Driven/search/Page_Town Square - team1612499 Mattermost/circle'
	at com.kms.katalon.core.webui.keyword.internal.WebUIKeywordMain.stepFailed(WebUIKeywordMain.groovy:64)
	at com.kms.katalon.core.webui.keyword.internal.WebUIKeywordMain.runKeyword(WebUIKeywordMain.groovy:26)
	at com.kms.katalon.core.webui.keyword.builtin.ClickKeyword.click(ClickKeyword.groovy:76)
	at com.kms.katalon.core.webui.keyword.builtin.ClickKeyword.execute(ClickKeyword.groovy:43)
	at com.kms.katalon.core.keyword.internal.KeywordExecutor.executeKeywordForPlatform(KeywordExecutor.groovy:72)
	at com.kms.katalon.core.webui.keyword.WebUiBuiltInKeywords.click(WebUiBuiltInKeywords.groovy:616)
	at com.kms.katalon.core.webui.keyword.WebUiBuiltInKeywords$click$3.call(Unknown Source)
	at search.run(search:32)
	at com.kms.katalon.core.main.ScriptEngine.run(ScriptEngine.java:194)
	at com.kms.katalon.core.main.ScriptEngine.runScriptAsRawText(ScriptEngine.java:119)
	at com.kms.katalon.core.main.TestCaseExecutor.runScript(TestCaseExecutor.java:337)
	at com.kms.katalon.core.main.TestCaseExecutor.doExecute(TestCaseExecutor.java:328)
	at com.kms.katalon.core.main.TestCaseExecutor.processExecutionPhase(TestCaseExecutor.java:307)
	at com.kms.katalon.core.main.TestCaseExecutor.accessMainPhase(TestCaseExecutor.java:299)
	at com.kms.katalon.core.main.TestCaseExecutor.execute(TestCaseExecutor.java:233)
	at com.kms.katalon.core.main.TestSuiteExecutor.accessTestCaseMainPhase(TestSuiteExecutor.java:169)
	at com.kms.katalon.core.main.TestSuiteExecutor.accessTestSuiteMainPhase(TestSuiteExecutor.java:142)
	at com.kms.katalon.core.main.TestSuiteExecutor.execute(TestSuiteExecutor.java:91)
	at com.kms.katalon.core.main.TestCaseMain.startTestSuite(TestCaseMain.java:157)
	at com.kms.katalon.core.main.TestCaseMain$startTestSuite$0.call(Unknown Source)
	at TempTestSuite1591345317087.run(TempTestSuite1591345317087.groovy:37)
Caused by: java.lang.IndexOutOfBoundsException: Index: 0, Size: 0
	at com.kms.katalon.core.webui.common.WebUiCommonHelper.buildLocator(WebUiCommonHelper.java:517)
	at com.kms.katalon.core.webui.common.WebUiCommonHelper.findWebElements(WebUiCommonHelper.java:767)
	at com.kms.katalon.core.webui.common.WebUiCommonHelper.findWebElement(WebUiCommonHelper.java:1150)
	at com.kms.katalon.core.webui.keyword.internal.WebUIAbstractKeyword.findWebElement(WebUIAbstractKeyword.groovy:27)
	at com.kms.katalon.core.webui.keyword.internal.WebUIAbstractKeyword.findWebElement(WebUIAbstractKeyword.groovy:26)
	at com.kms.katalon.core.webui.keyword.builtin.ClickKeyword$_click_closure1.doCall(ClickKeyword.groovy:67)
	at com.kms.katalon.core.webui.keyword.builtin.ClickKeyword$_click_closure1.call(ClickKeyword.groovy)
	at com.kms.katalon.core.webui.keyword.internal.WebUIKeywordMain.runKeyword(WebUIKeywordMain.groovy:20)
	... 19 more]]></system-err>
      </testcase>
      <testcase name="Test Cases/internal data test case/full-name" time="15.34" classname="Test Cases/internal data test case/full-name" status="PASSED">
         <system-out><![CDATA[2020-06-05 15:26:17 - [TEST_CASE][PASSED] - Test Cases/internal data test case/full-name: Test Cases/internal data test case/full-name

2020-06-05 15:26:17 - [TEST_STEP][PASSED] - openBrowser(""): Browser is opened with url: ''

2020-06-05 15:26:17 - [MESSAGE][WARNING] - A browser is already opened. Closing browser and opening a new one

2020-06-05 15:26:17 - [MESSAGE][INFO] - Starting 'Chrome' driver

2020-06-05 15:26:17 - [MESSAGE][INFO] - Action delay is set to 0 milliseconds

2020-06-05 15:26:18 - [MESSAGE][PASSED] - Browser is opened with url: ''

2020-06-05 15:26:18 - [TEST_STEP][PASSED] - navigateToUrl("https://mattermost-aut.herokuapp.com/login"): Navigate to 'https://mattermost-aut.herokuapp.com/login' successfully

2020-06-05 15:26:21 - [MESSAGE][PASSED] - Navigate to 'https://mattermost-aut.herokuapp.com/login' successfully

2020-06-05 15:26:21 - [TEST_STEP][PASSED] - setText(findTestObject("Data Driven/login/Page_Mattermost/input_All team communication in one place searchable and accessible anywhere_loginId"), "phong1998"): Text 'phong1998' is set on object 'Object Repository/Data Driven/login/Page_Mattermost/input_All team communication in one place searchable and accessible anywhere_loginId'

2020-06-05 15:26:25 - [MESSAGE][PASSED] - Text 'phong1998' is set on object 'Object Repository/Data Driven/login/Page_Mattermost/input_All team communication in one place searchable and accessible anywhere_loginId'

2020-06-05 15:26:25 - [TEST_STEP][PASSED] - setEncryptedText(findTestObject("Data Driven/login/Page_Mattermost/input_All team communication in one place searchable and accessible anywhere_password"), "X6RAMBNCYDQ8H8PMJNlsmQ=="): Text ****** has been set on object 'Object Repository/Data Driven/login/Page_Mattermost/input_All team communication in one place searchable and accessible anywhere_password'

2020-06-05 15:26:26 - [MESSAGE][PASSED] - Text ****** has been set on object 'Object Repository/Data Driven/login/Page_Mattermost/input_All team communication in one place searchable and accessible anywhere_password'

2020-06-05 15:26:26 - [TEST_STEP][PASSED] - click(findTestObject("Data Driven/login/Page_Mattermost/button_Sign in")): Object: 'Object Repository/Data Driven/login/Page_Mattermost/button_Sign in' is clicked on

2020-06-05 15:26:26 - [MESSAGE][PASSED] - Object: 'Object Repository/Data Driven/login/Page_Mattermost/button_Sign in' is clicked on

2020-06-05 15:26:26 - [TEST_STEP][PASSED] - click(findTestObject("Data Driven/full-name/Page_Town Square - team1612499 Mattermost/span")): Object: 'Object Repository/Data Driven/full-name/Page_Town Square - team1612499 Mattermost/span' is clicked on

2020-06-05 15:26:29 - [MESSAGE][PASSED] - Object: 'Object Repository/Data Driven/full-name/Page_Town Square - team1612499 Mattermost/span' is clicked on

2020-06-05 15:26:29 - [TEST_STEP][PASSED] - click(findTestObject("Data Driven/full-name/Page_Town Square - team1612499 Mattermost/span_Account Settings")): Object: 'Object Repository/Data Driven/full-name/Page_Town Square - team1612499 Mattermost/span_Account Settings' is clicked on

2020-06-05 15:26:30 - [MESSAGE][PASSED] - Object: 'Object Repository/Data Driven/full-name/Page_Town Square - team1612499 Mattermost/span_Account Settings' is clicked on

2020-06-05 15:26:30 - [TEST_STEP][PASSED] - click(findTestObject("Data Driven/full-name/Page_Town Square - team1612499 Mattermost/span_Edit")): Object: 'Object Repository/Data Driven/full-name/Page_Town Square - team1612499 Mattermost/span_Edit' is clicked on

2020-06-05 15:26:31 - [MESSAGE][PASSED] - Object: 'Object Repository/Data Driven/full-name/Page_Town Square - team1612499 Mattermost/span_Edit' is clicked on

2020-06-05 15:26:31 - [TEST_STEP][PASSED] - setText(findTestObject("Data Driven/full-name/Page_Town Square - team1612499 Mattermost/input_First Name_firstName"), first_name): Text '' is set on object 'Object Repository/Data Driven/full-name/Page_Town Square - team1612499 Mattermost/input_First Name_firstName'

2020-06-05 15:26:32 - [MESSAGE][PASSED] - Text '' is set on object 'Object Repository/Data Driven/full-name/Page_Town Square - team1612499 Mattermost/input_First Name_firstName'

2020-06-05 15:26:32 - [TEST_STEP][PASSED] - setText(findTestObject("Data Driven/full-name/Page_Town Square - team1612499 Mattermost/input_Last Name_lastName"), last_name): Text '' is set on object 'Object Repository/Data Driven/full-name/Page_Town Square - team1612499 Mattermost/input_Last Name_lastName'

2020-06-05 15:26:32 - [MESSAGE][PASSED] - Text '' is set on object 'Object Repository/Data Driven/full-name/Page_Town Square - team1612499 Mattermost/input_Last Name_lastName'

2020-06-05 15:26:32 - [TEST_STEP][PASSED] - click(findTestObject("Data Driven/full-name/Page_Town Square - team1612499 Mattermost/span_Save")): Object: 'Object Repository/Data Driven/full-name/Page_Town Square - team1612499 Mattermost/span_Save' is clicked on

2020-06-05 15:26:33 - [MESSAGE][PASSED] - Object: 'Object Repository/Data Driven/full-name/Page_Town Square - team1612499 Mattermost/span_Save' is clicked on

2020-06-05 15:26:33 - [TEST_STEP][PASSED] - closeBrowser(): Browser is closed

2020-06-05 15:26:33 - [MESSAGE][PASSED] - Browser is closed]]></system-out>
         <system-err><![CDATA[]]></system-err>
      </testcase>
      <system-out><![CDATA[2020-06-05 15:21:58 - [TEST_SUITE][FAILED] - Run all test cases: Test Cases/csv test case/public-channel FAILED.
Reason:
com.kms.katalon.core.exception.StepFailedException: Unable to click on object
	at com.kms.katalon.core.webui.keyword.internal.WebUIKeywordMain.stepFailed(WebUIKeywordMain.groovy:64)
	at com.kms.katalon.core.webui.keyword.internal.WebUIKeywordMain.runKeyword(WebUIKeywordMain.groovy:26)
	at com.kms.katalon.core.webui.keyword.builtin.ClickKeyword.click(ClickKeyword.groovy:76)
	at com.kms.katalon.core.webui.keyword.builtin.ClickKeyword.execute(ClickKeyword.groovy:43)
	at com.kms.katalon.core.keyword.internal.KeywordExecutor.executeKeywordForPlatform(KeywordExecutor.groovy:72)
	at com.kms.katalon.core.webui.keyword.WebUiBuiltInKeywords.click(WebUiBuiltInKeywords.groovy:616)
	at com.kms.katalon.core.webui.keyword.WebUiBuiltInKeywords$click$3.call(Unknown Source)
	at public-channel.run(public-channel:42)
	at com.kms.katalon.core.main.ScriptEngine.run(ScriptEngine.java:194)
	at com.kms.katalon.core.main.ScriptEngine.runScriptAsRawText(ScriptEngine.java:119)
	at com.kms.katalon.core.main.TestCaseExecutor.runScript(TestCaseExecutor.java:337)
	at com.kms.katalon.core.main.TestCaseExecutor.doExecute(TestCaseExecutor.java:328)
	at com.kms.katalon.core.main.TestCaseExecutor.processExecutionPhase(TestCaseExecutor.java:307)
	at com.kms.katalon.core.main.TestCaseExecutor.accessMainPhase(TestCaseExecutor.java:299)
	at com.kms.katalon.core.main.TestCaseExecutor.execute(TestCaseExecutor.java:233)
	at com.kms.katalon.core.main.TestSuiteExecutor.accessTestCaseMainPhase(TestSuiteExecutor.java:169)
	at com.kms.katalon.core.main.TestSuiteExecutor.accessTestSuiteMainPhase(TestSuiteExecutor.java:142)
	at com.kms.katalon.core.main.TestSuiteExecutor.execute(TestSuiteExecutor.java:91)
	at com.kms.katalon.core.main.TestCaseMain.startTestSuite(TestCaseMain.java:157)
	at com.kms.katalon.core.main.TestCaseMain$startTestSuite$0.call(Unknown Source)
	at TempTestSuite1591345317087.run(TempTestSuite1591345317087.groovy:37)
Caused by: java.lang.IllegalArgumentException: Object is null
	at com.kms.katalon.core.helper.KeywordHelper.checkTestObjectParameter(KeywordHelper.java:33)
	at com.kms.katalon.core.webui.keyword.builtin.ClickKeyword$_click_closure1.doCall(ClickKeyword.groovy:65)
	at com.kms.katalon.core.webui.keyword.builtin.ClickKeyword$_click_closure1.call(ClickKeyword.groovy)
	at com.kms.katalon.core.webui.keyword.internal.WebUIKeywordMain.runKeyword(WebUIKeywordMain.groovy:20)
	... 19 more]]></system-out>
      <system-err><![CDATA[2020-06-05 15:21:58 - [TEST_SUITE][FAILED] - Run all test cases: Test Cases/csv test case/public-channel FAILED.
Reason:
com.kms.katalon.core.exception.StepFailedException: Unable to click on object
	at com.kms.katalon.core.webui.keyword.internal.WebUIKeywordMain.stepFailed(WebUIKeywordMain.groovy:64)
	at com.kms.katalon.core.webui.keyword.internal.WebUIKeywordMain.runKeyword(WebUIKeywordMain.groovy:26)
	at com.kms.katalon.core.webui.keyword.builtin.ClickKeyword.click(ClickKeyword.groovy:76)
	at com.kms.katalon.core.webui.keyword.builtin.ClickKeyword.execute(ClickKeyword.groovy:43)
	at com.kms.katalon.core.keyword.internal.KeywordExecutor.executeKeywordForPlatform(KeywordExecutor.groovy:72)
	at com.kms.katalon.core.webui.keyword.WebUiBuiltInKeywords.click(WebUiBuiltInKeywords.groovy:616)
	at com.kms.katalon.core.webui.keyword.WebUiBuiltInKeywords$click$3.call(Unknown Source)
	at public-channel.run(public-channel:42)
	at com.kms.katalon.core.main.ScriptEngine.run(ScriptEngine.java:194)
	at com.kms.katalon.core.main.ScriptEngine.runScriptAsRawText(ScriptEngine.java:119)
	at com.kms.katalon.core.main.TestCaseExecutor.runScript(TestCaseExecutor.java:337)
	at com.kms.katalon.core.main.TestCaseExecutor.doExecute(TestCaseExecutor.java:328)
	at com.kms.katalon.core.main.TestCaseExecutor.processExecutionPhase(TestCaseExecutor.java:307)
	at com.kms.katalon.core.main.TestCaseExecutor.accessMainPhase(TestCaseExecutor.java:299)
	at com.kms.katalon.core.main.TestCaseExecutor.execute(TestCaseExecutor.java:233)
	at com.kms.katalon.core.main.TestSuiteExecutor.accessTestCaseMainPhase(TestSuiteExecutor.java:169)
	at com.kms.katalon.core.main.TestSuiteExecutor.accessTestSuiteMainPhase(TestSuiteExecutor.java:142)
	at com.kms.katalon.core.main.TestSuiteExecutor.execute(TestSuiteExecutor.java:91)
	at com.kms.katalon.core.main.TestCaseMain.startTestSuite(TestCaseMain.java:157)
	at com.kms.katalon.core.main.TestCaseMain$startTestSuite$0.call(Unknown Source)
	at TempTestSuite1591345317087.run(TempTestSuite1591345317087.groovy:37)
Caused by: java.lang.IllegalArgumentException: Object is null
	at com.kms.katalon.core.helper.KeywordHelper.checkTestObjectParameter(KeywordHelper.java:33)
	at com.kms.katalon.core.webui.keyword.builtin.ClickKeyword$_click_closure1.doCall(ClickKeyword.groovy:65)
	at com.kms.katalon.core.webui.keyword.builtin.ClickKeyword$_click_closure1.call(ClickKeyword.groovy)
	at com.kms.katalon.core.webui.keyword.internal.WebUIKeywordMain.runKeyword(WebUIKeywordMain.groovy:20)
	... 19 more]]></system-err>
   </testsuite>
</testsuites>
